<?xml version="1.0" encoding="UTF-8"?>
<coverage generated="1522005726905" clover="3.2.0">
  <project timestamp="1522005726905" name="All files">
    <metrics statements="377" coveredstatements="274" conditionals="324" coveredconditionals="271" methods="208" coveredmethods="123" elements="909" coveredelements="668" complexity="0" loc="377" ncloc="377" packages="1" files="1" classes="1">
      <file name="index.js" path="/var/www/html/arraymore/index.js">
        <metrics statements="377" coveredstatements="274" conditionals="324" coveredconditionals="271" methods="208" coveredmethods="123"/>
        <line num="4" count="182" type="stmt"/>
        <line num="8" count="32" type="stmt"/>
        <line num="12" count="18" type="stmt"/>
        <line num="16" count="220" type="stmt"/>
        <line num="20" count="31" type="cond" truecount="2" falsecount="0"/>
        <line num="21" count="18" type="stmt"/>
        <line num="23" count="13" type="stmt"/>
        <line num="27" count="5" type="cond" truecount="2" falsecount="0"/>
        <line num="28" count="3" type="stmt"/>
        <line num="30" count="2" type="stmt"/>
        <line num="31" count="3" type="stmt"/>
        <line num="36" count="20" type="cond" truecount="2" falsecount="0"/>
        <line num="37" count="17" type="stmt"/>
        <line num="39" count="3" type="stmt"/>
        <line num="40" count="5" type="stmt"/>
        <line num="45" count="9" type="cond" truecount="2" falsecount="0"/>
        <line num="46" count="1" type="stmt"/>
        <line num="48" count="8" type="cond" truecount="2" falsecount="0"/>
        <line num="49" count="2" type="stmt"/>
        <line num="52" count="6" type="stmt"/>
        <line num="53" count="6" type="stmt"/>
        <line num="54" count="6" type="stmt"/>
        <line num="55" count="20" type="stmt"/>
        <line num="56" count="20" type="stmt"/>
        <line num="57" count="33" type="stmt"/>
        <line num="59" count="20" type="cond" truecount="2" falsecount="0"/>
        <line num="60" count="12" type="stmt"/>
        <line num="63" count="6" type="stmt"/>
        <line num="67" count="22" type="stmt"/>
        <line num="71" count="10" type="cond" truecount="2" falsecount="0"/>
        <line num="72" count="3" type="stmt"/>
        <line num="74" count="7" type="stmt"/>
        <line num="78" count="789" type="cond" truecount="5" falsecount="0"/>
        <line num="79" count="4" type="stmt"/>
        <line num="81" count="785" type="cond" truecount="2" falsecount="0"/>
        <line num="82" count="770" type="stmt"/>
        <line num="84" count="15" type="stmt"/>
        <line num="85" count="15" type="cond" truecount="2" falsecount="0"/>
        <line num="86" count="1" type="stmt"/>
        <line num="88" count="14" type="stmt"/>
        <line num="92" count="7" type="stmt"/>
        <line num="95" count="7" type="stmt"/>
        <line num="99" count="19" type="stmt"/>
        <line num="100" count="19" type="stmt"/>
        <line num="103" count="19" type="stmt"/>
        <line num="110" count="528" type="cond" truecount="2" falsecount="0"/>
        <line num="111" count="518" type="stmt"/>
        <line num="140" count="528" type="stmt"/>
        <line num="150" count="1375" type="cond" truecount="5" falsecount="0"/>
        <line num="152" count="11" type="stmt"/>
        <line num="154" count="1364" type="cond" truecount="4" falsecount="0"/>
        <line num="155" count="307" type="stmt"/>
        <line num="157" count="1057" type="cond" truecount="2" falsecount="0"/>
        <line num="158" count="461" type="stmt"/>
        <line num="160" count="596" type="stmt"/>
        <line num="161" count="596" type="cond" truecount="2" falsecount="0"/>
        <line num="162" count="110" type="stmt"/>
        <line num="163" count="110" type="cond" truecount="2" falsecount="0"/>
        <line num="164" count="1" type="stmt"/>
        <line num="166" count="109" type="stmt"/>
        <line num="169" count="486" type="cond" truecount="2" falsecount="0"/>
        <line num="170" count="485" type="stmt"/>
        <line num="171" count="485" type="stmt"/>
        <line num="172" count="1077" type="stmt"/>
        <line num="173" count="1077" type="stmt"/>
        <line num="176" count="1" type="stmt"/>
        <line num="177" count="1" type="stmt"/>
        <line num="178" count="6" type="stmt"/>
        <line num="179" count="6" type="stmt"/>
        <line num="182" count="486" type="stmt"/>
        <line num="189" count="1481" type="cond" truecount="5" falsecount="0"/>
        <line num="190" count="37" type="cond" truecount="2" falsecount="0"/>
        <line num="191" count="2" type="stmt"/>
        <line num="193" count="35" type="stmt"/>
        <line num="195" count="1444" type="cond" truecount="2" falsecount="0"/>
        <line num="196" count="183" type="stmt"/>
        <line num="198" count="1261" type="stmt"/>
        <line num="208" count="916" type="stmt"/>
        <line num="210" count="916" type="cond" truecount="2" falsecount="0"/>
        <line num="211" count="1" type="stmt"/>
        <line num="213" count="915" type="cond" truecount="4" falsecount="0"/>
        <line num="214" count="175" type="stmt"/>
        <line num="216" count="740" type="stmt"/>
        <line num="220" count="916" type="stmt"/>
        <line num="222" count="916" type="cond" truecount="2" falsecount="0"/>
        <line num="223" count="1" type="stmt"/>
        <line num="225" count="915" type="cond" truecount="4" falsecount="0"/>
        <line num="226" count="202" type="stmt"/>
        <line num="228" count="713" type="stmt"/>
        <line num="232" count="916" type="cond" truecount="7" falsecount="0"/>
        <line num="236" count="32" type="stmt"/>
        <line num="239" count="884" type="cond" truecount="4" falsecount="0"/>
        <line num="240" count="160" type="stmt"/>
        <line num="243" count="724" type="cond" truecount="4" falsecount="0"/>
        <line num="244" count="25" type="stmt"/>
        <line num="251" count="699" type="cond" truecount="4" falsecount="0"/>
        <line num="252" count="15" type="stmt"/>
        <line num="255" count="684" type="cond" truecount="4" falsecount="0"/>
        <line num="256" count="6" type="stmt"/>
        <line num="259" count="678" type="cond" truecount="2" falsecount="0"/>
        <line num="260" count="97" type="stmt"/>
        <line num="263" count="581" type="stmt"/>
        <line num="270" count="31" type="cond" truecount="2" falsecount="0"/>
        <line num="271" count="5" type="stmt"/>
        <line num="272" count="5" type="stmt"/>
        <line num="274" count="31" type="stmt"/>
        <line num="275" count="31" type="cond" truecount="2" falsecount="0"/>
        <line num="276" count="27" type="stmt"/>
        <line num="277" count="27" type="stmt"/>
        <line num="278" count="247" type="stmt"/>
        <line num="281" count="4" type="stmt"/>
        <line num="282" count="4" type="stmt"/>
        <line num="283" count="19" type="stmt"/>
        <line num="286" count="31" type="stmt"/>
        <line num="293" count="486" type="stmt"/>
        <line num="294" count="486" type="cond" truecount="5" falsecount="0"/>
        <line num="295" count="21" type="cond" truecount="2" falsecount="0"/>
        <line num="297" count="465" type="stmt"/>
        <line num="299" count="486" type="stmt"/>
        <line num="309" count="684" type="cond" truecount="5" falsecount="0"/>
        <line num="310" count="8" type="stmt"/>
        <line num="312" count="676" type="cond" truecount="2" falsecount="0"/>
        <line num="313" count="239" type="cond" truecount="2" falsecount="0"/>
        <line num="314" count="235" type="stmt"/>
        <line num="316" count="4" type="stmt"/>
        <line num="318" count="437" type="cond" truecount="2" falsecount="0"/>
        <line num="319" count="28" type="cond" truecount="2" falsecount="0"/>
        <line num="320" count="24" type="stmt"/>
        <line num="322" count="4" type="stmt"/>
        <line num="324" count="409" type="stmt"/>
        <line num="332" count="151" type="cond" truecount="2" falsecount="0"/>
        <line num="333" count="2" type="stmt"/>
        <line num="335" count="149" type="stmt"/>
        <line num="336" count="149" type="cond" truecount="2" falsecount="0"/>
        <line num="337" count="135" type="stmt"/>
        <line num="340" count="14" type="stmt"/>
        <line num="346" count="371" type="stmt"/>
        <line num="350" count="7" type="cond" truecount="2" falsecount="0"/>
        <line num="351" count="1" type="stmt"/>
        <line num="353" count="6" type="cond" truecount="2" falsecount="0"/>
        <line num="354" count="3" type="stmt"/>
        <line num="356" count="5" type="stmt"/>
        <line num="360" count="184" type="stmt"/>
        <line num="364" count="198" type="stmt"/>
        <line num="365" count="198" type="cond" truecount="2" falsecount="0"/>
        <line num="366" count="28" type="stmt"/>
        <line num="369" count="170" type="cond" truecount="4" falsecount="0"/>
        <line num="370" count="12" type="stmt"/>
        <line num="373" count="158" type="cond" truecount="2" falsecount="0"/>
        <line num="374" count="8" type="stmt"/>
        <line num="376" count="18" type="stmt"/>
        <line num="381" count="150" type="cond" truecount="2" falsecount="0"/>
        <line num="383" count="255" type="stmt"/>
        <line num="385" count="443" type="stmt"/>
        <line num="395" count="56" type="stmt"/>
        <line num="397" count="94" type="cond" truecount="2" falsecount="0"/>
        <line num="399" count="179" type="stmt"/>
        <line num="401" count="336" type="stmt"/>
        <line num="411" count="1" type="stmt"/>
        <line num="413" count="93" type="stmt"/>
        <line num="417" count="7" type="stmt"/>
        <line num="419" count="25" type="cond" truecount="2" falsecount="0"/>
        <line num="425" count="7" type="stmt"/>
        <line num="427" count="25" type="cond" truecount="2" falsecount="0"/>
        <line num="433" count="50" type="stmt"/>
        <line num="435" count="176" type="stmt"/>
        <line num="441" count="8" type="stmt"/>
        <line num="443" count="5" type="stmt"/>
        <line num="449" count="14" type="stmt"/>
        <line num="450" count="14" type="stmt"/>
        <line num="452" count="10" type="stmt"/>
        <line num="453" count="40" type="stmt"/>
        <line num="459" count="11" type="stmt"/>
        <line num="461" count="9" type="stmt"/>
        <line num="462" count="34" type="stmt"/>
        <line num="465" count="34" type="stmt"/>
        <line num="466" count="34" type="stmt"/>
        <line num="467" count="34" type="stmt"/>
        <line num="476" count="5" type="stmt"/>
        <line num="480" count="40" type="stmt"/>
        <line num="484" count="6" type="stmt"/>
        <line num="488" count="473" type="cond" truecount="2" falsecount="0"/>
        <line num="492" count="385" type="stmt"/>
        <line num="496" count="7" type="stmt"/>
        <line num="499" count="21" type="stmt"/>
        <line num="509" count="15" type="cond" truecount="2" falsecount="0"/>
        <line num="510" count="16" type="stmt"/>
        <line num="511" count="16" type="stmt"/>
        <line num="512" count="16" type="stmt"/>
        <line num="516" count="128" type="cond" truecount="2" falsecount="0"/>
        <line num="517" count="9" type="stmt"/>
        <line num="519" count="119" type="cond" truecount="2" falsecount="0"/>
        <line num="520" count="19" type="stmt"/>
        <line num="522" count="100" type="stmt"/>
        <line num="527" count="40" type="cond" truecount="3" falsecount="0"/>
        <line num="528" count="2" type="stmt"/>
        <line num="530" count="65" type="stmt"/>
        <line num="531" count="14" type="cond" truecount="2" falsecount="0"/>
        <line num="532" count="10" type="stmt"/>
        <line num="534" count="4" type="stmt"/>
        <line num="540" count="5" type="stmt"/>
        <line num="541" count="6" type="stmt"/>
        <line num="546" count="10" type="stmt"/>
        <line num="547" count="10" type="stmt"/>
        <line num="548" count="53" type="stmt"/>
        <line num="553" count="5" type="stmt"/>
        <line num="554" count="8" type="stmt"/>
        <line num="559" count="236" type="cond" truecount="2" falsecount="0"/>
        <line num="560" count="190" type="stmt"/>
        <line num="562" count="46" type="stmt"/>
        <line num="568" count="117" type="cond" truecount="2" falsecount="0"/>
        <line num="569" count="10" type="stmt"/>
        <line num="571" count="107" type="stmt"/>
        <line num="573" count="117" type="stmt"/>
        <line num="577" count="177" type="cond" truecount="2" falsecount="0"/>
        <line num="578" count="162" type="stmt"/>
        <line num="580" count="15" type="cond" truecount="2" falsecount="0"/>
        <line num="581" count="1" type="stmt"/>
        <line num="583" count="14" type="stmt"/>
        <line num="584" count="53" type="cond" truecount="2" falsecount="0"/>
        <line num="589" count="92" type="cond" truecount="2" falsecount="0"/>
        <line num="590" count="19" type="stmt"/>
        <line num="592" count="73" type="stmt"/>
        <line num="593" count="373" type="stmt"/>
        <line num="601" count="119" type="cond" truecount="2" falsecount="0"/>
        <line num="602" count="26" type="stmt"/>
        <line num="604" count="93" type="stmt"/>
        <line num="612" count="36" type="stmt"/>
        <line num="616" count="7" type="stmt"/>
        <line num="620" count="18" type="stmt"/>
        <line num="624" count="154" type="stmt"/>
        <line num="628" count="71" type="stmt"/>
        <line num="632" count="3" type="stmt"/>
        <line num="636" count="29" type="stmt"/>
        <line num="640" count="22" type="stmt"/>
        <line num="644" count="22" type="stmt"/>
        <line num="648" count="7" type="stmt"/>
        <line num="651" count="48" type="stmt"/>
        <line num="652" count="4" type="stmt"/>
        <line num="657" count="5" type="stmt"/>
        <line num="660" count="40" type="stmt"/>
        <line num="661" count="4" type="stmt"/>
        <line num="666" count="31" type="cond" truecount="2" falsecount="0"/>
        <line num="667" count="13" type="stmt"/>
        <line num="669" count="31" type="cond" truecount="2" falsecount="0"/>
        <line num="670" count="4" type="stmt"/>
        <line num="672" count="27" type="stmt"/>
        <line num="673" count="54" type="stmt"/>
        <line num="677" count="54" type="stmt"/>
        <line num="683" count="18" type="cond" truecount="2" falsecount="0"/>
        <line num="684" count="4" type="stmt"/>
        <line num="686" count="18" type="stmt"/>
        <line num="688" count="29" type="cond" truecount="4" falsecount="0"/>
        <line num="689" count="14" type="stmt"/>
        <line num="691" count="15" type="cond" truecount="2" falsecount="0"/>
        <line num="692" count="2" type="stmt"/>
        <line num="694" count="13" type="stmt"/>
        <line num="699" count="29" type="stmt"/>
        <line num="705" count="14" type="stmt"/>
        <line num="707" count="42" type="cond" truecount="2" falsecount="0"/>
        <line num="708" count="6" type="stmt"/>
        <line num="710" count="36" type="stmt"/>
        <line num="715" count="0" type="cond" truecount="2" falsecount="1"/>
        <line num="716" count="7" type="stmt"/>
        <line num="719" count="0" type="cond" truecount="0" falsecount="3"/>
        <line num="720" count="0" type="stmt"/>
        <line num="724" count="0" type="stmt"/>
        <line num="728" count="0" type="cond" truecount="0" falsecount="1"/>
        <line num="729" count="0" type="cond" truecount="0" falsecount="1"/>
        <line num="730" count="0" type="cond" truecount="0" falsecount="1"/>
        <line num="732" count="0" type="stmt"/>
        <line num="736" count="0" type="cond" truecount="0" falsecount="1"/>
        <line num="737" count="0" type="cond" truecount="0" falsecount="1"/>
        <line num="738" count="0" type="cond" truecount="0" falsecount="1"/>
        <line num="740" count="0" type="stmt"/>
        <line num="744" count="0" type="cond" truecount="0" falsecount="1"/>
        <line num="745" count="0" type="cond" truecount="0" falsecount="1"/>
        <line num="746" count="0" type="cond" truecount="0" falsecount="1"/>
        <line num="748" count="0" type="stmt"/>
        <line num="752" count="0" type="cond" truecount="0" falsecount="1"/>
        <line num="753" count="0" type="cond" truecount="0" falsecount="1"/>
        <line num="754" count="0" type="cond" truecount="0" falsecount="1"/>
        <line num="756" count="0" type="stmt"/>
        <line num="764" count="7" type="stmt"/>
        <line num="765" count="7" type="stmt"/>
        <line num="766" count="7" type="stmt"/>
        <line num="768" count="7" type="stmt"/>
        <line num="772" count="7" type="stmt"/>
        <line num="776" count="7" type="stmt"/>
        <line num="778" count="7" type="stmt"/>
        <line num="779" count="7" type="stmt"/>
        <line num="781" count="7" type="stmt"/>
        <line num="786" count="21" type="stmt"/>
        <line num="794" count="0" type="cond" truecount="0" falsecount="1"/>
        <line num="795" count="0" type="cond" truecount="0" falsecount="1"/>
        <line num="796" count="0" type="cond" truecount="0" falsecount="1"/>
        <line num="798" count="0" type="stmt"/>
        <line num="803" count="0" type="cond" truecount="0" falsecount="1"/>
        <line num="804" count="0" type="cond" truecount="0" falsecount="1"/>
        <line num="805" count="0" type="cond" truecount="0" falsecount="1"/>
        <line num="807" count="0" type="stmt"/>
        <line num="812" count="0" type="cond" truecount="0" falsecount="1"/>
        <line num="813" count="0" type="cond" truecount="0" falsecount="1"/>
        <line num="814" count="0" type="cond" truecount="0" falsecount="1"/>
        <line num="816" count="0" type="stmt"/>
        <line num="826" count="0" type="cond" truecount="0" falsecount="1"/>
        <line num="827" count="0" type="cond" truecount="0" falsecount="1"/>
        <line num="828" count="0" type="cond" truecount="0" falsecount="1"/>
        <line num="830" count="0" type="stmt"/>
        <line num="831" count="0" type="stmt"/>
        <line num="832" count="0" type="stmt"/>
        <line num="834" count="0" type="stmt"/>
        <line num="835" count="0" type="stmt"/>
        <line num="836" count="0" type="cond" truecount="0" falsecount="2"/>
        <line num="837" count="0" type="stmt"/>
        <line num="838" count="0" type="stmt"/>
        <line num="839" count="0" type="stmt"/>
        <line num="840" count="0" type="stmt"/>
        <line num="842" count="0" type="stmt"/>
        <line num="849" count="0" type="stmt"/>
        <line num="856" count="0" type="stmt"/>
        <line num="860" count="0" type="stmt"/>
        <line num="864" count="0" type="stmt"/>
        <line num="868" count="0" type="stmt"/>
        <line num="872" count="0" type="stmt"/>
        <line num="875" count="0" type="cond" truecount="0" falsecount="1"/>
        <line num="876" count="0" type="stmt"/>
        <line num="877" count="0" type="stmt"/>
        <line num="881" count="0" type="cond" truecount="0" falsecount="1"/>
        <line num="882" count="0" type="stmt"/>
        <line num="883" count="0" type="stmt"/>
        <line num="888" count="0" type="stmt"/>
        <line num="890" count="0" type="stmt"/>
        <line num="891" count="0" type="stmt"/>
        <line num="892" count="0" type="stmt"/>
        <line num="897" count="0" type="stmt"/>
        <line num="899" count="0" type="stmt"/>
        <line num="900" count="0" type="stmt"/>
        <line num="901" count="0" type="stmt"/>
        <line num="906" count="0" type="stmt"/>
        <line num="908" count="0" type="stmt"/>
        <line num="909" count="0" type="stmt"/>
        <line num="910" count="0" type="stmt"/>
        <line num="915" count="0" type="stmt"/>
        <line num="917" count="0" type="stmt"/>
        <line num="918" count="0" type="stmt"/>
        <line num="919" count="0" type="stmt"/>
        <line num="923" count="0" type="cond" truecount="0" falsecount="1"/>
        <line num="924" count="0" type="stmt"/>
        <line num="926" count="0" type="stmt"/>
        <line num="934" count="0" type="cond" truecount="0" falsecount="1"/>
        <line num="935" count="0" type="stmt"/>
        <line num="937" count="0" type="stmt"/>
        <line num="946" count="0" type="stmt"/>
        <line num="947" count="0" type="stmt"/>
        <line num="951" count="0" type="stmt"/>
        <line num="952" count="0" type="stmt"/>
        <line num="956" count="0" type="stmt"/>
        <line num="957" count="0" type="stmt"/>
        <line num="958" count="0" type="stmt"/>
        <line num="962" count="0" type="stmt"/>
        <line num="963" count="0" type="stmt"/>
        <line num="964" count="0" type="stmt"/>
        <line num="967" count="0" type="cond" truecount="0" falsecount="2"/>
        <line num="968" count="0" type="stmt"/>
        <line num="971" count="0" type="cond" truecount="0" falsecount="2"/>
        <line num="972" count="0" type="stmt"/>
        <line num="973" count="0" type="stmt"/>
        <line num="974" count="0" type="stmt"/>
        <line num="975" count="0" type="stmt"/>
        <line num="976" count="0" type="stmt"/>
        <line num="979" count="0" type="stmt"/>
        <line num="980" count="0" type="stmt"/>
        <line num="981" count="0" type="cond" truecount="0" falsecount="2"/>
        <line num="982" count="0" type="cond" truecount="0" falsecount="2"/>
        <line num="983" count="0" type="stmt"/>
        <line num="993" count="52" type="stmt"/>
      </file>
    </metrics>
  </project>
</coverage>
