<?xml version="1.0" encoding="UTF-8"?>
<coverage generated="1521805033317" clover="3.2.0">
  <project timestamp="1521805033317" name="All files">
    <metrics statements="258" coveredstatements="258" conditionals="268" coveredconditionals="268" methods="118" coveredmethods="118" elements="644" coveredelements="644" complexity="0" loc="258" ncloc="258" packages="1" files="1" classes="1">
      <file name="index.js" path="/var/www/html/arraymore/index.js">
        <metrics statements="258" coveredstatements="258" conditionals="268" coveredconditionals="268" methods="118" coveredmethods="118"/>
        <line num="1" count="50" type="stmt"/>
        <line num="7" count="1334" type="cond" truecount="5" falsecount="0"/>
        <line num="9" count="11" type="stmt"/>
        <line num="11" count="1323" type="cond" truecount="2" falsecount="0"/>
        <line num="12" count="292" type="stmt"/>
        <line num="14" count="1031" type="cond" truecount="2" falsecount="0"/>
        <line num="15" count="451" type="stmt"/>
        <line num="17" count="580" type="stmt"/>
        <line num="18" count="580" type="cond" truecount="2" falsecount="0"/>
        <line num="19" count="95" type="stmt"/>
        <line num="20" count="95" type="cond" truecount="2" falsecount="0"/>
        <line num="21" count="1" type="stmt"/>
        <line num="23" count="94" type="stmt"/>
        <line num="26" count="485" type="cond" truecount="2" falsecount="0"/>
        <line num="27" count="484" type="stmt"/>
        <line num="28" count="484" type="stmt"/>
        <line num="29" count="1067" type="stmt"/>
        <line num="30" count="1067" type="stmt"/>
        <line num="33" count="1" type="stmt"/>
        <line num="34" count="1" type="stmt"/>
        <line num="35" count="6" type="stmt"/>
        <line num="36" count="6" type="stmt"/>
        <line num="39" count="485" type="stmt"/>
        <line num="66" count="1448" type="cond" truecount="5" falsecount="0"/>
        <line num="67" count="38" type="cond" truecount="2" falsecount="0"/>
        <line num="68" count="2" type="stmt"/>
        <line num="70" count="36" type="stmt"/>
        <line num="72" count="1410" type="cond" truecount="2" falsecount="0"/>
        <line num="73" count="181" type="stmt"/>
        <line num="75" count="1229" type="stmt"/>
        <line num="85" count="916" type="stmt"/>
        <line num="87" count="916" type="cond" truecount="2" falsecount="0"/>
        <line num="88" count="1" type="stmt"/>
        <line num="90" count="915" type="cond" truecount="4" falsecount="0"/>
        <line num="91" count="175" type="stmt"/>
        <line num="93" count="740" type="stmt"/>
        <line num="97" count="916" type="stmt"/>
        <line num="99" count="916" type="cond" truecount="2" falsecount="0"/>
        <line num="100" count="1" type="stmt"/>
        <line num="102" count="915" type="cond" truecount="4" falsecount="0"/>
        <line num="103" count="202" type="stmt"/>
        <line num="105" count="713" type="stmt"/>
        <line num="109" count="916" type="cond" truecount="7" falsecount="0"/>
        <line num="113" count="32" type="stmt"/>
        <line num="116" count="884" type="cond" truecount="4" falsecount="0"/>
        <line num="117" count="160" type="stmt"/>
        <line num="120" count="724" type="cond" truecount="4" falsecount="0"/>
        <line num="121" count="25" type="stmt"/>
        <line num="128" count="699" type="cond" truecount="4" falsecount="0"/>
        <line num="129" count="15" type="stmt"/>
        <line num="132" count="684" type="cond" truecount="4" falsecount="0"/>
        <line num="133" count="6" type="stmt"/>
        <line num="136" count="678" type="cond" truecount="2" falsecount="0"/>
        <line num="137" count="97" type="stmt"/>
        <line num="140" count="581" type="stmt"/>
        <line num="147" count="31" type="cond" truecount="2" falsecount="0"/>
        <line num="148" count="5" type="stmt"/>
        <line num="149" count="5" type="stmt"/>
        <line num="151" count="31" type="stmt"/>
        <line num="152" count="31" type="cond" truecount="2" falsecount="0"/>
        <line num="153" count="27" type="stmt"/>
        <line num="154" count="27" type="stmt"/>
        <line num="155" count="247" type="stmt"/>
        <line num="158" count="4" type="stmt"/>
        <line num="159" count="4" type="stmt"/>
        <line num="160" count="19" type="stmt"/>
        <line num="163" count="31" type="stmt"/>
        <line num="170" count="498" type="cond" truecount="2" falsecount="0"/>
        <line num="171" count="488" type="stmt"/>
        <line num="200" count="498" type="stmt"/>
        <line num="207" count="173" type="stmt"/>
        <line num="214" count="469" type="stmt"/>
        <line num="215" count="469" type="cond" truecount="5" falsecount="0"/>
        <line num="216" count="17" type="cond" truecount="2" falsecount="0"/>
        <line num="218" count="452" type="stmt"/>
        <line num="220" count="469" type="stmt"/>
        <line num="227" count="635" type="cond" truecount="2" falsecount="0"/>
        <line num="228" count="579" type="stmt"/>
        <line num="230" count="635" type="cond" truecount="5" falsecount="0"/>
        <line num="231" count="4" type="stmt"/>
        <line num="233" count="631" type="cond" truecount="2" falsecount="0"/>
        <line num="234" count="215" type="cond" truecount="2" falsecount="0"/>
        <line num="235" count="214" type="stmt"/>
        <line num="237" count="1" type="stmt"/>
        <line num="239" count="416" type="cond" truecount="2" falsecount="0"/>
        <line num="240" count="19" type="cond" truecount="2" falsecount="0"/>
        <line num="241" count="17" type="stmt"/>
        <line num="243" count="2" type="stmt"/>
        <line num="245" count="397" type="stmt"/>
        <line num="253" count="144" type="cond" truecount="2" falsecount="0"/>
        <line num="254" count="2" type="stmt"/>
        <line num="256" count="142" type="stmt"/>
        <line num="257" count="142" type="cond" truecount="2" falsecount="0"/>
        <line num="258" count="134" type="stmt"/>
        <line num="260" count="8" type="stmt"/>
        <line num="266" count="371" type="stmt"/>
        <line num="270" count="7" type="cond" truecount="2" falsecount="0"/>
        <line num="271" count="1" type="stmt"/>
        <line num="273" count="6" type="cond" truecount="2" falsecount="0"/>
        <line num="274" count="3" type="stmt"/>
        <line num="276" count="5" type="stmt"/>
        <line num="280" count="183" type="stmt"/>
        <line num="284" count="198" type="stmt"/>
        <line num="285" count="198" type="cond" truecount="2" falsecount="0"/>
        <line num="286" count="28" type="stmt"/>
        <line num="289" count="170" type="cond" truecount="4" falsecount="0"/>
        <line num="290" count="12" type="stmt"/>
        <line num="293" count="158" type="cond" truecount="2" falsecount="0"/>
        <line num="294" count="8" type="stmt"/>
        <line num="296" count="18" type="stmt"/>
        <line num="301" count="150" type="cond" truecount="2" falsecount="0"/>
        <line num="303" count="255" type="stmt"/>
        <line num="305" count="443" type="stmt"/>
        <line num="315" count="56" type="stmt"/>
        <line num="317" count="94" type="cond" truecount="2" falsecount="0"/>
        <line num="319" count="179" type="stmt"/>
        <line num="321" count="336" type="stmt"/>
        <line num="331" count="1" type="stmt"/>
        <line num="333" count="93" type="stmt"/>
        <line num="337" count="32" type="stmt"/>
        <line num="341" count="18" type="stmt"/>
        <line num="345" count="213" type="stmt"/>
        <line num="349" count="31" type="cond" truecount="2" falsecount="0"/>
        <line num="350" count="18" type="stmt"/>
        <line num="352" count="13" type="stmt"/>
        <line num="356" count="22" type="stmt"/>
        <line num="360" count="10" type="cond" truecount="2" falsecount="0"/>
        <line num="361" count="3" type="stmt"/>
        <line num="363" count="7" type="stmt"/>
        <line num="367" count="7" type="stmt"/>
        <line num="374" count="12" type="stmt"/>
        <line num="380" count="5" type="cond" truecount="2" falsecount="0"/>
        <line num="381" count="3" type="stmt"/>
        <line num="383" count="2" type="stmt"/>
        <line num="384" count="3" type="stmt"/>
        <line num="389" count="20" type="cond" truecount="2" falsecount="0"/>
        <line num="390" count="17" type="stmt"/>
        <line num="392" count="3" type="stmt"/>
        <line num="393" count="5" type="stmt"/>
        <line num="398" count="9" type="cond" truecount="2" falsecount="0"/>
        <line num="399" count="1" type="stmt"/>
        <line num="401" count="8" type="cond" truecount="2" falsecount="0"/>
        <line num="402" count="2" type="stmt"/>
        <line num="405" count="6" type="stmt"/>
        <line num="406" count="6" type="stmt"/>
        <line num="407" count="6" type="stmt"/>
        <line num="408" count="20" type="stmt"/>
        <line num="409" count="20" type="stmt"/>
        <line num="410" count="33" type="stmt"/>
        <line num="412" count="20" type="cond" truecount="2" falsecount="0"/>
        <line num="413" count="12" type="stmt"/>
        <line num="416" count="6" type="stmt"/>
        <line num="420" count="7" type="stmt"/>
        <line num="422" count="25" type="cond" truecount="2" falsecount="0"/>
        <line num="428" count="7" type="stmt"/>
        <line num="430" count="25" type="cond" truecount="2" falsecount="0"/>
        <line num="436" count="50" type="stmt"/>
        <line num="438" count="176" type="stmt"/>
        <line num="444" count="8" type="stmt"/>
        <line num="446" count="5" type="stmt"/>
        <line num="452" count="14" type="stmt"/>
        <line num="453" count="14" type="stmt"/>
        <line num="455" count="10" type="stmt"/>
        <line num="456" count="40" type="stmt"/>
        <line num="462" count="11" type="stmt"/>
        <line num="464" count="9" type="stmt"/>
        <line num="465" count="34" type="stmt"/>
        <line num="468" count="34" type="stmt"/>
        <line num="469" count="34" type="stmt"/>
        <line num="470" count="34" type="stmt"/>
        <line num="479" count="5" type="stmt"/>
        <line num="483" count="40" type="stmt"/>
        <line num="487" count="6" type="stmt"/>
        <line num="491" count="410" type="cond" truecount="2" falsecount="0"/>
        <line num="495" count="358" type="stmt"/>
        <line num="499" count="7" type="stmt"/>
        <line num="502" count="21" type="stmt"/>
        <line num="512" count="15" type="cond" truecount="2" falsecount="0"/>
        <line num="513" count="16" type="stmt"/>
        <line num="514" count="16" type="stmt"/>
        <line num="515" count="16" type="stmt"/>
        <line num="519" count="128" type="cond" truecount="2" falsecount="0"/>
        <line num="520" count="9" type="stmt"/>
        <line num="522" count="119" type="cond" truecount="2" falsecount="0"/>
        <line num="523" count="19" type="stmt"/>
        <line num="525" count="100" type="stmt"/>
        <line num="530" count="40" type="cond" truecount="3" falsecount="0"/>
        <line num="531" count="2" type="stmt"/>
        <line num="533" count="65" type="stmt"/>
        <line num="534" count="14" type="cond" truecount="2" falsecount="0"/>
        <line num="535" count="10" type="stmt"/>
        <line num="537" count="4" type="stmt"/>
        <line num="543" count="5" type="stmt"/>
        <line num="544" count="6" type="stmt"/>
        <line num="549" count="10" type="stmt"/>
        <line num="550" count="10" type="stmt"/>
        <line num="551" count="53" type="stmt"/>
        <line num="556" count="5" type="stmt"/>
        <line num="557" count="8" type="stmt"/>
        <line num="562" count="213" type="cond" truecount="2" falsecount="0"/>
        <line num="563" count="167" type="stmt"/>
        <line num="565" count="46" type="stmt"/>
        <line num="571" count="117" type="cond" truecount="2" falsecount="0"/>
        <line num="572" count="10" type="stmt"/>
        <line num="574" count="107" type="stmt"/>
        <line num="576" count="117" type="stmt"/>
        <line num="580" count="170" type="cond" truecount="2" falsecount="0"/>
        <line num="581" count="155" type="stmt"/>
        <line num="583" count="15" type="cond" truecount="2" falsecount="0"/>
        <line num="584" count="1" type="stmt"/>
        <line num="586" count="14" type="stmt"/>
        <line num="587" count="53" type="cond" truecount="2" falsecount="0"/>
        <line num="592" count="756" type="cond" truecount="5" falsecount="0"/>
        <line num="593" count="2" type="stmt"/>
        <line num="595" count="754" type="cond" truecount="2" falsecount="0"/>
        <line num="596" count="741" type="stmt"/>
        <line num="598" count="13" type="stmt"/>
        <line num="599" count="13" type="cond" truecount="2" falsecount="0"/>
        <line num="600" count="1" type="stmt"/>
        <line num="602" count="12" type="stmt"/>
        <line num="606" count="85" type="cond" truecount="2" falsecount="0"/>
        <line num="607" count="19" type="stmt"/>
        <line num="609" count="66" type="stmt"/>
        <line num="610" count="352" type="stmt"/>
        <line num="618" count="119" type="cond" truecount="2" falsecount="0"/>
        <line num="619" count="26" type="stmt"/>
        <line num="621" count="93" type="stmt"/>
        <line num="629" count="36" type="stmt"/>
        <line num="633" count="7" type="stmt"/>
        <line num="637" count="18" type="stmt"/>
        <line num="641" count="154" type="stmt"/>
        <line num="645" count="71" type="stmt"/>
        <line num="649" count="3" type="stmt"/>
        <line num="653" count="29" type="stmt"/>
        <line num="657" count="22" type="stmt"/>
        <line num="661" count="22" type="stmt"/>
        <line num="665" count="7" type="stmt"/>
        <line num="668" count="48" type="stmt"/>
        <line num="669" count="4" type="stmt"/>
        <line num="674" count="5" type="stmt"/>
        <line num="677" count="40" type="stmt"/>
        <line num="678" count="4" type="stmt"/>
        <line num="683" count="31" type="cond" truecount="2" falsecount="0"/>
        <line num="684" count="13" type="stmt"/>
        <line num="686" count="31" type="cond" truecount="2" falsecount="0"/>
        <line num="687" count="4" type="stmt"/>
        <line num="689" count="27" type="stmt"/>
        <line num="690" count="54" type="stmt"/>
        <line num="694" count="54" type="stmt"/>
        <line num="700" count="18" type="cond" truecount="2" falsecount="0"/>
        <line num="701" count="4" type="stmt"/>
        <line num="703" count="18" type="stmt"/>
        <line num="705" count="29" type="cond" truecount="4" falsecount="0"/>
        <line num="706" count="14" type="stmt"/>
        <line num="708" count="15" type="cond" truecount="2" falsecount="0"/>
        <line num="709" count="2" type="stmt"/>
        <line num="711" count="13" type="stmt"/>
        <line num="716" count="29" type="stmt"/>
      </file>
    </metrics>
  </project>
</coverage>
