{"/home/thiagomata/tests/arraymore.js/index.js": {"path":"/home/thiagomata/tests/arraymore.js/index.js","statementMap":{"0":{"start":{"line":1,"column":0},"end":{"line":690,"column":1}},"1":{"start":{"line":7,"column":4},"end":{"line":9,"column":5}},"2":{"start":{"line":8,"column":6},"end":{"line":8,"column":54}},"3":{"start":{"line":10,"column":4},"end":{"line":12,"column":5}},"4":{"start":{"line":11,"column":6},"end":{"line":11,"column":15}},"5":{"start":{"line":13,"column":4},"end":{"line":32,"column":5}},"6":{"start":{"line":14,"column":22},"end":{"line":14,"column":53}},"7":{"start":{"line":14,"column":36},"end":{"line":14,"column":51}},"8":{"start":{"line":15,"column":6},"end":{"line":22,"column":7}},"9":{"start":{"line":16,"column":21},"end":{"line":16,"column":36}},"10":{"start":{"line":17,"column":8},"end":{"line":20,"column":9}},"11":{"start":{"line":18,"column":24},"end":{"line":18,"column":28}},"12":{"start":{"line":19,"column":10},"end":{"line":19,"column":85}},"13":{"start":{"line":21,"column":8},"end":{"line":21,"column":22}},"14":{"start":{"line":23,"column":6},"end":{"line":30,"column":7}},"15":{"start":{"line":24,"column":21},"end":{"line":24,"column":46}},"16":{"start":{"line":25,"column":8},"end":{"line":28,"column":9}},"17":{"start":{"line":26,"column":24},"end":{"line":26,"column":28}},"18":{"start":{"line":27,"column":10},"end":{"line":27,"column":82}},"19":{"start":{"line":29,"column":8},"end":{"line":29,"column":22}},"20":{"start":{"line":31,"column":6},"end":{"line":31,"column":57}},"21":{"start":{"line":33,"column":4},"end":{"line":33,"column":48}},"22":{"start":{"line":40,"column":4},"end":{"line":45,"column":5}},"23":{"start":{"line":41,"column":6},"end":{"line":43,"column":7}},"24":{"start":{"line":42,"column":8},"end":{"line":42,"column":20}},"25":{"start":{"line":44,"column":6},"end":{"line":44,"column":19}},"26":{"start":{"line":46,"column":4},"end":{"line":48,"column":5}},"27":{"start":{"line":47,"column":6},"end":{"line":47,"column":67}},"28":{"start":{"line":49,"column":4},"end":{"line":49,"column":17}},"29":{"start":{"line":59,"column":18},"end":{"line":69,"column":7}},"30":{"start":{"line":61,"column":10},"end":{"line":63,"column":11}},"31":{"start":{"line":62,"column":12},"end":{"line":62,"column":24}},"32":{"start":{"line":64,"column":10},"end":{"line":66,"column":11}},"33":{"start":{"line":65,"column":12},"end":{"line":65,"column":49}},"34":{"start":{"line":67,"column":10},"end":{"line":67,"column":22}},"35":{"start":{"line":71,"column":18},"end":{"line":81,"column":7}},"36":{"start":{"line":73,"column":8},"end":{"line":75,"column":9}},"37":{"start":{"line":74,"column":10},"end":{"line":74,"column":22}},"38":{"start":{"line":76,"column":8},"end":{"line":78,"column":9}},"39":{"start":{"line":77,"column":10},"end":{"line":77,"column":47}},"40":{"start":{"line":79,"column":8},"end":{"line":79,"column":20}},"41":{"start":{"line":83,"column":4},"end":{"line":88,"column":5}},"42":{"start":{"line":87,"column":6},"end":{"line":87,"column":19}},"43":{"start":{"line":90,"column":4},"end":{"line":92,"column":5}},"44":{"start":{"line":91,"column":6},"end":{"line":91,"column":66}},"45":{"start":{"line":94,"column":4},"end":{"line":100,"column":5}},"46":{"start":{"line":95,"column":6},"end":{"line":99,"column":8}},"47":{"start":{"line":102,"column":4},"end":{"line":104,"column":5}},"48":{"start":{"line":103,"column":6},"end":{"line":103,"column":27}},"49":{"start":{"line":106,"column":4},"end":{"line":108,"column":5}},"50":{"start":{"line":107,"column":6},"end":{"line":107,"column":27}},"51":{"start":{"line":110,"column":4},"end":{"line":112,"column":5}},"52":{"start":{"line":111,"column":6},"end":{"line":111,"column":20}},"53":{"start":{"line":114,"column":4},"end":{"line":114,"column":19}},"54":{"start":{"line":121,"column":4},"end":{"line":124,"column":5}},"55":{"start":{"line":122,"column":6},"end":{"line":122,"column":12}},"56":{"start":{"line":123,"column":6},"end":{"line":123,"column":12}},"57":{"start":{"line":125,"column":15},"end":{"line":125,"column":30}},"58":{"start":{"line":126,"column":4},"end":{"line":136,"column":5}},"59":{"start":{"line":127,"column":6},"end":{"line":127,"column":30}},"60":{"start":{"line":128,"column":6},"end":{"line":130,"column":7}},"61":{"start":{"line":129,"column":10},"end":{"line":129,"column":23}},"62":{"start":{"line":132,"column":6},"end":{"line":132,"column":35}},"63":{"start":{"line":133,"column":6},"end":{"line":135,"column":7}},"64":{"start":{"line":134,"column":10},"end":{"line":134,"column":23}},"65":{"start":{"line":137,"column":4},"end":{"line":137,"column":16}},"66":{"start":{"line":144,"column":4},"end":{"line":173,"column":5}},"67":{"start":{"line":145,"column":6},"end":{"line":172,"column":8}},"68":{"start":{"line":174,"column":4},"end":{"line":174,"column":24}},"69":{"start":{"line":181,"column":4},"end":{"line":181,"column":25}},"70":{"start":{"line":188,"column":22},"end":{"line":188,"column":37}},"71":{"start":{"line":189,"column":4},"end":{"line":189,"column":56}},"72":{"start":{"line":190,"column":4},"end":{"line":190,"column":22}},"73":{"start":{"line":197,"column":4},"end":{"line":199,"column":5}},"74":{"start":{"line":198,"column":6},"end":{"line":198,"column":21}},"75":{"start":{"line":200,"column":4},"end":{"line":202,"column":5}},"76":{"start":{"line":201,"column":6},"end":{"line":201,"column":58}},"77":{"start":{"line":203,"column":4},"end":{"line":208,"column":5}},"78":{"start":{"line":204,"column":6},"end":{"line":206,"column":7}},"79":{"start":{"line":205,"column":8},"end":{"line":205,"column":21}},"80":{"start":{"line":207,"column":6},"end":{"line":207,"column":58}},"81":{"start":{"line":209,"column":4},"end":{"line":214,"column":5}},"82":{"start":{"line":210,"column":6},"end":{"line":212,"column":7}},"83":{"start":{"line":211,"column":8},"end":{"line":211,"column":37}},"84":{"start":{"line":213,"column":6},"end":{"line":213,"column":37}},"85":{"start":{"line":215,"column":4},"end":{"line":215,"column":89}},"86":{"start":{"line":223,"column":4},"end":{"line":225,"column":5}},"87":{"start":{"line":224,"column":6},"end":{"line":224,"column":18}},"88":{"start":{"line":226,"column":22},"end":{"line":226,"column":82}},"89":{"start":{"line":227,"column":4},"end":{"line":229,"column":5}},"90":{"start":{"line":228,"column":6},"end":{"line":228,"column":54}},"91":{"start":{"line":230,"column":4},"end":{"line":232,"column":6}},"92":{"start":{"line":236,"column":4},"end":{"line":236,"column":45}},"93":{"start":{"line":236,"column":28},"end":{"line":236,"column":42}},"94":{"start":{"line":240,"column":4},"end":{"line":242,"column":5}},"95":{"start":{"line":241,"column":6},"end":{"line":241,"column":18}},"96":{"start":{"line":243,"column":4},"end":{"line":245,"column":5}},"97":{"start":{"line":244,"column":6},"end":{"line":244,"column":19}},"98":{"start":{"line":246,"column":4},"end":{"line":246,"column":41}},"99":{"start":{"line":246,"column":28},"end":{"line":246,"column":38}},"100":{"start":{"line":250,"column":4},"end":{"line":250,"column":46}},"101":{"start":{"line":250,"column":28},"end":{"line":250,"column":43}},"102":{"start":{"line":254,"column":21},"end":{"line":254,"column":25}},"103":{"start":{"line":255,"column":4},"end":{"line":257,"column":5}},"104":{"start":{"line":256,"column":6},"end":{"line":256,"column":19}},"105":{"start":{"line":259,"column":4},"end":{"line":261,"column":5}},"106":{"start":{"line":260,"column":6},"end":{"line":260,"column":80}},"107":{"start":{"line":263,"column":4},"end":{"line":269,"column":5}},"108":{"start":{"line":264,"column":6},"end":{"line":268,"column":7}},"109":{"start":{"line":266,"column":10},"end":{"line":266,"column":90}},"110":{"start":{"line":271,"column":4},"end":{"line":286,"column":5}},"111":{"start":{"line":273,"column":25},"end":{"line":282,"column":9}},"112":{"start":{"line":275,"column":12},"end":{"line":280,"column":13}},"113":{"start":{"line":285,"column":6},"end":{"line":285,"column":19}},"114":{"start":{"line":287,"column":4},"end":{"line":302,"column":5}},"115":{"start":{"line":289,"column":24},"end":{"line":298,"column":9}},"116":{"start":{"line":291,"column":12},"end":{"line":296,"column":13}},"117":{"start":{"line":301,"column":6},"end":{"line":301,"column":19}},"118":{"start":{"line":303,"column":4},"end":{"line":303,"column":16}},"119":{"start":{"line":307,"column":4},"end":{"line":307,"column":64}},"120":{"start":{"line":311,"column":4},"end":{"line":311,"column":63}},"121":{"start":{"line":315,"column":4},"end":{"line":315,"column":33}},"122":{"start":{"line":319,"column":4},"end":{"line":321,"column":5}},"123":{"start":{"line":320,"column":6},"end":{"line":320,"column":34}},"124":{"start":{"line":322,"column":4},"end":{"line":322,"column":28}},"125":{"start":{"line":326,"column":4},"end":{"line":326,"column":24}},"126":{"start":{"line":330,"column":4},"end":{"line":332,"column":5}},"127":{"start":{"line":331,"column":6},"end":{"line":331,"column":55}},"128":{"start":{"line":333,"column":4},"end":{"line":333,"column":41}},"129":{"start":{"line":337,"column":4},"end":{"line":340,"column":18}},"130":{"start":{"line":344,"column":4},"end":{"line":346,"column":51}},"131":{"start":{"line":350,"column":4},"end":{"line":352,"column":5}},"132":{"start":{"line":351,"column":6},"end":{"line":351,"column":32}},"133":{"start":{"line":353,"column":4},"end":{"line":355,"column":6}},"134":{"start":{"line":354,"column":21},"end":{"line":354,"column":59}},"135":{"start":{"line":359,"column":4},"end":{"line":361,"column":5}},"136":{"start":{"line":360,"column":6},"end":{"line":360,"column":37}},"137":{"start":{"line":362,"column":4},"end":{"line":364,"column":6}},"138":{"start":{"line":363,"column":21},"end":{"line":363,"column":59}},"139":{"start":{"line":368,"column":4},"end":{"line":370,"column":5}},"140":{"start":{"line":369,"column":6},"end":{"line":369,"column":18}},"141":{"start":{"line":371,"column":4},"end":{"line":373,"column":5}},"142":{"start":{"line":372,"column":6},"end":{"line":372,"column":43}},"143":{"start":{"line":375,"column":17},"end":{"line":375,"column":32}},"144":{"start":{"line":376,"column":15},"end":{"line":376,"column":26}},"145":{"start":{"line":377,"column":4},"end":{"line":385,"column":5}},"146":{"start":{"line":378,"column":20},"end":{"line":378,"column":30}},"147":{"start":{"line":379,"column":19},"end":{"line":381,"column":7}},"148":{"start":{"line":380,"column":19},"end":{"line":380,"column":59}},"149":{"start":{"line":382,"column":6},"end":{"line":384,"column":7}},"150":{"start":{"line":383,"column":8},"end":{"line":383,"column":47}},"151":{"start":{"line":386,"column":4},"end":{"line":386,"column":18}},"152":{"start":{"line":390,"column":4},"end":{"line":394,"column":5}},"153":{"start":{"line":392,"column":8},"end":{"line":392,"column":54}},"154":{"start":{"line":392,"column":38},"end":{"line":392,"column":51}},"155":{"start":{"line":398,"column":4},"end":{"line":402,"column":5}},"156":{"start":{"line":400,"column":8},"end":{"line":400,"column":54}},"157":{"start":{"line":400,"column":38},"end":{"line":400,"column":51}},"158":{"start":{"line":406,"column":4},"end":{"line":410,"column":5}},"159":{"start":{"line":408,"column":8},"end":{"line":408,"column":44}},"160":{"start":{"line":408,"column":37},"end":{"line":408,"column":42}},"161":{"start":{"line":414,"column":4},"end":{"line":418,"column":5}},"162":{"start":{"line":416,"column":8},"end":{"line":416,"column":40}},"163":{"start":{"line":423,"column":21},"end":{"line":423,"column":44}},"164":{"start":{"line":424,"column":4},"end":{"line":429,"column":5}},"165":{"start":{"line":426,"column":22},"end":{"line":426,"column":32}},"166":{"start":{"line":427,"column":8},"end":{"line":427,"column":58}},"167":{"start":{"line":427,"column":30},"end":{"line":427,"column":39}},"168":{"start":{"line":433,"column":4},"end":{"line":446,"column":5}},"169":{"start":{"line":435,"column":8},"end":{"line":444,"column":9}},"170":{"start":{"line":436,"column":18},"end":{"line":436,"column":36}},"171":{"start":{"line":439,"column":22},"end":{"line":439,"column":30}},"172":{"start":{"line":440,"column":25},"end":{"line":440,"column":42}},"173":{"start":{"line":440,"column":36},"end":{"line":440,"column":41}},"174":{"start":{"line":441,"column":12},"end":{"line":441,"column":34}},"175":{"start":{"line":450,"column":4},"end":{"line":450,"column":67}},"176":{"start":{"line":454,"column":4},"end":{"line":454,"column":50}},"177":{"start":{"line":458,"column":4},"end":{"line":458,"column":36}},"178":{"start":{"line":462,"column":4},"end":{"line":462,"column":64}},"179":{"start":{"line":466,"column":4},"end":{"line":466,"column":53}},"180":{"start":{"line":470,"column":4},"end":{"line":480,"column":14}},"181":{"start":{"line":473,"column":8},"end":{"line":477,"column":9}},"182":{"start":{"line":483,"column":52},"end":{"line":483,"column":57}},"183":{"start":{"line":483,"column":85},"end":{"line":483,"column":86}},"184":{"start":{"line":484,"column":17},"end":{"line":484,"column":59}},"185":{"start":{"line":485,"column":17},"end":{"line":485,"column":21}},"186":{"start":{"line":486,"column":4},"end":{"line":498,"column":5}},"187":{"start":{"line":490,"column":8},"end":{"line":492,"column":9}},"188":{"start":{"line":491,"column":10},"end":{"line":491,"column":51}},"189":{"start":{"line":493,"column":8},"end":{"line":495,"column":9}},"190":{"start":{"line":494,"column":10},"end":{"line":494,"column":57}},"191":{"start":{"line":496,"column":8},"end":{"line":496,"column":59}},"192":{"start":{"line":501,"column":32},"end":{"line":501,"column":38}},"193":{"start":{"line":501,"column":52},"end":{"line":501,"column":53}},"194":{"start":{"line":502,"column":4},"end":{"line":510,"column":5}},"195":{"start":{"line":504,"column":18},"end":{"line":504,"column":62}},"196":{"start":{"line":504,"column":43},"end":{"line":504,"column":60}},"197":{"start":{"line":505,"column":8},"end":{"line":507,"column":9}},"198":{"start":{"line":506,"column":10},"end":{"line":506,"column":28}},"199":{"start":{"line":508,"column":8},"end":{"line":508,"column":32}},"200":{"start":{"line":514,"column":4},"end":{"line":516,"column":5}},"201":{"start":{"line":515,"column":16},"end":{"line":515,"column":45}},"202":{"start":{"line":515,"column":31},"end":{"line":515,"column":43}},"203":{"start":{"line":520,"column":19},"end":{"line":520,"column":41}},"204":{"start":{"line":521,"column":4},"end":{"line":523,"column":5}},"205":{"start":{"line":522,"column":16},"end":{"line":522,"column":72}},"206":{"start":{"line":522,"column":45},"end":{"line":522,"column":58}},"207":{"start":{"line":527,"column":4},"end":{"line":529,"column":5}},"208":{"start":{"line":528,"column":16},"end":{"line":528,"column":44}},"209":{"start":{"line":528,"column":31},"end":{"line":528,"column":42}},"210":{"start":{"line":533,"column":4},"end":{"line":535,"column":5}},"211":{"start":{"line":534,"column":6},"end":{"line":534,"column":95}},"212":{"start":{"line":536,"column":4},"end":{"line":536,"column":107}},"213":{"start":{"line":541,"column":4},"end":{"line":545,"column":5}},"214":{"start":{"line":542,"column":6},"end":{"line":542,"column":54}},"215":{"start":{"line":544,"column":6},"end":{"line":544,"column":68}},"216":{"start":{"line":546,"column":4},"end":{"line":546,"column":76}},"217":{"start":{"line":550,"column":4},"end":{"line":552,"column":5}},"218":{"start":{"line":551,"column":6},"end":{"line":551,"column":18}},"219":{"start":{"line":553,"column":4},"end":{"line":555,"column":5}},"220":{"start":{"line":554,"column":6},"end":{"line":554,"column":73}},"221":{"start":{"line":556,"column":4},"end":{"line":558,"column":6}},"222":{"start":{"line":557,"column":11},"end":{"line":557,"column":51}},"223":{"start":{"line":562,"column":4},"end":{"line":564,"column":5}},"224":{"start":{"line":563,"column":6},"end":{"line":563,"column":19}},"225":{"start":{"line":565,"column":4},"end":{"line":567,"column":5}},"226":{"start":{"line":566,"column":6},"end":{"line":566,"column":19}},"227":{"start":{"line":568,"column":19},"end":{"line":568,"column":37}},"228":{"start":{"line":569,"column":4},"end":{"line":571,"column":5}},"229":{"start":{"line":570,"column":6},"end":{"line":570,"column":38}},"230":{"start":{"line":572,"column":4},"end":{"line":572,"column":18}},"231":{"start":{"line":576,"column":4},"end":{"line":578,"column":5}},"232":{"start":{"line":577,"column":6},"end":{"line":577,"column":46}},"233":{"start":{"line":579,"column":4},"end":{"line":584,"column":6}},"234":{"start":{"line":580,"column":18},"end":{"line":583,"column":7}},"235":{"start":{"line":588,"column":4},"end":{"line":590,"column":5}},"236":{"start":{"line":589,"column":6},"end":{"line":589,"column":46}},"237":{"start":{"line":591,"column":4},"end":{"line":595,"column":6}},"238":{"start":{"line":599,"column":4},"end":{"line":599,"column":73}},"239":{"start":{"line":599,"column":52},"end":{"line":599,"column":57}},"240":{"start":{"line":603,"column":4},"end":{"line":603,"column":56}},"241":{"start":{"line":607,"column":4},"end":{"line":607,"column":73}},"242":{"start":{"line":607,"column":52},"end":{"line":607,"column":57}},"243":{"start":{"line":611,"column":4},"end":{"line":611,"column":73}},"244":{"start":{"line":611,"column":52},"end":{"line":611,"column":57}},"245":{"start":{"line":615,"column":4},"end":{"line":615,"column":73}},"246":{"start":{"line":615,"column":52},"end":{"line":615,"column":57}},"247":{"start":{"line":619,"column":4},"end":{"line":619,"column":50}},"248":{"start":{"line":623,"column":4},"end":{"line":623,"column":81}},"249":{"start":{"line":623,"column":52},"end":{"line":623,"column":65}},"250":{"start":{"line":627,"column":4},"end":{"line":627,"column":81}},"251":{"start":{"line":627,"column":52},"end":{"line":627,"column":65}},"252":{"start":{"line":631,"column":4},"end":{"line":631,"column":81}},"253":{"start":{"line":631,"column":52},"end":{"line":631,"column":65}},"254":{"start":{"line":635,"column":4},"end":{"line":640,"column":6}},"255":{"start":{"line":638,"column":16},"end":{"line":638,"column":21}},"256":{"start":{"line":639,"column":13},"end":{"line":639,"column":14}},"257":{"start":{"line":644,"column":4},"end":{"line":649,"column":6}},"258":{"start":{"line":647,"column":16},"end":{"line":647,"column":34}},"259":{"start":{"line":648,"column":13},"end":{"line":648,"column":18}},"260":{"start":{"line":653,"column":4},"end":{"line":655,"column":5}},"261":{"start":{"line":654,"column":6},"end":{"line":654,"column":21}},"262":{"start":{"line":656,"column":4},"end":{"line":658,"column":5}},"263":{"start":{"line":657,"column":6},"end":{"line":657,"column":29}},"264":{"start":{"line":659,"column":4},"end":{"line":666,"column":5}},"265":{"start":{"line":660,"column":11},"end":{"line":660,"column":54}},"266":{"start":{"line":664,"column":15},"end":{"line":664,"column":26}},"267":{"start":{"line":670,"column":4},"end":{"line":672,"column":5}},"268":{"start":{"line":671,"column":6},"end":{"line":671,"column":21}},"269":{"start":{"line":673,"column":4},"end":{"line":688,"column":5}},"270":{"start":{"line":675,"column":8},"end":{"line":677,"column":9}},"271":{"start":{"line":676,"column":10},"end":{"line":676,"column":43}},"272":{"start":{"line":678,"column":8},"end":{"line":680,"column":9}},"273":{"start":{"line":679,"column":10},"end":{"line":679,"column":65}},"274":{"start":{"line":681,"column":8},"end":{"line":681,"column":23}},"275":{"start":{"line":686,"column":15},"end":{"line":686,"column":26}}},"fnMap":{"0":{"name":"(anonymous_0)","decl":{"start":{"line":6,"column":2},"end":{"line":6,"column":3}},"loc":{"start":{"line":6,"column":59},"end":{"line":34,"column":3}},"line":6},"1":{"name":"(anonymous_1)","decl":{"start":{"line":14,"column":31},"end":{"line":14,"column":32}},"loc":{"start":{"line":14,"column":36},"end":{"line":14,"column":51}},"line":14},"2":{"name":"(anonymous_2)","decl":{"start":{"line":39,"column":2},"end":{"line":39,"column":3}},"loc":{"start":{"line":39,"column":67},"end":{"line":50,"column":3}},"line":39},"3":{"name":"(anonymous_3)","decl":{"start":{"line":58,"column":2},"end":{"line":58,"column":3}},"loc":{"start":{"line":58,"column":60},"end":{"line":115,"column":3}},"line":58},"4":{"name":"(anonymous_4)","decl":{"start":{"line":60,"column":8},"end":{"line":60,"column":9}},"loc":{"start":{"line":60,"column":14},"end":{"line":68,"column":9}},"line":60},"5":{"name":"(anonymous_5)","decl":{"start":{"line":72,"column":6},"end":{"line":72,"column":7}},"loc":{"start":{"line":72,"column":12},"end":{"line":80,"column":7}},"line":72},"6":{"name":"(anonymous_6)","decl":{"start":{"line":120,"column":2},"end":{"line":120,"column":3}},"loc":{"start":{"line":120,"column":34},"end":{"line":138,"column":3}},"line":120},"7":{"name":"(anonymous_7)","decl":{"start":{"line":143,"column":2},"end":{"line":143,"column":3}},"loc":{"start":{"line":143,"column":11},"end":{"line":175,"column":3}},"line":143},"8":{"name":"(anonymous_8)","decl":{"start":{"line":180,"column":2},"end":{"line":180,"column":3}},"loc":{"start":{"line":180,"column":9},"end":{"line":182,"column":3}},"line":180},"9":{"name":"(anonymous_9)","decl":{"start":{"line":187,"column":2},"end":{"line":187,"column":3}},"loc":{"start":{"line":187,"column":52},"end":{"line":191,"column":3}},"line":187},"10":{"name":"(anonymous_10)","decl":{"start":{"line":196,"column":2},"end":{"line":196,"column":3}},"loc":{"start":{"line":196,"column":100},"end":{"line":216,"column":3}},"line":196},"11":{"name":"(anonymous_11)","decl":{"start":{"line":222,"column":2},"end":{"line":222,"column":3}},"loc":{"start":{"line":222,"column":67},"end":{"line":233,"column":3}},"line":222},"12":{"name":"(anonymous_12)","decl":{"start":{"line":235,"column":2},"end":{"line":235,"column":3}},"loc":{"start":{"line":235,"column":18},"end":{"line":237,"column":3}},"line":235},"13":{"name":"(anonymous_13)","decl":{"start":{"line":236,"column":23},"end":{"line":236,"column":24}},"loc":{"start":{"line":236,"column":28},"end":{"line":236,"column":42}},"line":236},"14":{"name":"(anonymous_14)","decl":{"start":{"line":239,"column":2},"end":{"line":239,"column":3}},"loc":{"start":{"line":239,"column":17},"end":{"line":247,"column":3}},"line":239},"15":{"name":"(anonymous_15)","decl":{"start":{"line":246,"column":23},"end":{"line":246,"column":24}},"loc":{"start":{"line":246,"column":28},"end":{"line":246,"column":38}},"line":246},"16":{"name":"(anonymous_16)","decl":{"start":{"line":249,"column":2},"end":{"line":249,"column":3}},"loc":{"start":{"line":249,"column":22},"end":{"line":251,"column":3}},"line":249},"17":{"name":"(anonymous_17)","decl":{"start":{"line":250,"column":23},"end":{"line":250,"column":24}},"loc":{"start":{"line":250,"column":28},"end":{"line":250,"column":43}},"line":250},"18":{"name":"(anonymous_18)","decl":{"start":{"line":253,"column":2},"end":{"line":253,"column":3}},"loc":{"start":{"line":253,"column":62},"end":{"line":304,"column":3}},"line":253},"19":{"name":"(anonymous_19)","decl":{"start":{"line":265,"column":8},"end":{"line":265,"column":9}},"loc":{"start":{"line":265,"column":28},"end":{"line":267,"column":9}},"line":265},"20":{"name":"(anonymous_20)","decl":{"start":{"line":273,"column":8},"end":{"line":273,"column":9}},"loc":{"start":{"line":273,"column":25},"end":{"line":282,"column":9}},"line":273},"21":{"name":"(anonymous_21)","decl":{"start":{"line":274,"column":10},"end":{"line":274,"column":11}},"loc":{"start":{"line":274,"column":25},"end":{"line":281,"column":11}},"line":274},"22":{"name":"(anonymous_22)","decl":{"start":{"line":289,"column":8},"end":{"line":289,"column":9}},"loc":{"start":{"line":289,"column":24},"end":{"line":298,"column":9}},"line":289},"23":{"name":"(anonymous_23)","decl":{"start":{"line":290,"column":10},"end":{"line":290,"column":11}},"loc":{"start":{"line":290,"column":26},"end":{"line":297,"column":11}},"line":290},"24":{"name":"(anonymous_24)","decl":{"start":{"line":306,"column":2},"end":{"line":306,"column":3}},"loc":{"start":{"line":306,"column":31},"end":{"line":308,"column":3}},"line":306},"25":{"name":"(anonymous_25)","decl":{"start":{"line":310,"column":2},"end":{"line":310,"column":3}},"loc":{"start":{"line":310,"column":32},"end":{"line":312,"column":3}},"line":310},"26":{"name":"(anonymous_26)","decl":{"start":{"line":314,"column":2},"end":{"line":314,"column":3}},"loc":{"start":{"line":314,"column":12},"end":{"line":316,"column":3}},"line":314},"27":{"name":"(anonymous_27)","decl":{"start":{"line":318,"column":2},"end":{"line":318,"column":3}},"loc":{"start":{"line":318,"column":10},"end":{"line":323,"column":3}},"line":318},"28":{"name":"(anonymous_28)","decl":{"start":{"line":325,"column":2},"end":{"line":325,"column":3}},"loc":{"start":{"line":325,"column":13},"end":{"line":327,"column":3}},"line":325},"29":{"name":"(anonymous_29)","decl":{"start":{"line":329,"column":2},"end":{"line":329,"column":3}},"loc":{"start":{"line":329,"column":13},"end":{"line":334,"column":3}},"line":329},"30":{"name":"(anonymous_30)","decl":{"start":{"line":336,"column":2},"end":{"line":336,"column":3}},"loc":{"start":{"line":336,"column":58},"end":{"line":341,"column":3}},"line":336},"31":{"name":"(anonymous_31)","decl":{"start":{"line":343,"column":2},"end":{"line":343,"column":3}},"loc":{"start":{"line":343,"column":59},"end":{"line":347,"column":3}},"line":343},"32":{"name":"(anonymous_32)","decl":{"start":{"line":349,"column":2},"end":{"line":349,"column":3}},"loc":{"start":{"line":349,"column":13},"end":{"line":356,"column":3}},"line":349},"33":{"name":"(anonymous_33)","decl":{"start":{"line":354,"column":6},"end":{"line":354,"column":7}},"loc":{"start":{"line":354,"column":21},"end":{"line":354,"column":59}},"line":354},"34":{"name":"(anonymous_34)","decl":{"start":{"line":358,"column":2},"end":{"line":358,"column":3}},"loc":{"start":{"line":358,"column":18},"end":{"line":365,"column":3}},"line":358},"35":{"name":"(anonymous_35)","decl":{"start":{"line":363,"column":6},"end":{"line":363,"column":7}},"loc":{"start":{"line":363,"column":21},"end":{"line":363,"column":59}},"line":363},"36":{"name":"(anonymous_36)","decl":{"start":{"line":367,"column":2},"end":{"line":367,"column":3}},"loc":{"start":{"line":367,"column":11},"end":{"line":387,"column":3}},"line":367},"37":{"name":"(anonymous_37)","decl":{"start":{"line":380,"column":8},"end":{"line":380,"column":9}},"loc":{"start":{"line":380,"column":19},"end":{"line":380,"column":59}},"line":380},"38":{"name":"(anonymous_38)","decl":{"start":{"line":389,"column":2},"end":{"line":389,"column":3}},"loc":{"start":{"line":389,"column":41},"end":{"line":395,"column":3}},"line":389},"39":{"name":"(anonymous_39)","decl":{"start":{"line":391,"column":6},"end":{"line":391,"column":7}},"loc":{"start":{"line":391,"column":16},"end":{"line":393,"column":7}},"line":391},"40":{"name":"(anonymous_40)","decl":{"start":{"line":392,"column":27},"end":{"line":392,"column":28}},"loc":{"start":{"line":392,"column":38},"end":{"line":392,"column":51}},"line":392},"41":{"name":"(anonymous_41)","decl":{"start":{"line":397,"column":2},"end":{"line":397,"column":3}},"loc":{"start":{"line":397,"column":41},"end":{"line":403,"column":3}},"line":397},"42":{"name":"(anonymous_42)","decl":{"start":{"line":399,"column":6},"end":{"line":399,"column":7}},"loc":{"start":{"line":399,"column":16},"end":{"line":401,"column":7}},"line":399},"43":{"name":"(anonymous_43)","decl":{"start":{"line":400,"column":27},"end":{"line":400,"column":28}},"loc":{"start":{"line":400,"column":38},"end":{"line":400,"column":51}},"line":400},"44":{"name":"(anonymous_44)","decl":{"start":{"line":405,"column":2},"end":{"line":405,"column":3}},"loc":{"start":{"line":405,"column":41},"end":{"line":411,"column":3}},"line":405},"45":{"name":"(anonymous_45)","decl":{"start":{"line":407,"column":6},"end":{"line":407,"column":7}},"loc":{"start":{"line":407,"column":16},"end":{"line":409,"column":7}},"line":407},"46":{"name":"(anonymous_46)","decl":{"start":{"line":408,"column":27},"end":{"line":408,"column":28}},"loc":{"start":{"line":408,"column":37},"end":{"line":408,"column":42}},"line":408},"47":{"name":"(anonymous_47)","decl":{"start":{"line":413,"column":2},"end":{"line":413,"column":3}},"loc":{"start":{"line":413,"column":41},"end":{"line":419,"column":3}},"line":413},"48":{"name":"(anonymous_48)","decl":{"start":{"line":415,"column":6},"end":{"line":415,"column":7}},"loc":{"start":{"line":415,"column":16},"end":{"line":417,"column":7}},"line":415},"49":{"name":"(anonymous_49)","decl":{"start":{"line":421,"column":2},"end":{"line":421,"column":3}},"loc":{"start":{"line":421,"column":56},"end":{"line":430,"column":3}},"line":421},"50":{"name":"(anonymous_50)","decl":{"start":{"line":425,"column":6},"end":{"line":425,"column":7}},"loc":{"start":{"line":425,"column":16},"end":{"line":428,"column":7}},"line":425},"51":{"name":"(anonymous_51)","decl":{"start":{"line":427,"column":25},"end":{"line":427,"column":26}},"loc":{"start":{"line":427,"column":30},"end":{"line":427,"column":39}},"line":427},"52":{"name":"(anonymous_52)","decl":{"start":{"line":432,"column":2},"end":{"line":432,"column":3}},"loc":{"start":{"line":432,"column":52},"end":{"line":447,"column":3}},"line":432},"53":{"name":"(anonymous_53)","decl":{"start":{"line":434,"column":6},"end":{"line":434,"column":7}},"loc":{"start":{"line":434,"column":16},"end":{"line":445,"column":7}},"line":434},"54":{"name":"(anonymous_54)","decl":{"start":{"line":436,"column":13},"end":{"line":436,"column":14}},"loc":{"start":{"line":436,"column":18},"end":{"line":436,"column":36}},"line":436},"55":{"name":"(anonymous_55)","decl":{"start":{"line":438,"column":10},"end":{"line":438,"column":11}},"loc":{"start":{"line":438,"column":20},"end":{"line":442,"column":11}},"line":438},"56":{"name":"(anonymous_56)","decl":{"start":{"line":440,"column":31},"end":{"line":440,"column":32}},"loc":{"start":{"line":440,"column":36},"end":{"line":440,"column":41}},"line":440},"57":{"name":"(anonymous_57)","decl":{"start":{"line":449,"column":2},"end":{"line":449,"column":3}},"loc":{"start":{"line":449,"column":50},"end":{"line":451,"column":3}},"line":449},"58":{"name":"(anonymous_58)","decl":{"start":{"line":453,"column":2},"end":{"line":453,"column":3}},"loc":{"start":{"line":453,"column":24},"end":{"line":455,"column":3}},"line":453},"59":{"name":"(anonymous_59)","decl":{"start":{"line":457,"column":2},"end":{"line":457,"column":3}},"loc":{"start":{"line":457,"column":25},"end":{"line":459,"column":3}},"line":457},"60":{"name":"(anonymous_60)","decl":{"start":{"line":461,"column":2},"end":{"line":461,"column":3}},"loc":{"start":{"line":461,"column":28},"end":{"line":463,"column":3}},"line":461},"61":{"name":"(anonymous_61)","decl":{"start":{"line":465,"column":2},"end":{"line":465,"column":3}},"loc":{"start":{"line":465,"column":34},"end":{"line":467,"column":3}},"line":465},"62":{"name":"(anonymous_62)","decl":{"start":{"line":469,"column":2},"end":{"line":469,"column":3}},"loc":{"start":{"line":469,"column":29},"end":{"line":481,"column":3}},"line":469},"63":{"name":"(anonymous_63)","decl":{"start":{"line":472,"column":6},"end":{"line":472,"column":7}},"loc":{"start":{"line":472,"column":16},"end":{"line":478,"column":7}},"line":472},"64":{"name":"(anonymous_64)","decl":{"start":{"line":483,"column":2},"end":{"line":483,"column":3}},"loc":{"start":{"line":483,"column":88},"end":{"line":499,"column":3}},"line":483},"65":{"name":"(anonymous_65)","decl":{"start":{"line":483,"column":42},"end":{"line":483,"column":43}},"loc":{"start":{"line":483,"column":52},"end":{"line":483,"column":57}},"line":483},"66":{"name":"(anonymous_66)","decl":{"start":{"line":483,"column":80},"end":{"line":483,"column":81}},"loc":{"start":{"line":483,"column":85},"end":{"line":483,"column":86}},"line":483},"67":{"name":"(anonymous_67)","decl":{"start":{"line":489,"column":6},"end":{"line":489,"column":7}},"loc":{"start":{"line":489,"column":13},"end":{"line":497,"column":7}},"line":489},"68":{"name":"(anonymous_68)","decl":{"start":{"line":501,"column":2},"end":{"line":501,"column":3}},"loc":{"start":{"line":501,"column":72},"end":{"line":511,"column":3}},"line":501},"69":{"name":"(anonymous_69)","decl":{"start":{"line":501,"column":23},"end":{"line":501,"column":24}},"loc":{"start":{"line":501,"column":32},"end":{"line":501,"column":38}},"line":501},"70":{"name":"(anonymous_70)","decl":{"start":{"line":501,"column":45},"end":{"line":501,"column":46}},"loc":{"start":{"line":501,"column":52},"end":{"line":501,"column":53}},"line":501},"71":{"name":"(anonymous_71)","decl":{"start":{"line":503,"column":6},"end":{"line":503,"column":7}},"loc":{"start":{"line":503,"column":16},"end":{"line":509,"column":7}},"line":503},"72":{"name":"(anonymous_72)","decl":{"start":{"line":504,"column":33},"end":{"line":504,"column":34}},"loc":{"start":{"line":504,"column":43},"end":{"line":504,"column":60}},"line":504},"73":{"name":"(anonymous_73)","decl":{"start":{"line":513,"column":2},"end":{"line":513,"column":3}},"loc":{"start":{"line":513,"column":40},"end":{"line":517,"column":3}},"line":513},"74":{"name":"(anonymous_74)","decl":{"start":{"line":515,"column":6},"end":{"line":515,"column":7}},"loc":{"start":{"line":515,"column":16},"end":{"line":515,"column":45}},"line":515},"75":{"name":"(anonymous_75)","decl":{"start":{"line":515,"column":26},"end":{"line":515,"column":27}},"loc":{"start":{"line":515,"column":31},"end":{"line":515,"column":43}},"line":515},"76":{"name":"(anonymous_76)","decl":{"start":{"line":519,"column":2},"end":{"line":519,"column":3}},"loc":{"start":{"line":519,"column":54},"end":{"line":524,"column":3}},"line":519},"77":{"name":"(anonymous_77)","decl":{"start":{"line":522,"column":6},"end":{"line":522,"column":7}},"loc":{"start":{"line":522,"column":16},"end":{"line":522,"column":72}},"line":522},"78":{"name":"(anonymous_78)","decl":{"start":{"line":522,"column":40},"end":{"line":522,"column":41}},"loc":{"start":{"line":522,"column":45},"end":{"line":522,"column":58}},"line":522},"79":{"name":"(anonymous_79)","decl":{"start":{"line":526,"column":2},"end":{"line":526,"column":3}},"loc":{"start":{"line":526,"column":39},"end":{"line":530,"column":3}},"line":526},"80":{"name":"(anonymous_80)","decl":{"start":{"line":528,"column":6},"end":{"line":528,"column":7}},"loc":{"start":{"line":528,"column":16},"end":{"line":528,"column":44}},"line":528},"81":{"name":"(anonymous_81)","decl":{"start":{"line":528,"column":26},"end":{"line":528,"column":27}},"loc":{"start":{"line":528,"column":31},"end":{"line":528,"column":42}},"line":528},"82":{"name":"(anonymous_82)","decl":{"start":{"line":532,"column":2},"end":{"line":532,"column":3}},"loc":{"start":{"line":532,"column":77},"end":{"line":537,"column":3}},"line":532},"83":{"name":"(anonymous_83)","decl":{"start":{"line":539,"column":2},"end":{"line":539,"column":3}},"loc":{"start":{"line":539,"column":80},"end":{"line":547,"column":3}},"line":539},"84":{"name":"(anonymous_84)","decl":{"start":{"line":549,"column":2},"end":{"line":549,"column":3}},"loc":{"start":{"line":549,"column":31},"end":{"line":559,"column":3}},"line":549},"85":{"name":"(anonymous_85)","decl":{"start":{"line":557,"column":6},"end":{"line":557,"column":7}},"loc":{"start":{"line":557,"column":11},"end":{"line":557,"column":51}},"line":557},"86":{"name":"(anonymous_86)","decl":{"start":{"line":561,"column":2},"end":{"line":561,"column":3}},"loc":{"start":{"line":561,"column":22},"end":{"line":573,"column":3}},"line":561},"87":{"name":"(anonymous_87)","decl":{"start":{"line":575,"column":2},"end":{"line":575,"column":3}},"loc":{"start":{"line":575,"column":60},"end":{"line":585,"column":3}},"line":575},"88":{"name":"(anonymous_88)","decl":{"start":{"line":580,"column":6},"end":{"line":580,"column":7}},"loc":{"start":{"line":580,"column":18},"end":{"line":583,"column":7}},"line":580},"89":{"name":"(anonymous_89)","decl":{"start":{"line":587,"column":2},"end":{"line":587,"column":3}},"loc":{"start":{"line":587,"column":54},"end":{"line":596,"column":3}},"line":587},"90":{"name":"(anonymous_90)","decl":{"start":{"line":598,"column":2},"end":{"line":598,"column":3}},"loc":{"start":{"line":598,"column":49},"end":{"line":600,"column":3}},"line":598},"91":{"name":"(anonymous_91)","decl":{"start":{"line":599,"column":43},"end":{"line":599,"column":44}},"loc":{"start":{"line":599,"column":52},"end":{"line":599,"column":57}},"line":599},"92":{"name":"(anonymous_92)","decl":{"start":{"line":602,"column":2},"end":{"line":602,"column":3}},"loc":{"start":{"line":602,"column":49},"end":{"line":604,"column":3}},"line":602},"93":{"name":"(anonymous_93)","decl":{"start":{"line":606,"column":2},"end":{"line":606,"column":3}},"loc":{"start":{"line":606,"column":49},"end":{"line":608,"column":3}},"line":606},"94":{"name":"(anonymous_94)","decl":{"start":{"line":607,"column":43},"end":{"line":607,"column":44}},"loc":{"start":{"line":607,"column":52},"end":{"line":607,"column":57}},"line":607},"95":{"name":"(anonymous_95)","decl":{"start":{"line":610,"column":2},"end":{"line":610,"column":3}},"loc":{"start":{"line":610,"column":50},"end":{"line":612,"column":3}},"line":610},"96":{"name":"(anonymous_96)","decl":{"start":{"line":611,"column":43},"end":{"line":611,"column":44}},"loc":{"start":{"line":611,"column":52},"end":{"line":611,"column":57}},"line":611},"97":{"name":"(anonymous_97)","decl":{"start":{"line":614,"column":2},"end":{"line":614,"column":3}},"loc":{"start":{"line":614,"column":44},"end":{"line":616,"column":3}},"line":614},"98":{"name":"(anonymous_98)","decl":{"start":{"line":615,"column":43},"end":{"line":615,"column":44}},"loc":{"start":{"line":615,"column":52},"end":{"line":615,"column":57}},"line":615},"99":{"name":"(anonymous_99)","decl":{"start":{"line":618,"column":2},"end":{"line":618,"column":3}},"loc":{"start":{"line":618,"column":43},"end":{"line":620,"column":3}},"line":618},"100":{"name":"(anonymous_100)","decl":{"start":{"line":622,"column":2},"end":{"line":622,"column":3}},"loc":{"start":{"line":622,"column":48},"end":{"line":624,"column":3}},"line":622},"101":{"name":"(anonymous_101)","decl":{"start":{"line":623,"column":43},"end":{"line":623,"column":44}},"loc":{"start":{"line":623,"column":52},"end":{"line":623,"column":65}},"line":623},"102":{"name":"(anonymous_102)","decl":{"start":{"line":626,"column":2},"end":{"line":626,"column":3}},"loc":{"start":{"line":626,"column":48},"end":{"line":628,"column":3}},"line":626},"103":{"name":"(anonymous_103)","decl":{"start":{"line":627,"column":43},"end":{"line":627,"column":44}},"loc":{"start":{"line":627,"column":52},"end":{"line":627,"column":65}},"line":627},"104":{"name":"(anonymous_104)","decl":{"start":{"line":630,"column":2},"end":{"line":630,"column":3}},"loc":{"start":{"line":630,"column":48},"end":{"line":632,"column":3}},"line":630},"105":{"name":"(anonymous_105)","decl":{"start":{"line":631,"column":43},"end":{"line":631,"column":44}},"loc":{"start":{"line":631,"column":52},"end":{"line":631,"column":65}},"line":631},"106":{"name":"(anonymous_106)","decl":{"start":{"line":634,"column":2},"end":{"line":634,"column":3}},"loc":{"start":{"line":634,"column":19},"end":{"line":641,"column":3}},"line":634},"107":{"name":"(anonymous_107)","decl":{"start":{"line":638,"column":6},"end":{"line":638,"column":7}},"loc":{"start":{"line":638,"column":16},"end":{"line":638,"column":21}},"line":638},"108":{"name":"(anonymous_108)","decl":{"start":{"line":639,"column":6},"end":{"line":639,"column":7}},"loc":{"start":{"line":639,"column":13},"end":{"line":639,"column":14}},"line":639},"109":{"name":"(anonymous_109)","decl":{"start":{"line":643,"column":2},"end":{"line":643,"column":3}},"loc":{"start":{"line":643,"column":24},"end":{"line":650,"column":3}},"line":643},"110":{"name":"(anonymous_110)","decl":{"start":{"line":647,"column":6},"end":{"line":647,"column":7}},"loc":{"start":{"line":647,"column":16},"end":{"line":647,"column":34}},"line":647},"111":{"name":"(anonymous_111)","decl":{"start":{"line":648,"column":6},"end":{"line":648,"column":7}},"loc":{"start":{"line":648,"column":13},"end":{"line":648,"column":18}},"line":648},"112":{"name":"(anonymous_112)","decl":{"start":{"line":652,"column":2},"end":{"line":652,"column":3}},"loc":{"start":{"line":652,"column":39},"end":{"line":667,"column":3}},"line":652},"113":{"name":"(anonymous_113)","decl":{"start":{"line":660,"column":6},"end":{"line":660,"column":7}},"loc":{"start":{"line":660,"column":11},"end":{"line":660,"column":54}},"line":660},"114":{"name":"(anonymous_114)","decl":{"start":{"line":664,"column":6},"end":{"line":664,"column":7}},"loc":{"start":{"line":664,"column":15},"end":{"line":664,"column":26}},"line":664},"115":{"name":"(anonymous_115)","decl":{"start":{"line":669,"column":2},"end":{"line":669,"column":3}},"loc":{"start":{"line":669,"column":29},"end":{"line":689,"column":3}},"line":669},"116":{"name":"(anonymous_116)","decl":{"start":{"line":674,"column":6},"end":{"line":674,"column":7}},"loc":{"start":{"line":674,"column":15},"end":{"line":682,"column":7}},"line":674},"117":{"name":"(anonymous_117)","decl":{"start":{"line":686,"column":6},"end":{"line":686,"column":7}},"loc":{"start":{"line":686,"column":15},"end":{"line":686,"column":26}},"line":686}},"branchMap":{"0":{"loc":{"start":{"line":6,"column":17},"end":{"line":6,"column":40}},"type":"default-arg","locations":[{"start":{"line":6,"column":35},"end":{"line":6,"column":40}}],"line":6},"1":{"loc":{"start":{"line":6,"column":42},"end":{"line":6,"column":57}},"type":"default-arg","locations":[{"start":{"line":6,"column":52},"end":{"line":6,"column":57}}],"line":6},"2":{"loc":{"start":{"line":7,"column":4},"end":{"line":9,"column":5}},"type":"if","locations":[{"start":{"line":7,"column":4},"end":{"line":9,"column":5}},{"start":{"line":7,"column":4},"end":{"line":9,"column":5}}],"line":7},"3":{"loc":{"start":{"line":7,"column":8},"end":{"line":7,"column":58}},"type":"binary-expr","locations":[{"start":{"line":7,"column":8},"end":{"line":7,"column":23}},{"start":{"line":7,"column":27},"end":{"line":7,"column":37}},{"start":{"line":7,"column":41},"end":{"line":7,"column":58}}],"line":7},"4":{"loc":{"start":{"line":10,"column":4},"end":{"line":12,"column":5}},"type":"if","locations":[{"start":{"line":10,"column":4},"end":{"line":12,"column":5}},{"start":{"line":10,"column":4},"end":{"line":12,"column":5}}],"line":10},"5":{"loc":{"start":{"line":13,"column":4},"end":{"line":32,"column":5}},"type":"if","locations":[{"start":{"line":13,"column":4},"end":{"line":32,"column":5}},{"start":{"line":13,"column":4},"end":{"line":32,"column":5}}],"line":13},"6":{"loc":{"start":{"line":15,"column":6},"end":{"line":22,"column":7}},"type":"if","locations":[{"start":{"line":15,"column":6},"end":{"line":22,"column":7}},{"start":{"line":15,"column":6},"end":{"line":22,"column":7}}],"line":15},"7":{"loc":{"start":{"line":15,"column":10},"end":{"line":15,"column":33}},"type":"binary-expr","locations":[{"start":{"line":15,"column":10},"end":{"line":15,"column":19}},{"start":{"line":15,"column":23},"end":{"line":15,"column":33}}],"line":15},"8":{"loc":{"start":{"line":23,"column":6},"end":{"line":30,"column":7}},"type":"if","locations":[{"start":{"line":23,"column":6},"end":{"line":30,"column":7}},{"start":{"line":23,"column":6},"end":{"line":30,"column":7}}],"line":23},"9":{"loc":{"start":{"line":23,"column":11},"end":{"line":23,"column":33}},"type":"binary-expr","locations":[{"start":{"line":23,"column":11},"end":{"line":23,"column":20}},{"start":{"line":23,"column":24},"end":{"line":23,"column":33}}],"line":23},"10":{"loc":{"start":{"line":39,"column":25},"end":{"line":39,"column":48}},"type":"default-arg","locations":[{"start":{"line":39,"column":43},"end":{"line":39,"column":48}}],"line":39},"11":{"loc":{"start":{"line":39,"column":50},"end":{"line":39,"column":65}},"type":"default-arg","locations":[{"start":{"line":39,"column":60},"end":{"line":39,"column":65}}],"line":39},"12":{"loc":{"start":{"line":40,"column":4},"end":{"line":45,"column":5}},"type":"if","locations":[{"start":{"line":40,"column":4},"end":{"line":45,"column":5}},{"start":{"line":40,"column":4},"end":{"line":45,"column":5}}],"line":40},"13":{"loc":{"start":{"line":40,"column":8},"end":{"line":40,"column":70}},"type":"binary-expr","locations":[{"start":{"line":40,"column":8},"end":{"line":40,"column":27}},{"start":{"line":40,"column":31},"end":{"line":40,"column":45}},{"start":{"line":40,"column":49},"end":{"line":40,"column":70}}],"line":40},"14":{"loc":{"start":{"line":41,"column":6},"end":{"line":43,"column":7}},"type":"if","locations":[{"start":{"line":41,"column":6},"end":{"line":43,"column":7}},{"start":{"line":41,"column":6},"end":{"line":43,"column":7}}],"line":41},"15":{"loc":{"start":{"line":46,"column":4},"end":{"line":48,"column":5}},"type":"if","locations":[{"start":{"line":46,"column":4},"end":{"line":48,"column":5}},{"start":{"line":46,"column":4},"end":{"line":48,"column":5}}],"line":46},"16":{"loc":{"start":{"line":58,"column":26},"end":{"line":58,"column":43}},"type":"default-arg","locations":[{"start":{"line":58,"column":38},"end":{"line":58,"column":43}}],"line":58},"17":{"loc":{"start":{"line":58,"column":45},"end":{"line":58,"column":58}},"type":"default-arg","locations":[{"start":{"line":58,"column":54},"end":{"line":58,"column":58}}],"line":58},"18":{"loc":{"start":{"line":61,"column":10},"end":{"line":63,"column":11}},"type":"if","locations":[{"start":{"line":61,"column":10},"end":{"line":63,"column":11}},{"start":{"line":61,"column":10},"end":{"line":63,"column":11}}],"line":61},"19":{"loc":{"start":{"line":64,"column":10},"end":{"line":66,"column":11}},"type":"if","locations":[{"start":{"line":64,"column":10},"end":{"line":66,"column":11}},{"start":{"line":64,"column":10},"end":{"line":66,"column":11}}],"line":64},"20":{"loc":{"start":{"line":64,"column":15},"end":{"line":64,"column":69}},"type":"binary-expr","locations":[{"start":{"line":64,"column":15},"end":{"line":64,"column":38}},{"start":{"line":64,"column":42},"end":{"line":64,"column":69}}],"line":64},"21":{"loc":{"start":{"line":73,"column":8},"end":{"line":75,"column":9}},"type":"if","locations":[{"start":{"line":73,"column":8},"end":{"line":75,"column":9}},{"start":{"line":73,"column":8},"end":{"line":75,"column":9}}],"line":73},"22":{"loc":{"start":{"line":76,"column":8},"end":{"line":78,"column":9}},"type":"if","locations":[{"start":{"line":76,"column":8},"end":{"line":78,"column":9}},{"start":{"line":76,"column":8},"end":{"line":78,"column":9}}],"line":76},"23":{"loc":{"start":{"line":76,"column":13},"end":{"line":76,"column":67}},"type":"binary-expr","locations":[{"start":{"line":76,"column":13},"end":{"line":76,"column":36}},{"start":{"line":76,"column":40},"end":{"line":76,"column":67}}],"line":76},"24":{"loc":{"start":{"line":83,"column":4},"end":{"line":88,"column":5}},"type":"if","locations":[{"start":{"line":83,"column":4},"end":{"line":88,"column":5}},{"start":{"line":83,"column":4},"end":{"line":88,"column":5}}],"line":83},"25":{"loc":{"start":{"line":83,"column":8},"end":{"line":85,"column":7}},"type":"binary-expr","locations":[{"start":{"line":83,"column":8},"end":{"line":83,"column":21}},{"start":{"line":84,"column":9},"end":{"line":84,"column":23}},{"start":{"line":84,"column":27},"end":{"line":84,"column":41}},{"start":{"line":84,"column":45},"end":{"line":84,"column":59}},{"start":{"line":84,"column":63},"end":{"line":84,"column":77}}],"line":83},"26":{"loc":{"start":{"line":90,"column":4},"end":{"line":92,"column":5}},"type":"if","locations":[{"start":{"line":90,"column":4},"end":{"line":92,"column":5}},{"start":{"line":90,"column":4},"end":{"line":92,"column":5}}],"line":90},"27":{"loc":{"start":{"line":90,"column":8},"end":{"line":90,"column":40}},"type":"binary-expr","locations":[{"start":{"line":90,"column":8},"end":{"line":90,"column":22}},{"start":{"line":90,"column":26},"end":{"line":90,"column":40}}],"line":90},"28":{"loc":{"start":{"line":94,"column":4},"end":{"line":100,"column":5}},"type":"if","locations":[{"start":{"line":94,"column":4},"end":{"line":100,"column":5}},{"start":{"line":94,"column":4},"end":{"line":100,"column":5}}],"line":94},"29":{"loc":{"start":{"line":94,"column":8},"end":{"line":94,"column":40}},"type":"binary-expr","locations":[{"start":{"line":94,"column":8},"end":{"line":94,"column":22}},{"start":{"line":94,"column":26},"end":{"line":94,"column":40}}],"line":94},"30":{"loc":{"start":{"line":102,"column":4},"end":{"line":104,"column":5}},"type":"if","locations":[{"start":{"line":102,"column":4},"end":{"line":104,"column":5}},{"start":{"line":102,"column":4},"end":{"line":104,"column":5}}],"line":102},"31":{"loc":{"start":{"line":102,"column":8},"end":{"line":102,"column":49}},"type":"binary-expr","locations":[{"start":{"line":102,"column":8},"end":{"line":102,"column":23}},{"start":{"line":102,"column":27},"end":{"line":102,"column":49}}],"line":102},"32":{"loc":{"start":{"line":106,"column":4},"end":{"line":108,"column":5}},"type":"if","locations":[{"start":{"line":106,"column":4},"end":{"line":108,"column":5}},{"start":{"line":106,"column":4},"end":{"line":108,"column":5}}],"line":106},"33":{"loc":{"start":{"line":106,"column":8},"end":{"line":106,"column":49}},"type":"binary-expr","locations":[{"start":{"line":106,"column":8},"end":{"line":106,"column":23}},{"start":{"line":106,"column":27},"end":{"line":106,"column":49}}],"line":106},"34":{"loc":{"start":{"line":110,"column":4},"end":{"line":112,"column":5}},"type":"if","locations":[{"start":{"line":110,"column":4},"end":{"line":112,"column":5}},{"start":{"line":110,"column":4},"end":{"line":112,"column":5}}],"line":110},"35":{"loc":{"start":{"line":120,"column":18},"end":{"line":120,"column":24}},"type":"default-arg","locations":[{"start":{"line":120,"column":20},"end":{"line":120,"column":24}}],"line":120},"36":{"loc":{"start":{"line":120,"column":26},"end":{"line":120,"column":32}},"type":"default-arg","locations":[{"start":{"line":120,"column":31},"end":{"line":120,"column":32}}],"line":120},"37":{"loc":{"start":{"line":121,"column":4},"end":{"line":124,"column":5}},"type":"if","locations":[{"start":{"line":121,"column":4},"end":{"line":124,"column":5}},{"start":{"line":121,"column":4},"end":{"line":124,"column":5}}],"line":121},"38":{"loc":{"start":{"line":126,"column":4},"end":{"line":136,"column":5}},"type":"if","locations":[{"start":{"line":126,"column":4},"end":{"line":136,"column":5}},{"start":{"line":126,"column":4},"end":{"line":136,"column":5}}],"line":126},"39":{"loc":{"start":{"line":144,"column":4},"end":{"line":173,"column":5}},"type":"if","locations":[{"start":{"line":144,"column":4},"end":{"line":173,"column":5}},{"start":{"line":144,"column":4},"end":{"line":173,"column":5}}],"line":144},"40":{"loc":{"start":{"line":187,"column":24},"end":{"line":187,"column":49}},"type":"default-arg","locations":[{"start":{"line":187,"column":44},"end":{"line":187,"column":49}}],"line":187},"41":{"loc":{"start":{"line":189,"column":21},"end":{"line":189,"column":53}},"type":"cond-expr","locations":[{"start":{"line":189,"column":41},"end":{"line":189,"column":45}},{"start":{"line":189,"column":48},"end":{"line":189,"column":53}}],"line":189},"42":{"loc":{"start":{"line":196,"column":20},"end":{"line":196,"column":43}},"type":"default-arg","locations":[{"start":{"line":196,"column":38},"end":{"line":196,"column":43}}],"line":196},"43":{"loc":{"start":{"line":196,"column":45},"end":{"line":196,"column":59}},"type":"default-arg","locations":[{"start":{"line":196,"column":55},"end":{"line":196,"column":59}}],"line":196},"44":{"loc":{"start":{"line":196,"column":61},"end":{"line":196,"column":81}},"type":"default-arg","locations":[{"start":{"line":196,"column":76},"end":{"line":196,"column":81}}],"line":196},"45":{"loc":{"start":{"line":196,"column":83},"end":{"line":196,"column":97}},"type":"default-arg","locations":[{"start":{"line":196,"column":93},"end":{"line":196,"column":97}}],"line":196},"46":{"loc":{"start":{"line":197,"column":4},"end":{"line":199,"column":5}},"type":"if","locations":[{"start":{"line":197,"column":4},"end":{"line":199,"column":5}},{"start":{"line":197,"column":4},"end":{"line":199,"column":5}}],"line":197},"47":{"loc":{"start":{"line":200,"column":4},"end":{"line":202,"column":5}},"type":"if","locations":[{"start":{"line":200,"column":4},"end":{"line":202,"column":5}},{"start":{"line":200,"column":4},"end":{"line":202,"column":5}}],"line":200},"48":{"loc":{"start":{"line":200,"column":8},"end":{"line":200,"column":73}},"type":"binary-expr","locations":[{"start":{"line":200,"column":8},"end":{"line":200,"column":28}},{"start":{"line":200,"column":32},"end":{"line":200,"column":47}},{"start":{"line":200,"column":51},"end":{"line":200,"column":73}}],"line":200},"49":{"loc":{"start":{"line":203,"column":4},"end":{"line":208,"column":5}},"type":"if","locations":[{"start":{"line":203,"column":4},"end":{"line":208,"column":5}},{"start":{"line":203,"column":4},"end":{"line":208,"column":5}}],"line":203},"50":{"loc":{"start":{"line":204,"column":6},"end":{"line":206,"column":7}},"type":"if","locations":[{"start":{"line":204,"column":6},"end":{"line":206,"column":7}},{"start":{"line":204,"column":6},"end":{"line":206,"column":7}}],"line":204},"51":{"loc":{"start":{"line":209,"column":4},"end":{"line":214,"column":5}},"type":"if","locations":[{"start":{"line":209,"column":4},"end":{"line":214,"column":5}},{"start":{"line":209,"column":4},"end":{"line":214,"column":5}}],"line":209},"52":{"loc":{"start":{"line":210,"column":6},"end":{"line":212,"column":7}},"type":"if","locations":[{"start":{"line":210,"column":6},"end":{"line":212,"column":7}},{"start":{"line":210,"column":6},"end":{"line":212,"column":7}}],"line":210},"53":{"loc":{"start":{"line":222,"column":9},"end":{"line":222,"column":23}},"type":"default-arg","locations":[{"start":{"line":222,"column":14},"end":{"line":222,"column":23}}],"line":222},"54":{"loc":{"start":{"line":222,"column":25},"end":{"line":222,"column":48}},"type":"default-arg","locations":[{"start":{"line":222,"column":43},"end":{"line":222,"column":48}}],"line":222},"55":{"loc":{"start":{"line":222,"column":50},"end":{"line":222,"column":65}},"type":"default-arg","locations":[{"start":{"line":222,"column":60},"end":{"line":222,"column":65}}],"line":222},"56":{"loc":{"start":{"line":223,"column":4},"end":{"line":225,"column":5}},"type":"if","locations":[{"start":{"line":223,"column":4},"end":{"line":225,"column":5}},{"start":{"line":223,"column":4},"end":{"line":225,"column":5}}],"line":223},"57":{"loc":{"start":{"line":227,"column":4},"end":{"line":229,"column":5}},"type":"if","locations":[{"start":{"line":227,"column":4},"end":{"line":229,"column":5}},{"start":{"line":227,"column":4},"end":{"line":229,"column":5}}],"line":227},"58":{"loc":{"start":{"line":240,"column":4},"end":{"line":242,"column":5}},"type":"if","locations":[{"start":{"line":240,"column":4},"end":{"line":242,"column":5}},{"start":{"line":240,"column":4},"end":{"line":242,"column":5}}],"line":240},"59":{"loc":{"start":{"line":243,"column":4},"end":{"line":245,"column":5}},"type":"if","locations":[{"start":{"line":243,"column":4},"end":{"line":245,"column":5}},{"start":{"line":243,"column":4},"end":{"line":245,"column":5}}],"line":243},"60":{"loc":{"start":{"line":253,"column":28},"end":{"line":253,"column":45}},"type":"default-arg","locations":[{"start":{"line":253,"column":40},"end":{"line":253,"column":45}}],"line":253},"61":{"loc":{"start":{"line":253,"column":47},"end":{"line":253,"column":60}},"type":"default-arg","locations":[{"start":{"line":253,"column":56},"end":{"line":253,"column":60}}],"line":253},"62":{"loc":{"start":{"line":255,"column":4},"end":{"line":257,"column":5}},"type":"if","locations":[{"start":{"line":255,"column":4},"end":{"line":257,"column":5}},{"start":{"line":255,"column":4},"end":{"line":257,"column":5}}],"line":255},"63":{"loc":{"start":{"line":259,"column":4},"end":{"line":261,"column":5}},"type":"if","locations":[{"start":{"line":259,"column":4},"end":{"line":261,"column":5}},{"start":{"line":259,"column":4},"end":{"line":261,"column":5}}],"line":259},"64":{"loc":{"start":{"line":259,"column":8},"end":{"line":259,"column":57}},"type":"binary-expr","locations":[{"start":{"line":259,"column":8},"end":{"line":259,"column":28}},{"start":{"line":259,"column":32},"end":{"line":259,"column":57}}],"line":259},"65":{"loc":{"start":{"line":263,"column":4},"end":{"line":269,"column":5}},"type":"if","locations":[{"start":{"line":263,"column":4},"end":{"line":269,"column":5}},{"start":{"line":263,"column":4},"end":{"line":269,"column":5}}],"line":263},"66":{"loc":{"start":{"line":271,"column":4},"end":{"line":286,"column":5}},"type":"if","locations":[{"start":{"line":271,"column":4},"end":{"line":286,"column":5}},{"start":{"line":271,"column":4},"end":{"line":286,"column":5}}],"line":271},"67":{"loc":{"start":{"line":287,"column":4},"end":{"line":302,"column":5}},"type":"if","locations":[{"start":{"line":287,"column":4},"end":{"line":302,"column":5}},{"start":{"line":287,"column":4},"end":{"line":302,"column":5}}],"line":287},"68":{"loc":{"start":{"line":306,"column":16},"end":{"line":306,"column":29}},"type":"default-arg","locations":[{"start":{"line":306,"column":25},"end":{"line":306,"column":29}}],"line":306},"69":{"loc":{"start":{"line":310,"column":17},"end":{"line":310,"column":30}},"type":"default-arg","locations":[{"start":{"line":310,"column":26},"end":{"line":310,"column":30}}],"line":310},"70":{"loc":{"start":{"line":319,"column":4},"end":{"line":321,"column":5}},"type":"if","locations":[{"start":{"line":319,"column":4},"end":{"line":321,"column":5}},{"start":{"line":319,"column":4},"end":{"line":321,"column":5}}],"line":319},"71":{"loc":{"start":{"line":325,"column":7},"end":{"line":325,"column":11}},"type":"default-arg","locations":[{"start":{"line":325,"column":9},"end":{"line":325,"column":11}}],"line":325},"72":{"loc":{"start":{"line":329,"column":7},"end":{"line":329,"column":11}},"type":"default-arg","locations":[{"start":{"line":329,"column":9},"end":{"line":329,"column":11}}],"line":329},"73":{"loc":{"start":{"line":330,"column":4},"end":{"line":332,"column":5}},"type":"if","locations":[{"start":{"line":330,"column":4},"end":{"line":332,"column":5}},{"start":{"line":330,"column":4},"end":{"line":332,"column":5}}],"line":330},"74":{"loc":{"start":{"line":336,"column":16},"end":{"line":336,"column":39}},"type":"default-arg","locations":[{"start":{"line":336,"column":34},"end":{"line":336,"column":39}}],"line":336},"75":{"loc":{"start":{"line":336,"column":41},"end":{"line":336,"column":56}},"type":"default-arg","locations":[{"start":{"line":336,"column":51},"end":{"line":336,"column":56}}],"line":336},"76":{"loc":{"start":{"line":343,"column":17},"end":{"line":343,"column":40}},"type":"default-arg","locations":[{"start":{"line":343,"column":35},"end":{"line":343,"column":40}}],"line":343},"77":{"loc":{"start":{"line":343,"column":42},"end":{"line":343,"column":57}},"type":"default-arg","locations":[{"start":{"line":343,"column":52},"end":{"line":343,"column":57}}],"line":343},"78":{"loc":{"start":{"line":350,"column":4},"end":{"line":352,"column":5}},"type":"if","locations":[{"start":{"line":350,"column":4},"end":{"line":352,"column":5}},{"start":{"line":350,"column":4},"end":{"line":352,"column":5}}],"line":350},"79":{"loc":{"start":{"line":359,"column":4},"end":{"line":361,"column":5}},"type":"if","locations":[{"start":{"line":359,"column":4},"end":{"line":361,"column":5}},{"start":{"line":359,"column":4},"end":{"line":361,"column":5}}],"line":359},"80":{"loc":{"start":{"line":368,"column":4},"end":{"line":370,"column":5}},"type":"if","locations":[{"start":{"line":368,"column":4},"end":{"line":370,"column":5}},{"start":{"line":368,"column":4},"end":{"line":370,"column":5}}],"line":368},"81":{"loc":{"start":{"line":371,"column":4},"end":{"line":373,"column":5}},"type":"if","locations":[{"start":{"line":371,"column":4},"end":{"line":373,"column":5}},{"start":{"line":371,"column":4},"end":{"line":373,"column":5}}],"line":371},"82":{"loc":{"start":{"line":382,"column":6},"end":{"line":384,"column":7}},"type":"if","locations":[{"start":{"line":382,"column":6},"end":{"line":384,"column":7}},{"start":{"line":382,"column":6},"end":{"line":384,"column":7}}],"line":382},"83":{"loc":{"start":{"line":389,"column":6},"end":{"line":389,"column":21}},"type":"default-arg","locations":[{"start":{"line":389,"column":17},"end":{"line":389,"column":21}}],"line":389},"84":{"loc":{"start":{"line":389,"column":23},"end":{"line":389,"column":39}},"type":"default-arg","locations":[{"start":{"line":389,"column":36},"end":{"line":389,"column":39}}],"line":389},"85":{"loc":{"start":{"line":392,"column":38},"end":{"line":392,"column":51}},"type":"cond-expr","locations":[{"start":{"line":392,"column":46},"end":{"line":392,"column":47}},{"start":{"line":392,"column":50},"end":{"line":392,"column":51}}],"line":392},"86":{"loc":{"start":{"line":397,"column":6},"end":{"line":397,"column":21}},"type":"default-arg","locations":[{"start":{"line":397,"column":17},"end":{"line":397,"column":21}}],"line":397},"87":{"loc":{"start":{"line":397,"column":23},"end":{"line":397,"column":39}},"type":"default-arg","locations":[{"start":{"line":397,"column":36},"end":{"line":397,"column":39}}],"line":397},"88":{"loc":{"start":{"line":400,"column":38},"end":{"line":400,"column":51}},"type":"cond-expr","locations":[{"start":{"line":400,"column":46},"end":{"line":400,"column":47}},{"start":{"line":400,"column":50},"end":{"line":400,"column":51}}],"line":400},"89":{"loc":{"start":{"line":405,"column":6},"end":{"line":405,"column":21}},"type":"default-arg","locations":[{"start":{"line":405,"column":17},"end":{"line":405,"column":21}}],"line":405},"90":{"loc":{"start":{"line":405,"column":23},"end":{"line":405,"column":39}},"type":"default-arg","locations":[{"start":{"line":405,"column":36},"end":{"line":405,"column":39}}],"line":405},"91":{"loc":{"start":{"line":413,"column":6},"end":{"line":413,"column":21}},"type":"default-arg","locations":[{"start":{"line":413,"column":17},"end":{"line":413,"column":21}}],"line":413},"92":{"loc":{"start":{"line":413,"column":23},"end":{"line":413,"column":39}},"type":"default-arg","locations":[{"start":{"line":413,"column":36},"end":{"line":413,"column":39}}],"line":413},"93":{"loc":{"start":{"line":421,"column":13},"end":{"line":421,"column":21}},"type":"default-arg","locations":[{"start":{"line":421,"column":20},"end":{"line":421,"column":21}}],"line":421},"94":{"loc":{"start":{"line":421,"column":23},"end":{"line":421,"column":36}},"type":"default-arg","locations":[{"start":{"line":421,"column":34},"end":{"line":421,"column":36}}],"line":421},"95":{"loc":{"start":{"line":421,"column":38},"end":{"line":421,"column":54}},"type":"default-arg","locations":[{"start":{"line":421,"column":51},"end":{"line":421,"column":54}}],"line":421},"96":{"loc":{"start":{"line":432,"column":13},"end":{"line":432,"column":16}},"type":"default-arg","locations":[{"start":{"line":432,"column":15},"end":{"line":432,"column":16}}],"line":432},"97":{"loc":{"start":{"line":432,"column":18},"end":{"line":432,"column":32}},"type":"default-arg","locations":[{"start":{"line":432,"column":29},"end":{"line":432,"column":32}}],"line":432},"98":{"loc":{"start":{"line":432,"column":34},"end":{"line":432,"column":50}},"type":"default-arg","locations":[{"start":{"line":432,"column":47},"end":{"line":432,"column":50}}],"line":432},"99":{"loc":{"start":{"line":449,"column":12},"end":{"line":449,"column":15}},"type":"default-arg","locations":[{"start":{"line":449,"column":14},"end":{"line":449,"column":15}}],"line":449},"100":{"loc":{"start":{"line":449,"column":17},"end":{"line":449,"column":30}},"type":"default-arg","locations":[{"start":{"line":449,"column":28},"end":{"line":449,"column":30}}],"line":449},"101":{"loc":{"start":{"line":449,"column":32},"end":{"line":449,"column":48}},"type":"default-arg","locations":[{"start":{"line":449,"column":45},"end":{"line":449,"column":48}}],"line":449},"102":{"loc":{"start":{"line":453,"column":7},"end":{"line":453,"column":22}},"type":"default-arg","locations":[{"start":{"line":453,"column":18},"end":{"line":453,"column":22}}],"line":453},"103":{"loc":{"start":{"line":457,"column":8},"end":{"line":457,"column":23}},"type":"default-arg","locations":[{"start":{"line":457,"column":19},"end":{"line":457,"column":23}}],"line":457},"104":{"loc":{"start":{"line":461,"column":11},"end":{"line":461,"column":26}},"type":"default-arg","locations":[{"start":{"line":461,"column":22},"end":{"line":461,"column":26}}],"line":461},"105":{"loc":{"start":{"line":462,"column":11},"end":{"line":462,"column":63}},"type":"cond-expr","locations":[{"start":{"line":462,"column":41},"end":{"line":462,"column":51}},{"start":{"line":462,"column":54},"end":{"line":462,"column":63}}],"line":462},"106":{"loc":{"start":{"line":465,"column":17},"end":{"line":465,"column":32}},"type":"default-arg","locations":[{"start":{"line":465,"column":28},"end":{"line":465,"column":32}}],"line":465},"107":{"loc":{"start":{"line":469,"column":11},"end":{"line":469,"column":27}},"type":"default-arg","locations":[{"start":{"line":469,"column":24},"end":{"line":469,"column":27}}],"line":469},"108":{"loc":{"start":{"line":483,"column":24},"end":{"line":483,"column":57}},"type":"default-arg","locations":[{"start":{"line":483,"column":42},"end":{"line":483,"column":57}}],"line":483},"109":{"loc":{"start":{"line":483,"column":59},"end":{"line":483,"column":86}},"type":"default-arg","locations":[{"start":{"line":483,"column":80},"end":{"line":483,"column":86}}],"line":483},"110":{"loc":{"start":{"line":490,"column":8},"end":{"line":492,"column":9}},"type":"if","locations":[{"start":{"line":490,"column":8},"end":{"line":492,"column":9}},{"start":{"line":490,"column":8},"end":{"line":492,"column":9}}],"line":490},"111":{"loc":{"start":{"line":493,"column":8},"end":{"line":495,"column":9}},"type":"if","locations":[{"start":{"line":493,"column":8},"end":{"line":495,"column":9}},{"start":{"line":493,"column":8},"end":{"line":495,"column":9}}],"line":493},"112":{"loc":{"start":{"line":501,"column":15},"end":{"line":501,"column":38}},"type":"default-arg","locations":[{"start":{"line":501,"column":23},"end":{"line":501,"column":38}}],"line":501},"113":{"loc":{"start":{"line":501,"column":40},"end":{"line":501,"column":53}},"type":"default-arg","locations":[{"start":{"line":501,"column":45},"end":{"line":501,"column":53}}],"line":501},"114":{"loc":{"start":{"line":501,"column":55},"end":{"line":501,"column":70}},"type":"default-arg","locations":[{"start":{"line":501,"column":66},"end":{"line":501,"column":70}}],"line":501},"115":{"loc":{"start":{"line":505,"column":8},"end":{"line":507,"column":9}},"type":"if","locations":[{"start":{"line":505,"column":8},"end":{"line":507,"column":9}},{"start":{"line":505,"column":8},"end":{"line":507,"column":9}}],"line":505},"116":{"loc":{"start":{"line":513,"column":7},"end":{"line":513,"column":20}},"type":"default-arg","locations":[{"start":{"line":513,"column":18},"end":{"line":513,"column":20}}],"line":513},"117":{"loc":{"start":{"line":513,"column":22},"end":{"line":513,"column":38}},"type":"default-arg","locations":[{"start":{"line":513,"column":35},"end":{"line":513,"column":38}}],"line":513},"118":{"loc":{"start":{"line":519,"column":8},"end":{"line":519,"column":19}},"type":"default-arg","locations":[{"start":{"line":519,"column":18},"end":{"line":519,"column":19}}],"line":519},"119":{"loc":{"start":{"line":519,"column":21},"end":{"line":519,"column":34}},"type":"default-arg","locations":[{"start":{"line":519,"column":32},"end":{"line":519,"column":34}}],"line":519},"120":{"loc":{"start":{"line":519,"column":36},"end":{"line":519,"column":52}},"type":"default-arg","locations":[{"start":{"line":519,"column":49},"end":{"line":519,"column":52}}],"line":519},"121":{"loc":{"start":{"line":526,"column":6},"end":{"line":526,"column":19}},"type":"default-arg","locations":[{"start":{"line":526,"column":17},"end":{"line":526,"column":19}}],"line":526},"122":{"loc":{"start":{"line":526,"column":21},"end":{"line":526,"column":37}},"type":"default-arg","locations":[{"start":{"line":526,"column":34},"end":{"line":526,"column":37}}],"line":526},"123":{"loc":{"start":{"line":532,"column":16},"end":{"line":532,"column":33}},"type":"default-arg","locations":[{"start":{"line":532,"column":24},"end":{"line":532,"column":33}}],"line":532},"124":{"loc":{"start":{"line":532,"column":35},"end":{"line":532,"column":58}},"type":"default-arg","locations":[{"start":{"line":532,"column":53},"end":{"line":532,"column":58}}],"line":532},"125":{"loc":{"start":{"line":532,"column":60},"end":{"line":532,"column":75}},"type":"default-arg","locations":[{"start":{"line":532,"column":70},"end":{"line":532,"column":75}}],"line":532},"126":{"loc":{"start":{"line":533,"column":4},"end":{"line":535,"column":5}},"type":"if","locations":[{"start":{"line":533,"column":4},"end":{"line":535,"column":5}},{"start":{"line":533,"column":4},"end":{"line":535,"column":5}}],"line":533},"127":{"loc":{"start":{"line":539,"column":19},"end":{"line":539,"column":36}},"type":"default-arg","locations":[{"start":{"line":539,"column":32},"end":{"line":539,"column":36}}],"line":539},"128":{"loc":{"start":{"line":539,"column":38},"end":{"line":539,"column":61}},"type":"default-arg","locations":[{"start":{"line":539,"column":56},"end":{"line":539,"column":61}}],"line":539},"129":{"loc":{"start":{"line":539,"column":63},"end":{"line":539,"column":78}},"type":"default-arg","locations":[{"start":{"line":539,"column":73},"end":{"line":539,"column":78}}],"line":539},"130":{"loc":{"start":{"line":541,"column":4},"end":{"line":545,"column":5}},"type":"if","locations":[{"start":{"line":541,"column":4},"end":{"line":545,"column":5}},{"start":{"line":541,"column":4},"end":{"line":545,"column":5}}],"line":541},"131":{"loc":{"start":{"line":549,"column":13},"end":{"line":549,"column":29}},"type":"default-arg","locations":[{"start":{"line":549,"column":26},"end":{"line":549,"column":29}}],"line":549},"132":{"loc":{"start":{"line":550,"column":4},"end":{"line":552,"column":5}},"type":"if","locations":[{"start":{"line":550,"column":4},"end":{"line":552,"column":5}},{"start":{"line":550,"column":4},"end":{"line":552,"column":5}}],"line":550},"133":{"loc":{"start":{"line":553,"column":4},"end":{"line":555,"column":5}},"type":"if","locations":[{"start":{"line":553,"column":4},"end":{"line":555,"column":5}},{"start":{"line":553,"column":4},"end":{"line":555,"column":5}}],"line":553},"134":{"loc":{"start":{"line":557,"column":11},"end":{"line":557,"column":51}},"type":"cond-expr","locations":[{"start":{"line":557,"column":35},"end":{"line":557,"column":47}},{"start":{"line":557,"column":50},"end":{"line":557,"column":51}}],"line":557},"135":{"loc":{"start":{"line":562,"column":4},"end":{"line":564,"column":5}},"type":"if","locations":[{"start":{"line":562,"column":4},"end":{"line":564,"column":5}},{"start":{"line":562,"column":4},"end":{"line":564,"column":5}}],"line":562},"136":{"loc":{"start":{"line":562,"column":8},"end":{"line":562,"column":70}},"type":"binary-expr","locations":[{"start":{"line":562,"column":8},"end":{"line":562,"column":22}},{"start":{"line":562,"column":26},"end":{"line":562,"column":45}},{"start":{"line":562,"column":49},"end":{"line":562,"column":70}}],"line":562},"137":{"loc":{"start":{"line":565,"column":4},"end":{"line":567,"column":5}},"type":"if","locations":[{"start":{"line":565,"column":4},"end":{"line":567,"column":5}},{"start":{"line":565,"column":4},"end":{"line":567,"column":5}}],"line":565},"138":{"loc":{"start":{"line":569,"column":4},"end":{"line":571,"column":5}},"type":"if","locations":[{"start":{"line":569,"column":4},"end":{"line":571,"column":5}},{"start":{"line":569,"column":4},"end":{"line":571,"column":5}}],"line":569},"139":{"loc":{"start":{"line":575,"column":42},"end":{"line":575,"column":58}},"type":"default-arg","locations":[{"start":{"line":575,"column":55},"end":{"line":575,"column":58}}],"line":575},"140":{"loc":{"start":{"line":576,"column":4},"end":{"line":578,"column":5}},"type":"if","locations":[{"start":{"line":576,"column":4},"end":{"line":578,"column":5}},{"start":{"line":576,"column":4},"end":{"line":578,"column":5}}],"line":576},"141":{"loc":{"start":{"line":588,"column":4},"end":{"line":590,"column":5}},"type":"if","locations":[{"start":{"line":588,"column":4},"end":{"line":590,"column":5}},{"start":{"line":588,"column":4},"end":{"line":590,"column":5}}],"line":588},"142":{"loc":{"start":{"line":598,"column":7},"end":{"line":598,"column":14}},"type":"default-arg","locations":[{"start":{"line":598,"column":13},"end":{"line":598,"column":14}}],"line":598},"143":{"loc":{"start":{"line":598,"column":16},"end":{"line":598,"column":29}},"type":"default-arg","locations":[{"start":{"line":598,"column":27},"end":{"line":598,"column":29}}],"line":598},"144":{"loc":{"start":{"line":598,"column":31},"end":{"line":598,"column":47}},"type":"default-arg","locations":[{"start":{"line":598,"column":44},"end":{"line":598,"column":47}}],"line":598},"145":{"loc":{"start":{"line":602,"column":7},"end":{"line":602,"column":14}},"type":"default-arg","locations":[{"start":{"line":602,"column":13},"end":{"line":602,"column":14}}],"line":602},"146":{"loc":{"start":{"line":602,"column":16},"end":{"line":602,"column":29}},"type":"default-arg","locations":[{"start":{"line":602,"column":27},"end":{"line":602,"column":29}}],"line":602},"147":{"loc":{"start":{"line":602,"column":31},"end":{"line":602,"column":47}},"type":"default-arg","locations":[{"start":{"line":602,"column":44},"end":{"line":602,"column":47}}],"line":602},"148":{"loc":{"start":{"line":606,"column":7},"end":{"line":606,"column":14}},"type":"default-arg","locations":[{"start":{"line":606,"column":13},"end":{"line":606,"column":14}}],"line":606},"149":{"loc":{"start":{"line":606,"column":16},"end":{"line":606,"column":29}},"type":"default-arg","locations":[{"start":{"line":606,"column":27},"end":{"line":606,"column":29}}],"line":606},"150":{"loc":{"start":{"line":606,"column":31},"end":{"line":606,"column":47}},"type":"default-arg","locations":[{"start":{"line":606,"column":44},"end":{"line":606,"column":47}}],"line":606},"151":{"loc":{"start":{"line":610,"column":8},"end":{"line":610,"column":15}},"type":"default-arg","locations":[{"start":{"line":610,"column":14},"end":{"line":610,"column":15}}],"line":610},"152":{"loc":{"start":{"line":610,"column":17},"end":{"line":610,"column":30}},"type":"default-arg","locations":[{"start":{"line":610,"column":28},"end":{"line":610,"column":30}}],"line":610},"153":{"loc":{"start":{"line":610,"column":32},"end":{"line":610,"column":48}},"type":"default-arg","locations":[{"start":{"line":610,"column":45},"end":{"line":610,"column":48}}],"line":610},"154":{"loc":{"start":{"line":614,"column":6},"end":{"line":614,"column":13}},"type":"default-arg","locations":[{"start":{"line":614,"column":12},"end":{"line":614,"column":13}}],"line":614},"155":{"loc":{"start":{"line":614,"column":15},"end":{"line":614,"column":28}},"type":"default-arg","locations":[{"start":{"line":614,"column":26},"end":{"line":614,"column":28}}],"line":614},"156":{"loc":{"start":{"line":618,"column":10},"end":{"line":618,"column":23}},"type":"default-arg","locations":[{"start":{"line":618,"column":21},"end":{"line":618,"column":23}}],"line":618},"157":{"loc":{"start":{"line":618,"column":25},"end":{"line":618,"column":41}},"type":"default-arg","locations":[{"start":{"line":618,"column":38},"end":{"line":618,"column":41}}],"line":618},"158":{"loc":{"start":{"line":622,"column":6},"end":{"line":622,"column":13}},"type":"default-arg","locations":[{"start":{"line":622,"column":12},"end":{"line":622,"column":13}}],"line":622},"159":{"loc":{"start":{"line":622,"column":15},"end":{"line":622,"column":28}},"type":"default-arg","locations":[{"start":{"line":622,"column":26},"end":{"line":622,"column":28}}],"line":622},"160":{"loc":{"start":{"line":622,"column":30},"end":{"line":622,"column":46}},"type":"default-arg","locations":[{"start":{"line":622,"column":43},"end":{"line":622,"column":46}}],"line":622},"161":{"loc":{"start":{"line":626,"column":6},"end":{"line":626,"column":13}},"type":"default-arg","locations":[{"start":{"line":626,"column":12},"end":{"line":626,"column":13}}],"line":626},"162":{"loc":{"start":{"line":626,"column":15},"end":{"line":626,"column":28}},"type":"default-arg","locations":[{"start":{"line":626,"column":26},"end":{"line":626,"column":28}}],"line":626},"163":{"loc":{"start":{"line":626,"column":30},"end":{"line":626,"column":46}},"type":"default-arg","locations":[{"start":{"line":626,"column":43},"end":{"line":626,"column":46}}],"line":626},"164":{"loc":{"start":{"line":630,"column":6},"end":{"line":630,"column":13}},"type":"default-arg","locations":[{"start":{"line":630,"column":12},"end":{"line":630,"column":13}}],"line":630},"165":{"loc":{"start":{"line":630,"column":15},"end":{"line":630,"column":28}},"type":"default-arg","locations":[{"start":{"line":630,"column":26},"end":{"line":630,"column":28}}],"line":630},"166":{"loc":{"start":{"line":630,"column":30},"end":{"line":630,"column":46}},"type":"default-arg","locations":[{"start":{"line":630,"column":43},"end":{"line":630,"column":46}}],"line":630},"167":{"loc":{"start":{"line":652,"column":8},"end":{"line":652,"column":20}},"type":"default-arg","locations":[{"start":{"line":652,"column":15},"end":{"line":652,"column":20}}],"line":652},"168":{"loc":{"start":{"line":652,"column":22},"end":{"line":652,"column":36}},"type":"default-arg","locations":[{"start":{"line":652,"column":32},"end":{"line":652,"column":36}}],"line":652},"169":{"loc":{"start":{"line":653,"column":4},"end":{"line":655,"column":5}},"type":"if","locations":[{"start":{"line":653,"column":4},"end":{"line":655,"column":5}},{"start":{"line":653,"column":4},"end":{"line":655,"column":5}}],"line":653},"170":{"loc":{"start":{"line":656,"column":4},"end":{"line":658,"column":5}},"type":"if","locations":[{"start":{"line":656,"column":4},"end":{"line":658,"column":5}},{"start":{"line":656,"column":4},"end":{"line":658,"column":5}}],"line":656},"171":{"loc":{"start":{"line":669,"column":12},"end":{"line":669,"column":26}},"type":"default-arg","locations":[{"start":{"line":669,"column":22},"end":{"line":669,"column":26}}],"line":669},"172":{"loc":{"start":{"line":670,"column":4},"end":{"line":672,"column":5}},"type":"if","locations":[{"start":{"line":670,"column":4},"end":{"line":672,"column":5}},{"start":{"line":670,"column":4},"end":{"line":672,"column":5}}],"line":670},"173":{"loc":{"start":{"line":675,"column":8},"end":{"line":677,"column":9}},"type":"if","locations":[{"start":{"line":675,"column":8},"end":{"line":677,"column":9}},{"start":{"line":675,"column":8},"end":{"line":677,"column":9}}],"line":675},"174":{"loc":{"start":{"line":675,"column":12},"end":{"line":675,"column":74}},"type":"binary-expr","locations":[{"start":{"line":675,"column":12},"end":{"line":675,"column":39}},{"start":{"line":675,"column":43},"end":{"line":675,"column":74}}],"line":675},"175":{"loc":{"start":{"line":678,"column":8},"end":{"line":680,"column":9}},"type":"if","locations":[{"start":{"line":678,"column":8},"end":{"line":680,"column":9}},{"start":{"line":678,"column":8},"end":{"line":680,"column":9}}],"line":678}},"s":{"0":50,"1":1323,"2":11,"3":1312,"4":292,"5":1020,"6":580,"7":490,"8":580,"9":486,"10":486,"11":1073,"12":1073,"13":486,"14":94,"15":1,"16":1,"17":6,"18":6,"19":1,"20":93,"21":440,"22":1451,"23":39,"24":2,"25":37,"26":1412,"27":180,"28":1232,"29":916,"30":916,"31":1,"32":915,"33":175,"34":740,"35":916,"36":916,"37":1,"38":915,"39":202,"40":713,"41":916,"42":32,"43":884,"44":160,"45":724,"46":25,"47":699,"48":15,"49":684,"50":6,"51":678,"52":97,"53":581,"54":31,"55":5,"56":5,"57":31,"58":31,"59":27,"60":27,"61":247,"62":4,"63":4,"64":19,"65":31,"66":940,"67":930,"68":940,"69":176,"70":18,"71":18,"72":18,"73":627,"74":571,"75":627,"76":4,"77":623,"78":218,"79":217,"80":1,"81":405,"82":19,"83":17,"84":2,"85":386,"86":147,"87":2,"88":145,"89":145,"90":137,"91":8,"92":359,"93":371,"94":7,"95":1,"96":6,"97":3,"98":3,"99":5,"100":166,"101":186,"102":198,"103":198,"104":28,"105":170,"106":12,"107":158,"108":8,"109":18,"110":150,"111":255,"112":443,"113":56,"114":94,"115":179,"116":336,"117":1,"118":93,"119":32,"120":18,"121":207,"122":32,"123":19,"124":13,"125":23,"126":10,"127":3,"128":7,"129":7,"130":12,"131":5,"132":3,"133":2,"134":3,"135":20,"136":17,"137":3,"138":5,"139":9,"140":1,"141":8,"142":2,"143":6,"144":6,"145":6,"146":20,"147":20,"148":33,"149":20,"150":12,"151":6,"152":7,"153":5,"154":25,"155":7,"156":5,"157":25,"158":48,"159":45,"160":131,"161":8,"162":5,"163":14,"164":14,"165":10,"166":10,"167":40,"168":12,"169":10,"170":37,"171":37,"172":37,"173":37,"174":37,"175":6,"176":43,"177":6,"178":398,"179":343,"180":7,"181":21,"182":6,"183":15,"184":16,"185":16,"186":16,"187":128,"188":9,"189":119,"190":19,"191":100,"192":40,"193":2,"194":2,"195":14,"196":65,"197":14,"198":10,"199":4,"200":5,"201":2,"202":6,"203":10,"204":10,"205":7,"206":53,"207":5,"208":2,"209":8,"210":212,"211":166,"212":46,"213":117,"214":55,"215":62,"216":117,"217":166,"218":151,"219":15,"220":1,"221":14,"222":53,"223":730,"224":2,"225":728,"226":715,"227":13,"228":13,"229":1,"230":12,"231":80,"232":18,"233":62,"234":337,"235":118,"236":25,"237":93,"238":14,"239":36,"240":7,"241":7,"242":18,"243":28,"244":139,"245":14,"246":71,"247":3,"248":9,"249":29,"250":4,"251":22,"252":4,"253":22,"254":7,"255":48,"256":4,"257":5,"258":40,"259":4,"260":31,"261":13,"262":31,"263":4,"264":27,"265":54,"266":54,"267":18,"268":4,"269":18,"270":29,"271":14,"272":15,"273":2,"274":13,"275":29},"f":{"0":1323,"1":490,"2":1451,"3":916,"4":916,"5":916,"6":31,"7":940,"8":176,"9":18,"10":627,"11":147,"12":359,"13":371,"14":7,"15":5,"16":166,"17":186,"18":198,"19":18,"20":255,"21":443,"22":179,"23":336,"24":32,"25":18,"26":207,"27":32,"28":23,"29":10,"30":7,"31":12,"32":5,"33":3,"34":20,"35":5,"36":9,"37":33,"38":7,"39":5,"40":25,"41":7,"42":5,"43":25,"44":48,"45":45,"46":131,"47":8,"48":5,"49":14,"50":10,"51":40,"52":12,"53":10,"54":37,"55":37,"56":37,"57":6,"58":43,"59":6,"60":398,"61":343,"62":7,"63":21,"64":16,"65":6,"66":15,"67":128,"68":2,"69":40,"70":2,"71":14,"72":65,"73":5,"74":2,"75":6,"76":10,"77":7,"78":53,"79":5,"80":2,"81":8,"82":212,"83":117,"84":166,"85":53,"86":730,"87":80,"88":337,"89":118,"90":14,"91":36,"92":7,"93":7,"94":18,"95":28,"96":139,"97":14,"98":71,"99":3,"100":9,"101":29,"102":4,"103":22,"104":4,"105":22,"106":7,"107":48,"108":4,"109":5,"110":40,"111":4,"112":31,"113":54,"114":54,"115":18,"116":29,"117":29},"b":{"0":[312],"1":[748],"2":[11,1312],"3":[1323,1320,1318],"4":[292,1020],"5":[580,440],"6":[486,94],"7":[580,487],"8":[1,93],"9":[94,1],"10":[43],"11":[43],"12":[39,1412],"13":[1451,1441,1422],"14":[2,37],"15":[180,1232],"16":[68],"17":[69],"18":[1,915],"19":[175,740],"20":[915,868],"21":[1,915],"22":[202,713],"23":[915,842],"24":[32,884],"25":[916,740,623,716,607],"26":[160,724],"27":[884,167],"28":[25,699],"29":[724,717],"30":[15,684],"31":[699,698],"32":[6,678],"33":[684,683],"34":[97,581],"35":[5],"36":[12],"37":[5,26],"38":[27,4],"39":[930,10],"40":[2],"41":[2,16],"42":[407],"43":[407],"44":[407],"45":[571],"46":[571,56],"47":[4,623],"48":[627,627,625],"49":[218,405],"50":[217,1],"51":[19,386],"52":[17,2],"53":[2],"54":[128],"55":[128],"56":[2,145],"57":[137,8],"58":[1,6],"59":[3,3],"60":[9],"61":[9],"62":[28,170],"63":[12,158],"64":[170,158],"65":[8,150],"66":[56,94],"67":[1,93],"68":[30],"69":[16],"70":[19,13],"71":[1],"72":[1],"73":[3,7],"74":[7],"75":[7],"76":[12],"77":[12],"78":[3,2],"79":[17,3],"80":[1,8],"81":[2,6],"82":[12,8],"83":[6],"84":[7],"85":[18,7],"86":[6],"87":[7],"88":[21,4],"89":[47],"90":[48],"91":[7],"92":[8],"93":[7],"94":[9],"95":[10],"96":[5],"97":[6],"98":[6],"99":[5],"100":[6],"101":[6],"102":[42],"103":[5],"104":[5],"105":[11,387],"106":[4],"107":[6],"108":[2],"109":[3],"110":[9,119],"111":[19,100],"112":[1],"113":[1],"114":[1],"115":[10,4],"116":[3],"117":[4],"118":[3],"119":[8],"120":[9],"121":[3],"122":[4],"123":[166],"124":[212],"125":[212],"126":[166,46],"127":[55],"128":[117],"129":[117],"130":[55,62],"131":[2],"132":[151,15],"133":[1,14],"134":[31,22],"135":[2,728],"136":[730,729,728],"137":[715,13],"138":[1,12],"139":[13],"140":[18,62],"141":[25,93],"142":[2],"143":[6],"144":[7],"145":[2],"146":[6],"147":[7],"148":[2],"149":[5],"150":[6],"151":[2],"152":[26],"153":[27],"154":[2],"155":[12],"156":[3],"157":[3],"158":[3],"159":[4],"160":[5],"161":[3],"162":[4],"163":[4],"164":[3],"165":[4],"166":[4],"167":[9],"168":[13],"169":[13,18],"170":[4,27],"171":[4],"172":[4,14],"173":[14,15],"174":[29,29],"175":[2,13]},"_coverageSchema":"332fd63041d2c1bcb487cc26dd0d5f7d97098a6c","hash":"57a864151d69f338a210f20e54a76dd0953234f9"}
}
