{"/var/www/html/npm-mapreducekv-js/index.js": {"path":"/var/www/html/npm-mapreducekv-js/index.js","statementMap":{"0":{"start":{"line":1,"column":0},"end":{"line":562,"column":1}},"1":{"start":{"line":7,"column":4},"end":{"line":9,"column":5}},"2":{"start":{"line":8,"column":6},"end":{"line":8,"column":68}},"3":{"start":{"line":10,"column":4},"end":{"line":12,"column":5}},"4":{"start":{"line":11,"column":6},"end":{"line":11,"column":15}},"5":{"start":{"line":13,"column":4},"end":{"line":19,"column":5}},"6":{"start":{"line":14,"column":22},"end":{"line":14,"column":53}},"7":{"start":{"line":14,"column":36},"end":{"line":14,"column":51}},"8":{"start":{"line":15,"column":6},"end":{"line":17,"column":7}},"9":{"start":{"line":16,"column":8},"end":{"line":16,"column":50}},"10":{"start":{"line":18,"column":6},"end":{"line":18,"column":57}},"11":{"start":{"line":20,"column":4},"end":{"line":20,"column":48}},"12":{"start":{"line":30,"column":18},"end":{"line":40,"column":7}},"13":{"start":{"line":32,"column":10},"end":{"line":34,"column":11}},"14":{"start":{"line":33,"column":12},"end":{"line":33,"column":24}},"15":{"start":{"line":35,"column":10},"end":{"line":37,"column":11}},"16":{"start":{"line":36,"column":12},"end":{"line":36,"column":37}},"17":{"start":{"line":38,"column":10},"end":{"line":38,"column":22}},"18":{"start":{"line":43,"column":18},"end":{"line":53,"column":7}},"19":{"start":{"line":45,"column":8},"end":{"line":47,"column":9}},"20":{"start":{"line":46,"column":10},"end":{"line":46,"column":22}},"21":{"start":{"line":48,"column":8},"end":{"line":50,"column":9}},"22":{"start":{"line":49,"column":10},"end":{"line":49,"column":35}},"23":{"start":{"line":51,"column":8},"end":{"line":51,"column":20}},"24":{"start":{"line":56,"column":4},"end":{"line":63,"column":5}},"25":{"start":{"line":62,"column":6},"end":{"line":62,"column":19}},"26":{"start":{"line":65,"column":4},"end":{"line":68,"column":5}},"27":{"start":{"line":67,"column":6},"end":{"line":67,"column":66}},"28":{"start":{"line":70,"column":4},"end":{"line":77,"column":5}},"29":{"start":{"line":72,"column":6},"end":{"line":76,"column":8}},"30":{"start":{"line":79,"column":4},"end":{"line":82,"column":5}},"31":{"start":{"line":81,"column":6},"end":{"line":81,"column":27}},"32":{"start":{"line":84,"column":4},"end":{"line":87,"column":5}},"33":{"start":{"line":86,"column":6},"end":{"line":86,"column":27}},"34":{"start":{"line":89,"column":4},"end":{"line":92,"column":5}},"35":{"start":{"line":91,"column":6},"end":{"line":91,"column":20}},"36":{"start":{"line":95,"column":4},"end":{"line":95,"column":19}},"37":{"start":{"line":99,"column":4},"end":{"line":102,"column":5}},"38":{"start":{"line":100,"column":6},"end":{"line":100,"column":12}},"39":{"start":{"line":101,"column":6},"end":{"line":101,"column":12}},"40":{"start":{"line":103,"column":15},"end":{"line":103,"column":30}},"41":{"start":{"line":104,"column":4},"end":{"line":114,"column":5}},"42":{"start":{"line":105,"column":6},"end":{"line":105,"column":30}},"43":{"start":{"line":106,"column":6},"end":{"line":108,"column":7}},"44":{"start":{"line":107,"column":10},"end":{"line":107,"column":23}},"45":{"start":{"line":110,"column":6},"end":{"line":110,"column":35}},"46":{"start":{"line":111,"column":6},"end":{"line":113,"column":7}},"47":{"start":{"line":112,"column":10},"end":{"line":112,"column":23}},"48":{"start":{"line":115,"column":4},"end":{"line":115,"column":16}},"49":{"start":{"line":122,"column":4},"end":{"line":149,"column":6}},"50":{"start":{"line":153,"column":4},"end":{"line":153,"column":25}},"51":{"start":{"line":161,"column":4},"end":{"line":163,"column":5}},"52":{"start":{"line":162,"column":6},"end":{"line":162,"column":18}},"53":{"start":{"line":164,"column":22},"end":{"line":164,"column":44}},"54":{"start":{"line":165,"column":4},"end":{"line":167,"column":5}},"55":{"start":{"line":166,"column":6},"end":{"line":166,"column":54}},"56":{"start":{"line":168,"column":4},"end":{"line":170,"column":6}},"57":{"start":{"line":174,"column":4},"end":{"line":174,"column":45}},"58":{"start":{"line":174,"column":28},"end":{"line":174,"column":42}},"59":{"start":{"line":178,"column":4},"end":{"line":180,"column":5}},"60":{"start":{"line":179,"column":6},"end":{"line":179,"column":18}},"61":{"start":{"line":181,"column":4},"end":{"line":183,"column":5}},"62":{"start":{"line":182,"column":6},"end":{"line":182,"column":19}},"63":{"start":{"line":184,"column":4},"end":{"line":184,"column":41}},"64":{"start":{"line":184,"column":28},"end":{"line":184,"column":38}},"65":{"start":{"line":188,"column":4},"end":{"line":188,"column":46}},"66":{"start":{"line":188,"column":28},"end":{"line":188,"column":43}},"67":{"start":{"line":192,"column":21},"end":{"line":192,"column":25}},"68":{"start":{"line":193,"column":4},"end":{"line":198,"column":5}},"69":{"start":{"line":197,"column":6},"end":{"line":197,"column":19}},"70":{"start":{"line":200,"column":4},"end":{"line":203,"column":5}},"71":{"start":{"line":202,"column":6},"end":{"line":202,"column":60}},"72":{"start":{"line":205,"column":4},"end":{"line":213,"column":5}},"73":{"start":{"line":207,"column":6},"end":{"line":212,"column":7}},"74":{"start":{"line":210,"column":10},"end":{"line":210,"column":67}},"75":{"start":{"line":215,"column":4},"end":{"line":232,"column":5}},"76":{"start":{"line":217,"column":25},"end":{"line":227,"column":9}},"77":{"start":{"line":220,"column":12},"end":{"line":225,"column":13}},"78":{"start":{"line":231,"column":6},"end":{"line":231,"column":19}},"79":{"start":{"line":233,"column":4},"end":{"line":249,"column":5}},"80":{"start":{"line":235,"column":24},"end":{"line":245,"column":9}},"81":{"start":{"line":238,"column":12},"end":{"line":243,"column":13}},"82":{"start":{"line":248,"column":6},"end":{"line":248,"column":19}},"83":{"start":{"line":250,"column":4},"end":{"line":250,"column":16}},"84":{"start":{"line":254,"column":4},"end":{"line":254,"column":64}},"85":{"start":{"line":258,"column":4},"end":{"line":258,"column":63}},"86":{"start":{"line":262,"column":4},"end":{"line":262,"column":33}},"87":{"start":{"line":266,"column":4},"end":{"line":268,"column":5}},"88":{"start":{"line":267,"column":6},"end":{"line":267,"column":34}},"89":{"start":{"line":269,"column":4},"end":{"line":269,"column":28}},"90":{"start":{"line":273,"column":4},"end":{"line":273,"column":24}},"91":{"start":{"line":277,"column":4},"end":{"line":279,"column":5}},"92":{"start":{"line":278,"column":6},"end":{"line":278,"column":55}},"93":{"start":{"line":280,"column":4},"end":{"line":280,"column":41}},"94":{"start":{"line":284,"column":15},"end":{"line":284,"column":26}},"95":{"start":{"line":285,"column":4},"end":{"line":285,"column":19}},"96":{"start":{"line":286,"column":4},"end":{"line":286,"column":16}},"97":{"start":{"line":290,"column":4},"end":{"line":290,"column":44}},"98":{"start":{"line":294,"column":4},"end":{"line":296,"column":5}},"99":{"start":{"line":295,"column":6},"end":{"line":295,"column":32}},"100":{"start":{"line":297,"column":4},"end":{"line":299,"column":6}},"101":{"start":{"line":298,"column":21},"end":{"line":298,"column":59}},"102":{"start":{"line":303,"column":4},"end":{"line":305,"column":5}},"103":{"start":{"line":304,"column":6},"end":{"line":304,"column":37}},"104":{"start":{"line":306,"column":4},"end":{"line":308,"column":6}},"105":{"start":{"line":307,"column":21},"end":{"line":307,"column":59}},"106":{"start":{"line":312,"column":4},"end":{"line":314,"column":5}},"107":{"start":{"line":313,"column":6},"end":{"line":313,"column":18}},"108":{"start":{"line":315,"column":4},"end":{"line":319,"column":5}},"109":{"start":{"line":316,"column":19},"end":{"line":316,"column":34}},"110":{"start":{"line":317,"column":6},"end":{"line":317,"column":31}},"111":{"start":{"line":318,"column":6},"end":{"line":318,"column":20}},"112":{"start":{"line":321,"column":17},"end":{"line":321,"column":32}},"113":{"start":{"line":322,"column":15},"end":{"line":322,"column":26}},"114":{"start":{"line":323,"column":4},"end":{"line":331,"column":5}},"115":{"start":{"line":324,"column":20},"end":{"line":324,"column":30}},"116":{"start":{"line":325,"column":19},"end":{"line":327,"column":7}},"117":{"start":{"line":326,"column":19},"end":{"line":326,"column":59}},"118":{"start":{"line":328,"column":6},"end":{"line":330,"column":7}},"119":{"start":{"line":329,"column":8},"end":{"line":329,"column":47}},"120":{"start":{"line":332,"column":4},"end":{"line":332,"column":18}},"121":{"start":{"line":336,"column":4},"end":{"line":340,"column":5}},"122":{"start":{"line":338,"column":8},"end":{"line":338,"column":54}},"123":{"start":{"line":338,"column":38},"end":{"line":338,"column":51}},"124":{"start":{"line":344,"column":4},"end":{"line":348,"column":5}},"125":{"start":{"line":346,"column":8},"end":{"line":346,"column":54}},"126":{"start":{"line":346,"column":38},"end":{"line":346,"column":51}},"127":{"start":{"line":352,"column":4},"end":{"line":356,"column":5}},"128":{"start":{"line":354,"column":8},"end":{"line":354,"column":44}},"129":{"start":{"line":354,"column":37},"end":{"line":354,"column":42}},"130":{"start":{"line":360,"column":4},"end":{"line":365,"column":5}},"131":{"start":{"line":362,"column":20},"end":{"line":362,"column":30}},"132":{"start":{"line":363,"column":8},"end":{"line":363,"column":40}},"133":{"start":{"line":369,"column":4},"end":{"line":374,"column":5}},"134":{"start":{"line":371,"column":20},"end":{"line":371,"column":30}},"135":{"start":{"line":372,"column":8},"end":{"line":372,"column":42}},"136":{"start":{"line":372,"column":30},"end":{"line":372,"column":39}},"137":{"start":{"line":378,"column":4},"end":{"line":387,"column":5}},"138":{"start":{"line":379,"column":14},"end":{"line":379,"column":31}},"139":{"start":{"line":382,"column":16},"end":{"line":382,"column":24}},"140":{"start":{"line":383,"column":19},"end":{"line":383,"column":36}},"141":{"start":{"line":383,"column":30},"end":{"line":383,"column":35}},"142":{"start":{"line":384,"column":8},"end":{"line":384,"column":30}},"143":{"start":{"line":391,"column":4},"end":{"line":391,"column":41}},"144":{"start":{"line":395,"column":4},"end":{"line":395,"column":88}},"145":{"start":{"line":399,"column":4},"end":{"line":399,"column":60}},"146":{"start":{"line":403,"column":4},"end":{"line":413,"column":14}},"147":{"start":{"line":406,"column":8},"end":{"line":410,"column":9}},"148":{"start":{"line":418,"column":37},"end":{"line":418,"column":42}},"149":{"start":{"line":419,"column":32},"end":{"line":419,"column":33}},"150":{"start":{"line":421,"column":17},"end":{"line":421,"column":59}},"151":{"start":{"line":422,"column":17},"end":{"line":422,"column":21}},"152":{"start":{"line":423,"column":4},"end":{"line":435,"column":5}},"153":{"start":{"line":427,"column":8},"end":{"line":429,"column":9}},"154":{"start":{"line":428,"column":10},"end":{"line":428,"column":51}},"155":{"start":{"line":430,"column":8},"end":{"line":432,"column":9}},"156":{"start":{"line":431,"column":10},"end":{"line":431,"column":57}},"157":{"start":{"line":433,"column":8},"end":{"line":433,"column":59}},"158":{"start":{"line":439,"column":26},"end":{"line":439,"column":32}},"159":{"start":{"line":440,"column":26},"end":{"line":440,"column":32}},"160":{"start":{"line":441,"column":24},"end":{"line":441,"column":25}},"161":{"start":{"line":444,"column":4},"end":{"line":450,"column":5}},"162":{"start":{"line":446,"column":18},"end":{"line":446,"column":61}},"163":{"start":{"line":446,"column":42},"end":{"line":446,"column":59}},"164":{"start":{"line":447,"column":8},"end":{"line":447,"column":41}},"165":{"start":{"line":447,"column":23},"end":{"line":447,"column":41}},"166":{"start":{"line":448,"column":8},"end":{"line":448,"column":30}},"167":{"start":{"line":454,"column":4},"end":{"line":456,"column":5}},"168":{"start":{"line":455,"column":16},"end":{"line":455,"column":45}},"169":{"start":{"line":455,"column":31},"end":{"line":455,"column":43}},"170":{"start":{"line":460,"column":4},"end":{"line":462,"column":5}},"171":{"start":{"line":461,"column":16},"end":{"line":461,"column":46}},"172":{"start":{"line":461,"column":31},"end":{"line":461,"column":44}},"173":{"start":{"line":466,"column":4},"end":{"line":468,"column":5}},"174":{"start":{"line":467,"column":16},"end":{"line":467,"column":44}},"175":{"start":{"line":467,"column":31},"end":{"line":467,"column":42}},"176":{"start":{"line":472,"column":4},"end":{"line":472,"column":59}},"177":{"start":{"line":476,"column":4},"end":{"line":478,"column":5}},"178":{"start":{"line":477,"column":6},"end":{"line":477,"column":18}},"179":{"start":{"line":479,"column":4},"end":{"line":481,"column":5}},"180":{"start":{"line":480,"column":6},"end":{"line":480,"column":73}},"181":{"start":{"line":482,"column":4},"end":{"line":484,"column":6}},"182":{"start":{"line":483,"column":11},"end":{"line":483,"column":51}},"183":{"start":{"line":488,"column":21},"end":{"line":488,"column":47}},"184":{"start":{"line":489,"column":4},"end":{"line":491,"column":5}},"185":{"start":{"line":490,"column":6},"end":{"line":490,"column":24}},"186":{"start":{"line":492,"column":4},"end":{"line":494,"column":6}},"187":{"start":{"line":493,"column":18},"end":{"line":493,"column":71}},"188":{"start":{"line":498,"column":4},"end":{"line":500,"column":5}},"189":{"start":{"line":499,"column":6},"end":{"line":499,"column":24}},"190":{"start":{"line":501,"column":20},"end":{"line":503,"column":5}},"191":{"start":{"line":504,"column":4},"end":{"line":504,"column":34}},"192":{"start":{"line":508,"column":4},"end":{"line":508,"column":73}},"193":{"start":{"line":508,"column":52},"end":{"line":508,"column":57}},"194":{"start":{"line":512,"column":4},"end":{"line":512,"column":56}},"195":{"start":{"line":516,"column":4},"end":{"line":516,"column":73}},"196":{"start":{"line":516,"column":52},"end":{"line":516,"column":57}},"197":{"start":{"line":520,"column":4},"end":{"line":520,"column":73}},"198":{"start":{"line":520,"column":52},"end":{"line":520,"column":57}},"199":{"start":{"line":524,"column":4},"end":{"line":524,"column":73}},"200":{"start":{"line":524,"column":52},"end":{"line":524,"column":57}},"201":{"start":{"line":528,"column":4},"end":{"line":528,"column":50}},"202":{"start":{"line":532,"column":4},"end":{"line":532,"column":81}},"203":{"start":{"line":532,"column":52},"end":{"line":532,"column":65}},"204":{"start":{"line":536,"column":4},"end":{"line":541,"column":6}},"205":{"start":{"line":539,"column":16},"end":{"line":539,"column":21}},"206":{"start":{"line":540,"column":13},"end":{"line":540,"column":14}},"207":{"start":{"line":545,"column":4},"end":{"line":550,"column":6}},"208":{"start":{"line":548,"column":16},"end":{"line":548,"column":34}},"209":{"start":{"line":549,"column":13},"end":{"line":549,"column":18}},"210":{"start":{"line":554,"column":4},"end":{"line":560,"column":5}},"211":{"start":{"line":555,"column":11},"end":{"line":555,"column":23}},"212":{"start":{"line":558,"column":15},"end":{"line":558,"column":26}}},"fnMap":{"0":{"name":"(anonymous_0)","decl":{"start":{"line":6,"column":2},"end":{"line":6,"column":3}},"loc":{"start":{"line":6,"column":45},"end":{"line":21,"column":3}},"line":6},"1":{"name":"(anonymous_1)","decl":{"start":{"line":14,"column":31},"end":{"line":14,"column":32}},"loc":{"start":{"line":14,"column":36},"end":{"line":14,"column":51}},"line":14},"2":{"name":"(anonymous_2)","decl":{"start":{"line":28,"column":2},"end":{"line":28,"column":3}},"loc":{"start":{"line":28,"column":67},"end":{"line":96,"column":3}},"line":28},"3":{"name":"(anonymous_3)","decl":{"start":{"line":31,"column":8},"end":{"line":31,"column":9}},"loc":{"start":{"line":31,"column":14},"end":{"line":39,"column":9}},"line":31},"4":{"name":"(anonymous_4)","decl":{"start":{"line":44,"column":6},"end":{"line":44,"column":7}},"loc":{"start":{"line":44,"column":12},"end":{"line":52,"column":7}},"line":44},"5":{"name":"(anonymous_5)","decl":{"start":{"line":98,"column":2},"end":{"line":98,"column":3}},"loc":{"start":{"line":98,"column":40},"end":{"line":116,"column":3}},"line":98},"6":{"name":"(anonymous_6)","decl":{"start":{"line":121,"column":2},"end":{"line":121,"column":3}},"loc":{"start":{"line":121,"column":11},"end":{"line":150,"column":3}},"line":121},"7":{"name":"(anonymous_7)","decl":{"start":{"line":152,"column":2},"end":{"line":152,"column":3}},"loc":{"start":{"line":152,"column":9},"end":{"line":154,"column":3}},"line":152},"8":{"name":"(anonymous_8)","decl":{"start":{"line":160,"column":2},"end":{"line":160,"column":3}},"loc":{"start":{"line":160,"column":28},"end":{"line":171,"column":3}},"line":160},"9":{"name":"(anonymous_9)","decl":{"start":{"line":173,"column":2},"end":{"line":173,"column":3}},"loc":{"start":{"line":173,"column":18},"end":{"line":175,"column":3}},"line":173},"10":{"name":"(anonymous_10)","decl":{"start":{"line":174,"column":23},"end":{"line":174,"column":24}},"loc":{"start":{"line":174,"column":28},"end":{"line":174,"column":42}},"line":174},"11":{"name":"(anonymous_11)","decl":{"start":{"line":177,"column":2},"end":{"line":177,"column":3}},"loc":{"start":{"line":177,"column":17},"end":{"line":185,"column":3}},"line":177},"12":{"name":"(anonymous_12)","decl":{"start":{"line":184,"column":23},"end":{"line":184,"column":24}},"loc":{"start":{"line":184,"column":28},"end":{"line":184,"column":38}},"line":184},"13":{"name":"(anonymous_13)","decl":{"start":{"line":187,"column":2},"end":{"line":187,"column":3}},"loc":{"start":{"line":187,"column":22},"end":{"line":189,"column":3}},"line":187},"14":{"name":"(anonymous_14)","decl":{"start":{"line":188,"column":23},"end":{"line":188,"column":24}},"loc":{"start":{"line":188,"column":28},"end":{"line":188,"column":43}},"line":188},"15":{"name":"(anonymous_15)","decl":{"start":{"line":191,"column":2},"end":{"line":191,"column":3}},"loc":{"start":{"line":191,"column":68},"end":{"line":251,"column":3}},"line":191},"16":{"name":"(anonymous_16)","decl":{"start":{"line":208,"column":8},"end":{"line":208,"column":9}},"loc":{"start":{"line":208,"column":28},"end":{"line":211,"column":9}},"line":208},"17":{"name":"(anonymous_17)","decl":{"start":{"line":217,"column":8},"end":{"line":217,"column":9}},"loc":{"start":{"line":217,"column":25},"end":{"line":227,"column":9}},"line":217},"18":{"name":"(anonymous_18)","decl":{"start":{"line":218,"column":10},"end":{"line":218,"column":11}},"loc":{"start":{"line":218,"column":25},"end":{"line":226,"column":11}},"line":218},"19":{"name":"(anonymous_19)","decl":{"start":{"line":235,"column":8},"end":{"line":235,"column":9}},"loc":{"start":{"line":235,"column":24},"end":{"line":245,"column":9}},"line":235},"20":{"name":"(anonymous_20)","decl":{"start":{"line":236,"column":10},"end":{"line":236,"column":11}},"loc":{"start":{"line":236,"column":26},"end":{"line":244,"column":11}},"line":236},"21":{"name":"(anonymous_21)","decl":{"start":{"line":253,"column":2},"end":{"line":253,"column":3}},"loc":{"start":{"line":253,"column":35},"end":{"line":255,"column":3}},"line":253},"22":{"name":"(anonymous_22)","decl":{"start":{"line":257,"column":2},"end":{"line":257,"column":3}},"loc":{"start":{"line":257,"column":36},"end":{"line":259,"column":3}},"line":257},"23":{"name":"(anonymous_23)","decl":{"start":{"line":261,"column":2},"end":{"line":261,"column":3}},"loc":{"start":{"line":261,"column":12},"end":{"line":263,"column":3}},"line":261},"24":{"name":"(anonymous_24)","decl":{"start":{"line":265,"column":2},"end":{"line":265,"column":3}},"loc":{"start":{"line":265,"column":10},"end":{"line":270,"column":3}},"line":265},"25":{"name":"(anonymous_25)","decl":{"start":{"line":272,"column":2},"end":{"line":272,"column":3}},"loc":{"start":{"line":272,"column":15},"end":{"line":274,"column":3}},"line":272},"26":{"name":"(anonymous_26)","decl":{"start":{"line":276,"column":2},"end":{"line":276,"column":3}},"loc":{"start":{"line":276,"column":15},"end":{"line":281,"column":3}},"line":276},"27":{"name":"(anonymous_27)","decl":{"start":{"line":283,"column":2},"end":{"line":283,"column":3}},"loc":{"start":{"line":283,"column":14},"end":{"line":287,"column":3}},"line":283},"28":{"name":"(anonymous_28)","decl":{"start":{"line":289,"column":2},"end":{"line":289,"column":3}},"loc":{"start":{"line":289,"column":15},"end":{"line":291,"column":3}},"line":289},"29":{"name":"(anonymous_29)","decl":{"start":{"line":293,"column":2},"end":{"line":293,"column":3}},"loc":{"start":{"line":293,"column":15},"end":{"line":300,"column":3}},"line":293},"30":{"name":"(anonymous_30)","decl":{"start":{"line":298,"column":6},"end":{"line":298,"column":7}},"loc":{"start":{"line":298,"column":21},"end":{"line":298,"column":59}},"line":298},"31":{"name":"(anonymous_31)","decl":{"start":{"line":302,"column":2},"end":{"line":302,"column":3}},"loc":{"start":{"line":302,"column":20},"end":{"line":309,"column":3}},"line":302},"32":{"name":"(anonymous_32)","decl":{"start":{"line":307,"column":6},"end":{"line":307,"column":7}},"loc":{"start":{"line":307,"column":21},"end":{"line":307,"column":59}},"line":307},"33":{"name":"(anonymous_33)","decl":{"start":{"line":311,"column":2},"end":{"line":311,"column":3}},"loc":{"start":{"line":311,"column":11},"end":{"line":333,"column":3}},"line":311},"34":{"name":"(anonymous_34)","decl":{"start":{"line":326,"column":8},"end":{"line":326,"column":9}},"loc":{"start":{"line":326,"column":19},"end":{"line":326,"column":59}},"line":326},"35":{"name":"(anonymous_35)","decl":{"start":{"line":335,"column":2},"end":{"line":335,"column":3}},"loc":{"start":{"line":335,"column":47},"end":{"line":341,"column":3}},"line":335},"36":{"name":"(anonymous_36)","decl":{"start":{"line":337,"column":6},"end":{"line":337,"column":7}},"loc":{"start":{"line":337,"column":16},"end":{"line":339,"column":7}},"line":337},"37":{"name":"(anonymous_37)","decl":{"start":{"line":338,"column":27},"end":{"line":338,"column":28}},"loc":{"start":{"line":338,"column":38},"end":{"line":338,"column":51}},"line":338},"38":{"name":"(anonymous_38)","decl":{"start":{"line":343,"column":2},"end":{"line":343,"column":3}},"loc":{"start":{"line":343,"column":47},"end":{"line":349,"column":3}},"line":343},"39":{"name":"(anonymous_39)","decl":{"start":{"line":345,"column":6},"end":{"line":345,"column":7}},"loc":{"start":{"line":345,"column":16},"end":{"line":347,"column":7}},"line":345},"40":{"name":"(anonymous_40)","decl":{"start":{"line":346,"column":27},"end":{"line":346,"column":28}},"loc":{"start":{"line":346,"column":38},"end":{"line":346,"column":51}},"line":346},"41":{"name":"(anonymous_41)","decl":{"start":{"line":351,"column":2},"end":{"line":351,"column":3}},"loc":{"start":{"line":351,"column":47},"end":{"line":357,"column":3}},"line":351},"42":{"name":"(anonymous_42)","decl":{"start":{"line":353,"column":6},"end":{"line":353,"column":7}},"loc":{"start":{"line":353,"column":16},"end":{"line":355,"column":7}},"line":353},"43":{"name":"(anonymous_43)","decl":{"start":{"line":354,"column":27},"end":{"line":354,"column":28}},"loc":{"start":{"line":354,"column":37},"end":{"line":354,"column":42}},"line":354},"44":{"name":"(anonymous_44)","decl":{"start":{"line":359,"column":2},"end":{"line":359,"column":3}},"loc":{"start":{"line":359,"column":47},"end":{"line":366,"column":3}},"line":359},"45":{"name":"(anonymous_45)","decl":{"start":{"line":361,"column":6},"end":{"line":361,"column":7}},"loc":{"start":{"line":361,"column":16},"end":{"line":364,"column":7}},"line":361},"46":{"name":"(anonymous_46)","decl":{"start":{"line":368,"column":2},"end":{"line":368,"column":3}},"loc":{"start":{"line":368,"column":51},"end":{"line":375,"column":3}},"line":368},"47":{"name":"(anonymous_47)","decl":{"start":{"line":370,"column":6},"end":{"line":370,"column":7}},"loc":{"start":{"line":370,"column":16},"end":{"line":373,"column":7}},"line":370},"48":{"name":"(anonymous_48)","decl":{"start":{"line":372,"column":25},"end":{"line":372,"column":26}},"loc":{"start":{"line":372,"column":30},"end":{"line":372,"column":39}},"line":372},"49":{"name":"(anonymous_49)","decl":{"start":{"line":377,"column":2},"end":{"line":377,"column":3}},"loc":{"start":{"line":377,"column":22},"end":{"line":388,"column":3}},"line":377},"50":{"name":"(anonymous_50)","decl":{"start":{"line":379,"column":9},"end":{"line":379,"column":10}},"loc":{"start":{"line":379,"column":14},"end":{"line":379,"column":31}},"line":379},"51":{"name":"(anonymous_51)","decl":{"start":{"line":381,"column":6},"end":{"line":381,"column":7}},"loc":{"start":{"line":381,"column":16},"end":{"line":385,"column":7}},"line":381},"52":{"name":"(anonymous_52)","decl":{"start":{"line":383,"column":25},"end":{"line":383,"column":26}},"loc":{"start":{"line":383,"column":30},"end":{"line":383,"column":35}},"line":383},"53":{"name":"(anonymous_53)","decl":{"start":{"line":390,"column":2},"end":{"line":390,"column":3}},"loc":{"start":{"line":390,"column":21},"end":{"line":392,"column":3}},"line":390},"54":{"name":"(anonymous_54)","decl":{"start":{"line":394,"column":2},"end":{"line":394,"column":3}},"loc":{"start":{"line":394,"column":28},"end":{"line":396,"column":3}},"line":394},"55":{"name":"(anonymous_55)","decl":{"start":{"line":398,"column":2},"end":{"line":398,"column":3}},"loc":{"start":{"line":398,"column":29},"end":{"line":400,"column":3}},"line":398},"56":{"name":"(anonymous_56)","decl":{"start":{"line":402,"column":2},"end":{"line":402,"column":3}},"loc":{"start":{"line":402,"column":33},"end":{"line":414,"column":3}},"line":402},"57":{"name":"(anonymous_57)","decl":{"start":{"line":405,"column":6},"end":{"line":405,"column":7}},"loc":{"start":{"line":405,"column":16},"end":{"line":411,"column":7}},"line":405},"58":{"name":"(anonymous_58)","decl":{"start":{"line":416,"column":2},"end":{"line":416,"column":3}},"loc":{"start":{"line":420,"column":4},"end":{"line":436,"column":3}},"line":420},"59":{"name":"(anonymous_59)","decl":{"start":{"line":418,"column":27},"end":{"line":418,"column":28}},"loc":{"start":{"line":418,"column":37},"end":{"line":418,"column":42}},"line":418},"60":{"name":"(anonymous_60)","decl":{"start":{"line":419,"column":27},"end":{"line":419,"column":28}},"loc":{"start":{"line":419,"column":32},"end":{"line":419,"column":33}},"line":419},"61":{"name":"(anonymous_61)","decl":{"start":{"line":426,"column":6},"end":{"line":426,"column":7}},"loc":{"start":{"line":426,"column":13},"end":{"line":434,"column":7}},"line":426},"62":{"name":"(anonymous_62)","decl":{"start":{"line":438,"column":2},"end":{"line":438,"column":3}},"loc":{"start":{"line":443,"column":4},"end":{"line":451,"column":3}},"line":443},"63":{"name":"(anonymous_63)","decl":{"start":{"line":439,"column":17},"end":{"line":439,"column":18}},"loc":{"start":{"line":439,"column":26},"end":{"line":439,"column":32}},"line":439},"64":{"name":"(anonymous_64)","decl":{"start":{"line":440,"column":17},"end":{"line":440,"column":18}},"loc":{"start":{"line":440,"column":26},"end":{"line":440,"column":32}},"line":440},"65":{"name":"(anonymous_65)","decl":{"start":{"line":441,"column":17},"end":{"line":441,"column":18}},"loc":{"start":{"line":441,"column":24},"end":{"line":441,"column":25}},"line":441},"66":{"name":"(anonymous_66)","decl":{"start":{"line":445,"column":6},"end":{"line":445,"column":7}},"loc":{"start":{"line":445,"column":16},"end":{"line":449,"column":7}},"line":445},"67":{"name":"(anonymous_67)","decl":{"start":{"line":446,"column":32},"end":{"line":446,"column":33}},"loc":{"start":{"line":446,"column":42},"end":{"line":446,"column":59}},"line":446},"68":{"name":"(anonymous_68)","decl":{"start":{"line":453,"column":2},"end":{"line":453,"column":3}},"loc":{"start":{"line":453,"column":46},"end":{"line":457,"column":3}},"line":453},"69":{"name":"(anonymous_69)","decl":{"start":{"line":455,"column":6},"end":{"line":455,"column":7}},"loc":{"start":{"line":455,"column":16},"end":{"line":455,"column":45}},"line":455},"70":{"name":"(anonymous_70)","decl":{"start":{"line":455,"column":26},"end":{"line":455,"column":27}},"loc":{"start":{"line":455,"column":31},"end":{"line":455,"column":43}},"line":455},"71":{"name":"(anonymous_71)","decl":{"start":{"line":459,"column":2},"end":{"line":459,"column":3}},"loc":{"start":{"line":459,"column":47},"end":{"line":463,"column":3}},"line":459},"72":{"name":"(anonymous_72)","decl":{"start":{"line":461,"column":6},"end":{"line":461,"column":7}},"loc":{"start":{"line":461,"column":16},"end":{"line":461,"column":46}},"line":461},"73":{"name":"(anonymous_73)","decl":{"start":{"line":461,"column":26},"end":{"line":461,"column":27}},"loc":{"start":{"line":461,"column":31},"end":{"line":461,"column":44}},"line":461},"74":{"name":"(anonymous_74)","decl":{"start":{"line":465,"column":2},"end":{"line":465,"column":3}},"loc":{"start":{"line":465,"column":45},"end":{"line":469,"column":3}},"line":465},"75":{"name":"(anonymous_75)","decl":{"start":{"line":467,"column":6},"end":{"line":467,"column":7}},"loc":{"start":{"line":467,"column":16},"end":{"line":467,"column":44}},"line":467},"76":{"name":"(anonymous_76)","decl":{"start":{"line":467,"column":26},"end":{"line":467,"column":27}},"loc":{"start":{"line":467,"column":31},"end":{"line":467,"column":42}},"line":467},"77":{"name":"(anonymous_77)","decl":{"start":{"line":471,"column":2},"end":{"line":471,"column":3}},"loc":{"start":{"line":471,"column":18},"end":{"line":473,"column":3}},"line":471},"78":{"name":"(anonymous_78)","decl":{"start":{"line":475,"column":2},"end":{"line":475,"column":3}},"loc":{"start":{"line":475,"column":35},"end":{"line":485,"column":3}},"line":475},"79":{"name":"(anonymous_79)","decl":{"start":{"line":483,"column":6},"end":{"line":483,"column":7}},"loc":{"start":{"line":483,"column":11},"end":{"line":483,"column":51}},"line":483},"80":{"name":"(anonymous_80)","decl":{"start":{"line":487,"column":2},"end":{"line":487,"column":3}},"loc":{"start":{"line":487,"column":63},"end":{"line":495,"column":3}},"line":487},"81":{"name":"(anonymous_81)","decl":{"start":{"line":493,"column":6},"end":{"line":493,"column":7}},"loc":{"start":{"line":493,"column":18},"end":{"line":493,"column":71}},"line":493},"82":{"name":"(anonymous_82)","decl":{"start":{"line":497,"column":2},"end":{"line":497,"column":3}},"loc":{"start":{"line":497,"column":62},"end":{"line":505,"column":3}},"line":497},"83":{"name":"(anonymous_83)","decl":{"start":{"line":507,"column":2},"end":{"line":507,"column":3}},"loc":{"start":{"line":507,"column":57},"end":{"line":509,"column":3}},"line":507},"84":{"name":"(anonymous_84)","decl":{"start":{"line":508,"column":43},"end":{"line":508,"column":44}},"loc":{"start":{"line":508,"column":52},"end":{"line":508,"column":57}},"line":508},"85":{"name":"(anonymous_85)","decl":{"start":{"line":511,"column":2},"end":{"line":511,"column":3}},"loc":{"start":{"line":511,"column":57},"end":{"line":513,"column":3}},"line":511},"86":{"name":"(anonymous_86)","decl":{"start":{"line":515,"column":2},"end":{"line":515,"column":3}},"loc":{"start":{"line":515,"column":57},"end":{"line":517,"column":3}},"line":515},"87":{"name":"(anonymous_87)","decl":{"start":{"line":516,"column":43},"end":{"line":516,"column":44}},"loc":{"start":{"line":516,"column":52},"end":{"line":516,"column":57}},"line":516},"88":{"name":"(anonymous_88)","decl":{"start":{"line":519,"column":2},"end":{"line":519,"column":3}},"loc":{"start":{"line":519,"column":58},"end":{"line":521,"column":3}},"line":519},"89":{"name":"(anonymous_89)","decl":{"start":{"line":520,"column":43},"end":{"line":520,"column":44}},"loc":{"start":{"line":520,"column":52},"end":{"line":520,"column":57}},"line":520},"90":{"name":"(anonymous_90)","decl":{"start":{"line":523,"column":2},"end":{"line":523,"column":3}},"loc":{"start":{"line":523,"column":50},"end":{"line":525,"column":3}},"line":523},"91":{"name":"(anonymous_91)","decl":{"start":{"line":524,"column":43},"end":{"line":524,"column":44}},"loc":{"start":{"line":524,"column":52},"end":{"line":524,"column":57}},"line":524},"92":{"name":"(anonymous_92)","decl":{"start":{"line":527,"column":2},"end":{"line":527,"column":3}},"loc":{"start":{"line":527,"column":49},"end":{"line":529,"column":3}},"line":527},"93":{"name":"(anonymous_93)","decl":{"start":{"line":531,"column":2},"end":{"line":531,"column":3}},"loc":{"start":{"line":531,"column":56},"end":{"line":533,"column":3}},"line":531},"94":{"name":"(anonymous_94)","decl":{"start":{"line":532,"column":43},"end":{"line":532,"column":44}},"loc":{"start":{"line":532,"column":52},"end":{"line":532,"column":65}},"line":532},"95":{"name":"(anonymous_95)","decl":{"start":{"line":535,"column":2},"end":{"line":535,"column":3}},"loc":{"start":{"line":535,"column":21},"end":{"line":542,"column":3}},"line":535},"96":{"name":"(anonymous_96)","decl":{"start":{"line":539,"column":6},"end":{"line":539,"column":7}},"loc":{"start":{"line":539,"column":16},"end":{"line":539,"column":21}},"line":539},"97":{"name":"(anonymous_97)","decl":{"start":{"line":540,"column":6},"end":{"line":540,"column":7}},"loc":{"start":{"line":540,"column":13},"end":{"line":540,"column":14}},"line":540},"98":{"name":"(anonymous_98)","decl":{"start":{"line":544,"column":2},"end":{"line":544,"column":3}},"loc":{"start":{"line":544,"column":26},"end":{"line":551,"column":3}},"line":544},"99":{"name":"(anonymous_99)","decl":{"start":{"line":548,"column":6},"end":{"line":548,"column":7}},"loc":{"start":{"line":548,"column":16},"end":{"line":548,"column":34}},"line":548},"100":{"name":"(anonymous_100)","decl":{"start":{"line":549,"column":6},"end":{"line":549,"column":7}},"loc":{"start":{"line":549,"column":13},"end":{"line":549,"column":18}},"line":549},"101":{"name":"(anonymous_101)","decl":{"start":{"line":553,"column":2},"end":{"line":553,"column":3}},"loc":{"start":{"line":553,"column":9},"end":{"line":561,"column":3}},"line":553},"102":{"name":"(anonymous_102)","decl":{"start":{"line":555,"column":6},"end":{"line":555,"column":7}},"loc":{"start":{"line":555,"column":11},"end":{"line":555,"column":23}},"line":555},"103":{"name":"(anonymous_103)","decl":{"start":{"line":558,"column":6},"end":{"line":558,"column":7}},"loc":{"start":{"line":558,"column":15},"end":{"line":558,"column":26}},"line":558}},"branchMap":{"0":{"loc":{"start":{"line":6,"column":18},"end":{"line":6,"column":42}},"type":"default-arg","locations":[{"start":{"line":6,"column":38},"end":{"line":6,"column":42}}],"line":6},"1":{"loc":{"start":{"line":7,"column":4},"end":{"line":9,"column":5}},"type":"if","locations":[{"start":{"line":7,"column":4},"end":{"line":9,"column":5}},{"start":{"line":7,"column":4},"end":{"line":9,"column":5}}],"line":7},"2":{"loc":{"start":{"line":7,"column":8},"end":{"line":7,"column":58}},"type":"binary-expr","locations":[{"start":{"line":7,"column":8},"end":{"line":7,"column":23}},{"start":{"line":7,"column":27},"end":{"line":7,"column":37}},{"start":{"line":7,"column":41},"end":{"line":7,"column":58}}],"line":7},"3":{"loc":{"start":{"line":8,"column":37},"end":{"line":8,"column":65}},"type":"cond-expr","locations":[{"start":{"line":8,"column":57},"end":{"line":8,"column":61}},{"start":{"line":8,"column":64},"end":{"line":8,"column":65}}],"line":8},"4":{"loc":{"start":{"line":10,"column":4},"end":{"line":12,"column":5}},"type":"if","locations":[{"start":{"line":10,"column":4},"end":{"line":12,"column":5}},{"start":{"line":10,"column":4},"end":{"line":12,"column":5}}],"line":10},"5":{"loc":{"start":{"line":13,"column":4},"end":{"line":19,"column":5}},"type":"if","locations":[{"start":{"line":13,"column":4},"end":{"line":19,"column":5}},{"start":{"line":13,"column":4},"end":{"line":19,"column":5}}],"line":13},"6":{"loc":{"start":{"line":15,"column":6},"end":{"line":17,"column":7}},"type":"if","locations":[{"start":{"line":15,"column":6},"end":{"line":17,"column":7}},{"start":{"line":15,"column":6},"end":{"line":17,"column":7}}],"line":15},"7":{"loc":{"start":{"line":28,"column":28},"end":{"line":28,"column":47}},"type":"default-arg","locations":[{"start":{"line":28,"column":42},"end":{"line":28,"column":47}}],"line":28},"8":{"loc":{"start":{"line":28,"column":49},"end":{"line":28,"column":64}},"type":"default-arg","locations":[{"start":{"line":28,"column":60},"end":{"line":28,"column":64}}],"line":28},"9":{"loc":{"start":{"line":32,"column":10},"end":{"line":34,"column":11}},"type":"if","locations":[{"start":{"line":32,"column":10},"end":{"line":34,"column":11}},{"start":{"line":32,"column":10},"end":{"line":34,"column":11}}],"line":32},"10":{"loc":{"start":{"line":35,"column":10},"end":{"line":37,"column":11}},"type":"if","locations":[{"start":{"line":35,"column":10},"end":{"line":37,"column":11}},{"start":{"line":35,"column":10},"end":{"line":37,"column":11}}],"line":35},"11":{"loc":{"start":{"line":35,"column":15},"end":{"line":35,"column":69}},"type":"binary-expr","locations":[{"start":{"line":35,"column":15},"end":{"line":35,"column":38}},{"start":{"line":35,"column":42},"end":{"line":35,"column":69}}],"line":35},"12":{"loc":{"start":{"line":45,"column":8},"end":{"line":47,"column":9}},"type":"if","locations":[{"start":{"line":45,"column":8},"end":{"line":47,"column":9}},{"start":{"line":45,"column":8},"end":{"line":47,"column":9}}],"line":45},"13":{"loc":{"start":{"line":48,"column":8},"end":{"line":50,"column":9}},"type":"if","locations":[{"start":{"line":48,"column":8},"end":{"line":50,"column":9}},{"start":{"line":48,"column":8},"end":{"line":50,"column":9}}],"line":48},"14":{"loc":{"start":{"line":48,"column":13},"end":{"line":48,"column":67}},"type":"binary-expr","locations":[{"start":{"line":48,"column":13},"end":{"line":48,"column":36}},{"start":{"line":48,"column":40},"end":{"line":48,"column":67}}],"line":48},"15":{"loc":{"start":{"line":56,"column":4},"end":{"line":63,"column":5}},"type":"if","locations":[{"start":{"line":56,"column":4},"end":{"line":63,"column":5}},{"start":{"line":56,"column":4},"end":{"line":63,"column":5}}],"line":56},"16":{"loc":{"start":{"line":56,"column":8},"end":{"line":59,"column":7}},"type":"binary-expr","locations":[{"start":{"line":56,"column":8},"end":{"line":56,"column":21}},{"start":{"line":57,"column":10},"end":{"line":57,"column":24}},{"start":{"line":57,"column":28},"end":{"line":57,"column":42}},{"start":{"line":58,"column":10},"end":{"line":58,"column":24}},{"start":{"line":58,"column":28},"end":{"line":58,"column":42}}],"line":56},"17":{"loc":{"start":{"line":65,"column":4},"end":{"line":68,"column":5}},"type":"if","locations":[{"start":{"line":65,"column":4},"end":{"line":68,"column":5}},{"start":{"line":65,"column":4},"end":{"line":68,"column":5}}],"line":65},"18":{"loc":{"start":{"line":65,"column":8},"end":{"line":65,"column":40}},"type":"binary-expr","locations":[{"start":{"line":65,"column":8},"end":{"line":65,"column":22}},{"start":{"line":65,"column":26},"end":{"line":65,"column":40}}],"line":65},"19":{"loc":{"start":{"line":70,"column":4},"end":{"line":77,"column":5}},"type":"if","locations":[{"start":{"line":70,"column":4},"end":{"line":77,"column":5}},{"start":{"line":70,"column":4},"end":{"line":77,"column":5}}],"line":70},"20":{"loc":{"start":{"line":70,"column":8},"end":{"line":70,"column":40}},"type":"binary-expr","locations":[{"start":{"line":70,"column":8},"end":{"line":70,"column":22}},{"start":{"line":70,"column":26},"end":{"line":70,"column":40}}],"line":70},"21":{"loc":{"start":{"line":79,"column":4},"end":{"line":82,"column":5}},"type":"if","locations":[{"start":{"line":79,"column":4},"end":{"line":82,"column":5}},{"start":{"line":79,"column":4},"end":{"line":82,"column":5}}],"line":79},"22":{"loc":{"start":{"line":79,"column":8},"end":{"line":79,"column":49}},"type":"binary-expr","locations":[{"start":{"line":79,"column":8},"end":{"line":79,"column":23}},{"start":{"line":79,"column":27},"end":{"line":79,"column":49}}],"line":79},"23":{"loc":{"start":{"line":84,"column":4},"end":{"line":87,"column":5}},"type":"if","locations":[{"start":{"line":84,"column":4},"end":{"line":87,"column":5}},{"start":{"line":84,"column":4},"end":{"line":87,"column":5}}],"line":84},"24":{"loc":{"start":{"line":84,"column":8},"end":{"line":84,"column":49}},"type":"binary-expr","locations":[{"start":{"line":84,"column":8},"end":{"line":84,"column":23}},{"start":{"line":84,"column":27},"end":{"line":84,"column":49}}],"line":84},"25":{"loc":{"start":{"line":89,"column":4},"end":{"line":92,"column":5}},"type":"if","locations":[{"start":{"line":89,"column":4},"end":{"line":92,"column":5}},{"start":{"line":89,"column":4},"end":{"line":92,"column":5}}],"line":89},"26":{"loc":{"start":{"line":98,"column":19},"end":{"line":98,"column":27}},"type":"default-arg","locations":[{"start":{"line":98,"column":23},"end":{"line":98,"column":27}}],"line":98},"27":{"loc":{"start":{"line":98,"column":29},"end":{"line":98,"column":37}},"type":"default-arg","locations":[{"start":{"line":98,"column":36},"end":{"line":98,"column":37}}],"line":98},"28":{"loc":{"start":{"line":99,"column":4},"end":{"line":102,"column":5}},"type":"if","locations":[{"start":{"line":99,"column":4},"end":{"line":102,"column":5}},{"start":{"line":99,"column":4},"end":{"line":102,"column":5}}],"line":99},"29":{"loc":{"start":{"line":104,"column":4},"end":{"line":114,"column":5}},"type":"if","locations":[{"start":{"line":104,"column":4},"end":{"line":114,"column":5}},{"start":{"line":104,"column":4},"end":{"line":114,"column":5}}],"line":104},"30":{"loc":{"start":{"line":160,"column":10},"end":{"line":160,"column":26}},"type":"default-arg","locations":[{"start":{"line":160,"column":17},"end":{"line":160,"column":26}}],"line":160},"31":{"loc":{"start":{"line":161,"column":4},"end":{"line":163,"column":5}},"type":"if","locations":[{"start":{"line":161,"column":4},"end":{"line":163,"column":5}},{"start":{"line":161,"column":4},"end":{"line":163,"column":5}}],"line":161},"32":{"loc":{"start":{"line":165,"column":4},"end":{"line":167,"column":5}},"type":"if","locations":[{"start":{"line":165,"column":4},"end":{"line":167,"column":5}},{"start":{"line":165,"column":4},"end":{"line":167,"column":5}}],"line":165},"33":{"loc":{"start":{"line":178,"column":4},"end":{"line":180,"column":5}},"type":"if","locations":[{"start":{"line":178,"column":4},"end":{"line":180,"column":5}},{"start":{"line":178,"column":4},"end":{"line":180,"column":5}}],"line":178},"34":{"loc":{"start":{"line":181,"column":4},"end":{"line":183,"column":5}},"type":"if","locations":[{"start":{"line":181,"column":4},"end":{"line":183,"column":5}},{"start":{"line":181,"column":4},"end":{"line":183,"column":5}}],"line":181},"35":{"loc":{"start":{"line":191,"column":29},"end":{"line":191,"column":48}},"type":"default-arg","locations":[{"start":{"line":191,"column":43},"end":{"line":191,"column":48}}],"line":191},"36":{"loc":{"start":{"line":191,"column":50},"end":{"line":191,"column":65}},"type":"default-arg","locations":[{"start":{"line":191,"column":61},"end":{"line":191,"column":65}}],"line":191},"37":{"loc":{"start":{"line":193,"column":4},"end":{"line":198,"column":5}},"type":"if","locations":[{"start":{"line":193,"column":4},"end":{"line":198,"column":5}},{"start":{"line":193,"column":4},"end":{"line":198,"column":5}}],"line":193},"38":{"loc":{"start":{"line":200,"column":4},"end":{"line":203,"column":5}},"type":"if","locations":[{"start":{"line":200,"column":4},"end":{"line":203,"column":5}},{"start":{"line":200,"column":4},"end":{"line":203,"column":5}}],"line":200},"39":{"loc":{"start":{"line":200,"column":8},"end":{"line":200,"column":57}},"type":"binary-expr","locations":[{"start":{"line":200,"column":8},"end":{"line":200,"column":28}},{"start":{"line":200,"column":32},"end":{"line":200,"column":57}}],"line":200},"40":{"loc":{"start":{"line":205,"column":4},"end":{"line":213,"column":5}},"type":"if","locations":[{"start":{"line":205,"column":4},"end":{"line":213,"column":5}},{"start":{"line":205,"column":4},"end":{"line":213,"column":5}}],"line":205},"41":{"loc":{"start":{"line":215,"column":4},"end":{"line":232,"column":5}},"type":"if","locations":[{"start":{"line":215,"column":4},"end":{"line":232,"column":5}},{"start":{"line":215,"column":4},"end":{"line":232,"column":5}}],"line":215},"42":{"loc":{"start":{"line":233,"column":4},"end":{"line":249,"column":5}},"type":"if","locations":[{"start":{"line":233,"column":4},"end":{"line":249,"column":5}},{"start":{"line":233,"column":4},"end":{"line":249,"column":5}}],"line":233},"43":{"loc":{"start":{"line":253,"column":17},"end":{"line":253,"column":32}},"type":"default-arg","locations":[{"start":{"line":253,"column":28},"end":{"line":253,"column":32}}],"line":253},"44":{"loc":{"start":{"line":257,"column":18},"end":{"line":257,"column":33}},"type":"default-arg","locations":[{"start":{"line":257,"column":29},"end":{"line":257,"column":33}}],"line":257},"45":{"loc":{"start":{"line":266,"column":4},"end":{"line":268,"column":5}},"type":"if","locations":[{"start":{"line":266,"column":4},"end":{"line":268,"column":5}},{"start":{"line":266,"column":4},"end":{"line":268,"column":5}}],"line":266},"46":{"loc":{"start":{"line":272,"column":7},"end":{"line":272,"column":13}},"type":"default-arg","locations":[{"start":{"line":272,"column":11},"end":{"line":272,"column":13}}],"line":272},"47":{"loc":{"start":{"line":276,"column":7},"end":{"line":276,"column":13}},"type":"default-arg","locations":[{"start":{"line":276,"column":11},"end":{"line":276,"column":13}}],"line":276},"48":{"loc":{"start":{"line":277,"column":4},"end":{"line":279,"column":5}},"type":"if","locations":[{"start":{"line":277,"column":4},"end":{"line":279,"column":5}},{"start":{"line":277,"column":4},"end":{"line":279,"column":5}}],"line":277},"49":{"loc":{"start":{"line":294,"column":4},"end":{"line":296,"column":5}},"type":"if","locations":[{"start":{"line":294,"column":4},"end":{"line":296,"column":5}},{"start":{"line":294,"column":4},"end":{"line":296,"column":5}}],"line":294},"50":{"loc":{"start":{"line":303,"column":4},"end":{"line":305,"column":5}},"type":"if","locations":[{"start":{"line":303,"column":4},"end":{"line":305,"column":5}},{"start":{"line":303,"column":4},"end":{"line":305,"column":5}}],"line":303},"51":{"loc":{"start":{"line":312,"column":4},"end":{"line":314,"column":5}},"type":"if","locations":[{"start":{"line":312,"column":4},"end":{"line":314,"column":5}},{"start":{"line":312,"column":4},"end":{"line":314,"column":5}}],"line":312},"52":{"loc":{"start":{"line":315,"column":4},"end":{"line":319,"column":5}},"type":"if","locations":[{"start":{"line":315,"column":4},"end":{"line":319,"column":5}},{"start":{"line":315,"column":4},"end":{"line":319,"column":5}}],"line":315},"53":{"loc":{"start":{"line":328,"column":6},"end":{"line":330,"column":7}},"type":"if","locations":[{"start":{"line":328,"column":6},"end":{"line":330,"column":7}},{"start":{"line":328,"column":6},"end":{"line":330,"column":7}}],"line":328},"54":{"loc":{"start":{"line":335,"column":7},"end":{"line":335,"column":24}},"type":"default-arg","locations":[{"start":{"line":335,"column":20},"end":{"line":335,"column":24}}],"line":335},"55":{"loc":{"start":{"line":335,"column":26},"end":{"line":335,"column":44}},"type":"default-arg","locations":[{"start":{"line":335,"column":41},"end":{"line":335,"column":44}}],"line":335},"56":{"loc":{"start":{"line":338,"column":38},"end":{"line":338,"column":51}},"type":"cond-expr","locations":[{"start":{"line":338,"column":46},"end":{"line":338,"column":47}},{"start":{"line":338,"column":50},"end":{"line":338,"column":51}}],"line":338},"57":{"loc":{"start":{"line":343,"column":7},"end":{"line":343,"column":24}},"type":"default-arg","locations":[{"start":{"line":343,"column":20},"end":{"line":343,"column":24}}],"line":343},"58":{"loc":{"start":{"line":343,"column":26},"end":{"line":343,"column":44}},"type":"default-arg","locations":[{"start":{"line":343,"column":41},"end":{"line":343,"column":44}}],"line":343},"59":{"loc":{"start":{"line":346,"column":38},"end":{"line":346,"column":51}},"type":"cond-expr","locations":[{"start":{"line":346,"column":46},"end":{"line":346,"column":47}},{"start":{"line":346,"column":50},"end":{"line":346,"column":51}}],"line":346},"60":{"loc":{"start":{"line":351,"column":7},"end":{"line":351,"column":24}},"type":"default-arg","locations":[{"start":{"line":351,"column":20},"end":{"line":351,"column":24}}],"line":351},"61":{"loc":{"start":{"line":351,"column":26},"end":{"line":351,"column":44}},"type":"default-arg","locations":[{"start":{"line":351,"column":41},"end":{"line":351,"column":44}}],"line":351},"62":{"loc":{"start":{"line":359,"column":7},"end":{"line":359,"column":24}},"type":"default-arg","locations":[{"start":{"line":359,"column":20},"end":{"line":359,"column":24}}],"line":359},"63":{"loc":{"start":{"line":359,"column":26},"end":{"line":359,"column":44}},"type":"default-arg","locations":[{"start":{"line":359,"column":41},"end":{"line":359,"column":44}}],"line":359},"64":{"loc":{"start":{"line":368,"column":13},"end":{"line":368,"column":28}},"type":"default-arg","locations":[{"start":{"line":368,"column":26},"end":{"line":368,"column":28}}],"line":368},"65":{"loc":{"start":{"line":368,"column":30},"end":{"line":368,"column":48}},"type":"default-arg","locations":[{"start":{"line":368,"column":45},"end":{"line":368,"column":48}}],"line":368},"66":{"loc":{"start":{"line":377,"column":14},"end":{"line":377,"column":19}},"type":"default-arg","locations":[{"start":{"line":377,"column":18},"end":{"line":377,"column":19}}],"line":377},"67":{"loc":{"start":{"line":390,"column":13},"end":{"line":390,"column":18}},"type":"default-arg","locations":[{"start":{"line":390,"column":17},"end":{"line":390,"column":18}}],"line":390},"68":{"loc":{"start":{"line":394,"column":8},"end":{"line":394,"column":25}},"type":"default-arg","locations":[{"start":{"line":394,"column":21},"end":{"line":394,"column":25}}],"line":394},"69":{"loc":{"start":{"line":395,"column":11},"end":{"line":395,"column":87}},"type":"cond-expr","locations":[{"start":{"line":395,"column":53},"end":{"line":395,"column":63}},{"start":{"line":395,"column":66},"end":{"line":395,"column":87}}],"line":395},"70":{"loc":{"start":{"line":398,"column":9},"end":{"line":398,"column":26}},"type":"default-arg","locations":[{"start":{"line":398,"column":22},"end":{"line":398,"column":26}}],"line":398},"71":{"loc":{"start":{"line":399,"column":11},"end":{"line":399,"column":59}},"type":"cond-expr","locations":[{"start":{"line":399,"column":39},"end":{"line":399,"column":49}},{"start":{"line":399,"column":52},"end":{"line":399,"column":59}}],"line":399},"72":{"loc":{"start":{"line":402,"column":12},"end":{"line":402,"column":30}},"type":"default-arg","locations":[{"start":{"line":402,"column":27},"end":{"line":402,"column":30}}],"line":402},"73":{"loc":{"start":{"line":418,"column":4},"end":{"line":418,"column":42}},"type":"default-arg","locations":[{"start":{"line":418,"column":27},"end":{"line":418,"column":42}}],"line":418},"74":{"loc":{"start":{"line":419,"column":4},"end":{"line":419,"column":33}},"type":"default-arg","locations":[{"start":{"line":419,"column":27},"end":{"line":419,"column":33}}],"line":419},"75":{"loc":{"start":{"line":427,"column":8},"end":{"line":429,"column":9}},"type":"if","locations":[{"start":{"line":427,"column":8},"end":{"line":429,"column":9}},{"start":{"line":427,"column":8},"end":{"line":429,"column":9}}],"line":427},"76":{"loc":{"start":{"line":430,"column":8},"end":{"line":432,"column":9}},"type":"if","locations":[{"start":{"line":430,"column":8},"end":{"line":432,"column":9}},{"start":{"line":430,"column":8},"end":{"line":432,"column":9}}],"line":430},"77":{"loc":{"start":{"line":439,"column":4},"end":{"line":439,"column":32}},"type":"default-arg","locations":[{"start":{"line":439,"column":17},"end":{"line":439,"column":32}}],"line":439},"78":{"loc":{"start":{"line":440,"column":4},"end":{"line":440,"column":32}},"type":"default-arg","locations":[{"start":{"line":440,"column":17},"end":{"line":440,"column":32}}],"line":440},"79":{"loc":{"start":{"line":441,"column":4},"end":{"line":441,"column":25}},"type":"default-arg","locations":[{"start":{"line":441,"column":17},"end":{"line":441,"column":25}}],"line":441},"80":{"loc":{"start":{"line":442,"column":4},"end":{"line":442,"column":21}},"type":"default-arg","locations":[{"start":{"line":442,"column":17},"end":{"line":442,"column":21}}],"line":442},"81":{"loc":{"start":{"line":447,"column":8},"end":{"line":447,"column":41}},"type":"if","locations":[{"start":{"line":447,"column":8},"end":{"line":447,"column":41}},{"start":{"line":447,"column":8},"end":{"line":447,"column":41}}],"line":447},"82":{"loc":{"start":{"line":453,"column":8},"end":{"line":453,"column":23}},"type":"default-arg","locations":[{"start":{"line":453,"column":21},"end":{"line":453,"column":23}}],"line":453},"83":{"loc":{"start":{"line":453,"column":25},"end":{"line":453,"column":43}},"type":"default-arg","locations":[{"start":{"line":453,"column":40},"end":{"line":453,"column":43}}],"line":453},"84":{"loc":{"start":{"line":459,"column":9},"end":{"line":459,"column":24}},"type":"default-arg","locations":[{"start":{"line":459,"column":22},"end":{"line":459,"column":24}}],"line":459},"85":{"loc":{"start":{"line":459,"column":26},"end":{"line":459,"column":44}},"type":"default-arg","locations":[{"start":{"line":459,"column":41},"end":{"line":459,"column":44}}],"line":459},"86":{"loc":{"start":{"line":465,"column":7},"end":{"line":465,"column":22}},"type":"default-arg","locations":[{"start":{"line":465,"column":20},"end":{"line":465,"column":22}}],"line":465},"87":{"loc":{"start":{"line":465,"column":24},"end":{"line":465,"column":42}},"type":"default-arg","locations":[{"start":{"line":465,"column":39},"end":{"line":465,"column":42}}],"line":465},"88":{"loc":{"start":{"line":475,"column":14},"end":{"line":475,"column":32}},"type":"default-arg","locations":[{"start":{"line":475,"column":29},"end":{"line":475,"column":32}}],"line":475},"89":{"loc":{"start":{"line":476,"column":4},"end":{"line":478,"column":5}},"type":"if","locations":[{"start":{"line":476,"column":4},"end":{"line":478,"column":5}},{"start":{"line":476,"column":4},"end":{"line":478,"column":5}}],"line":476},"90":{"loc":{"start":{"line":479,"column":4},"end":{"line":481,"column":5}},"type":"if","locations":[{"start":{"line":479,"column":4},"end":{"line":481,"column":5}},{"start":{"line":479,"column":4},"end":{"line":481,"column":5}}],"line":479},"91":{"loc":{"start":{"line":483,"column":11},"end":{"line":483,"column":51}},"type":"cond-expr","locations":[{"start":{"line":483,"column":35},"end":{"line":483,"column":47}},{"start":{"line":483,"column":50},"end":{"line":483,"column":51}}],"line":483},"92":{"loc":{"start":{"line":487,"column":43},"end":{"line":487,"column":61}},"type":"default-arg","locations":[{"start":{"line":487,"column":58},"end":{"line":487,"column":61}}],"line":487},"93":{"loc":{"start":{"line":489,"column":4},"end":{"line":491,"column":5}},"type":"if","locations":[{"start":{"line":489,"column":4},"end":{"line":491,"column":5}},{"start":{"line":489,"column":4},"end":{"line":491,"column":5}}],"line":489},"94":{"loc":{"start":{"line":497,"column":30},"end":{"line":497,"column":48}},"type":"default-arg","locations":[{"start":{"line":497,"column":45},"end":{"line":497,"column":48}}],"line":497},"95":{"loc":{"start":{"line":498,"column":4},"end":{"line":500,"column":5}},"type":"if","locations":[{"start":{"line":498,"column":4},"end":{"line":500,"column":5}},{"start":{"line":498,"column":4},"end":{"line":500,"column":5}}],"line":498},"96":{"loc":{"start":{"line":507,"column":8},"end":{"line":507,"column":17}},"type":"default-arg","locations":[{"start":{"line":507,"column":16},"end":{"line":507,"column":17}}],"line":507},"97":{"loc":{"start":{"line":507,"column":19},"end":{"line":507,"column":34}},"type":"default-arg","locations":[{"start":{"line":507,"column":32},"end":{"line":507,"column":34}}],"line":507},"98":{"loc":{"start":{"line":507,"column":36},"end":{"line":507,"column":54}},"type":"default-arg","locations":[{"start":{"line":507,"column":51},"end":{"line":507,"column":54}}],"line":507},"99":{"loc":{"start":{"line":511,"column":8},"end":{"line":511,"column":17}},"type":"default-arg","locations":[{"start":{"line":511,"column":16},"end":{"line":511,"column":17}}],"line":511},"100":{"loc":{"start":{"line":511,"column":19},"end":{"line":511,"column":34}},"type":"default-arg","locations":[{"start":{"line":511,"column":32},"end":{"line":511,"column":34}}],"line":511},"101":{"loc":{"start":{"line":511,"column":36},"end":{"line":511,"column":54}},"type":"default-arg","locations":[{"start":{"line":511,"column":51},"end":{"line":511,"column":54}}],"line":511},"102":{"loc":{"start":{"line":515,"column":8},"end":{"line":515,"column":17}},"type":"default-arg","locations":[{"start":{"line":515,"column":16},"end":{"line":515,"column":17}}],"line":515},"103":{"loc":{"start":{"line":515,"column":19},"end":{"line":515,"column":34}},"type":"default-arg","locations":[{"start":{"line":515,"column":32},"end":{"line":515,"column":34}}],"line":515},"104":{"loc":{"start":{"line":515,"column":36},"end":{"line":515,"column":54}},"type":"default-arg","locations":[{"start":{"line":515,"column":51},"end":{"line":515,"column":54}}],"line":515},"105":{"loc":{"start":{"line":519,"column":9},"end":{"line":519,"column":18}},"type":"default-arg","locations":[{"start":{"line":519,"column":17},"end":{"line":519,"column":18}}],"line":519},"106":{"loc":{"start":{"line":519,"column":20},"end":{"line":519,"column":35}},"type":"default-arg","locations":[{"start":{"line":519,"column":33},"end":{"line":519,"column":35}}],"line":519},"107":{"loc":{"start":{"line":519,"column":37},"end":{"line":519,"column":55}},"type":"default-arg","locations":[{"start":{"line":519,"column":52},"end":{"line":519,"column":55}}],"line":519},"108":{"loc":{"start":{"line":523,"column":7},"end":{"line":523,"column":16}},"type":"default-arg","locations":[{"start":{"line":523,"column":15},"end":{"line":523,"column":16}}],"line":523},"109":{"loc":{"start":{"line":523,"column":18},"end":{"line":523,"column":33}},"type":"default-arg","locations":[{"start":{"line":523,"column":31},"end":{"line":523,"column":33}}],"line":523},"110":{"loc":{"start":{"line":527,"column":11},"end":{"line":527,"column":26}},"type":"default-arg","locations":[{"start":{"line":527,"column":24},"end":{"line":527,"column":26}}],"line":527},"111":{"loc":{"start":{"line":527,"column":28},"end":{"line":527,"column":46}},"type":"default-arg","locations":[{"start":{"line":527,"column":43},"end":{"line":527,"column":46}}],"line":527},"112":{"loc":{"start":{"line":531,"column":7},"end":{"line":531,"column":16}},"type":"default-arg","locations":[{"start":{"line":531,"column":15},"end":{"line":531,"column":16}}],"line":531},"113":{"loc":{"start":{"line":531,"column":18},"end":{"line":531,"column":33}},"type":"default-arg","locations":[{"start":{"line":531,"column":31},"end":{"line":531,"column":33}}],"line":531},"114":{"loc":{"start":{"line":531,"column":35},"end":{"line":531,"column":53}},"type":"default-arg","locations":[{"start":{"line":531,"column":50},"end":{"line":531,"column":53}}],"line":531}},"s":{"0":33,"1":884,"2":11,"3":873,"4":250,"5":623,"6":485,"7":439,"8":485,"9":437,"10":48,"11":138,"12":677,"13":677,"14":1,"15":676,"16":170,"17":506,"18":677,"19":677,"20":1,"21":676,"22":197,"23":479,"24":677,"25":32,"26":645,"27":155,"28":490,"29":25,"30":465,"31":15,"32":450,"33":6,"34":444,"35":90,"36":354,"37":19,"38":1,"39":1,"40":19,"41":19,"42":15,"43":15,"44":143,"45":4,"46":4,"47":19,"48":19,"49":778,"50":105,"51":85,"52":2,"53":83,"54":83,"55":74,"56":9,"57":310,"58":323,"59":7,"60":1,"61":6,"62":3,"63":3,"64":5,"65":104,"66":123,"67":180,"68":180,"69":24,"70":156,"71":10,"72":146,"73":4,"74":8,"75":142,"76":208,"77":330,"78":55,"79":87,"80":134,"81":227,"82":1,"83":86,"84":27,"85":18,"86":123,"87":32,"88":19,"89":13,"90":23,"91":10,"92":3,"93":7,"94":11,"95":11,"96":11,"97":13,"98":5,"99":3,"100":2,"101":3,"102":6,"103":3,"104":3,"105":5,"106":9,"107":1,"108":8,"109":1,"110":1,"111":1,"112":7,"113":7,"114":7,"115":21,"116":21,"117":33,"118":21,"119":13,"120":7,"121":7,"122":5,"123":25,"124":7,"125":5,"126":25,"127":45,"128":42,"129":121,"130":6,"131":3,"132":3,"133":12,"134":8,"135":8,"136":32,"137":12,"138":37,"139":37,"140":37,"141":37,"142":37,"143":6,"144":43,"145":6,"146":7,"147":21,"148":0,"149":0,"150":8,"151":8,"152":8,"153":64,"154":2,"155":62,"156":2,"157":60,"158":0,"159":0,"160":0,"161":0,"162":0,"163":0,"164":0,"165":0,"166":0,"167":0,"168":0,"169":0,"170":0,"171":0,"172":0,"173":5,"174":2,"175":8,"176":94,"177":93,"178":85,"179":8,"180":1,"181":7,"182":25,"183":32,"184":32,"185":12,"186":20,"187":97,"188":82,"189":16,"190":66,"191":65,"192":14,"193":36,"194":7,"195":7,"196":18,"197":8,"198":23,"199":0,"200":0,"201":3,"202":3,"203":20,"204":3,"205":20,"206":0,"207":5,"208":40,"209":4,"210":0,"211":0,"212":0},"f":{"0":884,"1":439,"2":677,"3":677,"4":677,"5":19,"6":778,"7":105,"8":85,"9":310,"10":323,"11":7,"12":5,"13":104,"14":123,"15":180,"16":8,"17":208,"18":330,"19":134,"20":227,"21":27,"22":18,"23":123,"24":32,"25":23,"26":10,"27":11,"28":13,"29":5,"30":3,"31":6,"32":5,"33":9,"34":33,"35":7,"36":5,"37":25,"38":7,"39":5,"40":25,"41":45,"42":42,"43":121,"44":6,"45":3,"46":12,"47":8,"48":32,"49":12,"50":37,"51":37,"52":37,"53":6,"54":43,"55":6,"56":7,"57":21,"58":8,"59":0,"60":0,"61":64,"62":0,"63":0,"64":0,"65":0,"66":0,"67":0,"68":0,"69":0,"70":0,"71":0,"72":0,"73":0,"74":5,"75":2,"76":8,"77":94,"78":93,"79":25,"80":32,"81":97,"82":82,"83":14,"84":36,"85":7,"86":7,"87":18,"88":8,"89":23,"90":0,"91":0,"92":3,"93":3,"94":20,"95":3,"96":20,"97":0,"98":5,"99":40,"100":4,"101":0,"102":0,"103":0},"b":{"0":[881],"1":[11,873],"2":[884,882,879],"3":[11,0],"4":[250,623],"5":[485,138],"6":[437,48],"7":[75],"8":[75],"9":[1,676],"10":[170,506],"11":[676,552],"12":[1,676],"13":[197,479],"14":[676,508],"15":[32,645],"16":[677,509,396,485,380],"17":[155,490],"18":[645,162],"19":[25,465],"20":[490,483],"21":[15,450],"22":[465,464],"23":[6,444],"24":[450,449],"25":[90,354],"26":[1],"27":[8],"28":[1,18],"29":[15,4],"30":[2],"31":[2,83],"32":[74,9],"33":[1,6],"34":[3,3],"35":[0],"36":[0],"37":[24,156],"38":[10,146],"39":[156,147],"40":[4,142],"41":[55,87],"42":[1,86],"43":[25],"44":[16],"45":[19,13],"46":[1],"47":[1],"48":[3,7],"49":[3,2],"50":[3,3],"51":[1,8],"52":[1,7],"53":[13,8],"54":[6],"55":[7],"56":[18,7],"57":[6],"58":[7],"59":[21,4],"60":[44],"61":[45],"62":[5],"63":[6],"64":[7],"65":[8],"66":[5],"67":[5],"68":[42],"69":[3,40],"70":[5],"71":[3,3],"72":[6],"73":[0],"74":[0],"75":[2,62],"76":[2,60],"77":[0],"78":[0],"79":[0],"80":[0],"81":[0,0],"82":[0],"83":[0],"84":[0],"85":[0],"86":[3],"87":[4],"88":[0],"89":[85,8],"90":[1,7],"91":[15,10],"92":[0],"93":[12,20],"94":[0],"95":[16,66],"96":[2],"97":[6],"98":[7],"99":[2],"100":[6],"101":[7],"102":[2],"103":[5],"104":[6],"105":[2],"106":[6],"107":[7],"108":[0],"109":[0],"110":[3],"111":[3],"112":[0],"113":[0],"114":[0]},"_coverageSchema":"332fd63041d2c1bcb487cc26dd0d5f7d97098a6c","hash":"443aaa9e3589d9e3640891abb0711253933a213c"}
}
