TN:
SF:/home/thiagomata/tests/arraymore.js/index.js
FN:6,(anonymous_0)
FN:14,(anonymous_1)
FN:39,(anonymous_2)
FN:58,(anonymous_3)
FN:60,(anonymous_4)
FN:72,(anonymous_5)
FN:120,(anonymous_6)
FN:143,(anonymous_7)
FN:180,(anonymous_8)
FN:187,(anonymous_9)
FN:196,(anonymous_10)
FN:222,(anonymous_11)
FN:235,(anonymous_12)
FN:236,(anonymous_13)
FN:239,(anonymous_14)
FN:246,(anonymous_15)
FN:249,(anonymous_16)
FN:250,(anonymous_17)
FN:253,(anonymous_18)
FN:265,(anonymous_19)
FN:273,(anonymous_20)
FN:274,(anonymous_21)
FN:289,(anonymous_22)
FN:290,(anonymous_23)
FN:306,(anonymous_24)
FN:310,(anonymous_25)
FN:314,(anonymous_26)
FN:318,(anonymous_27)
FN:325,(anonymous_28)
FN:329,(anonymous_29)
FN:336,(anonymous_30)
FN:343,(anonymous_31)
FN:349,(anonymous_32)
FN:354,(anonymous_33)
FN:358,(anonymous_34)
FN:363,(anonymous_35)
FN:367,(anonymous_36)
FN:380,(anonymous_37)
FN:389,(anonymous_38)
FN:391,(anonymous_39)
FN:392,(anonymous_40)
FN:397,(anonymous_41)
FN:399,(anonymous_42)
FN:400,(anonymous_43)
FN:405,(anonymous_44)
FN:407,(anonymous_45)
FN:408,(anonymous_46)
FN:413,(anonymous_47)
FN:415,(anonymous_48)
FN:421,(anonymous_49)
FN:424,(anonymous_50)
FN:426,(anonymous_51)
FN:431,(anonymous_52)
FN:433,(anonymous_53)
FN:435,(anonymous_54)
FN:437,(anonymous_55)
FN:439,(anonymous_56)
FN:448,(anonymous_57)
FN:452,(anonymous_58)
FN:456,(anonymous_59)
FN:460,(anonymous_60)
FN:464,(anonymous_61)
FN:468,(anonymous_62)
FN:471,(anonymous_63)
FN:482,(anonymous_64)
FN:482,(anonymous_65)
FN:482,(anonymous_66)
FN:488,(anonymous_67)
FN:500,(anonymous_68)
FN:500,(anonymous_69)
FN:500,(anonymous_70)
FN:502,(anonymous_71)
FN:503,(anonymous_72)
FN:512,(anonymous_73)
FN:514,(anonymous_74)
FN:514,(anonymous_75)
FN:518,(anonymous_76)
FN:521,(anonymous_77)
FN:521,(anonymous_78)
FN:525,(anonymous_79)
FN:527,(anonymous_80)
FN:527,(anonymous_81)
FN:531,(anonymous_82)
FN:538,(anonymous_83)
FN:548,(anonymous_84)
FN:556,(anonymous_85)
FN:560,(anonymous_86)
FN:574,(anonymous_87)
FN:579,(anonymous_88)
FN:586,(anonymous_89)
FN:597,(anonymous_90)
FN:598,(anonymous_91)
FN:601,(anonymous_92)
FN:605,(anonymous_93)
FN:606,(anonymous_94)
FN:609,(anonymous_95)
FN:610,(anonymous_96)
FN:613,(anonymous_97)
FN:614,(anonymous_98)
FN:617,(anonymous_99)
FN:621,(anonymous_100)
FN:622,(anonymous_101)
FN:625,(anonymous_102)
FN:626,(anonymous_103)
FN:629,(anonymous_104)
FN:630,(anonymous_105)
FN:633,(anonymous_106)
FN:637,(anonymous_107)
FN:638,(anonymous_108)
FN:642,(anonymous_109)
FN:646,(anonymous_110)
FN:647,(anonymous_111)
FN:651,(anonymous_112)
FN:659,(anonymous_113)
FN:663,(anonymous_114)
FN:668,(anonymous_115)
FN:673,(anonymous_116)
FN:685,(anonymous_117)
FNF:118
FNH:118
FNDA:1333,(anonymous_0)
FNDA:488,(anonymous_1)
FNDA:1445,(anonymous_2)
FNDA:916,(anonymous_3)
FNDA:916,(anonymous_4)
FNDA:916,(anonymous_5)
FNDA:31,(anonymous_6)
FNDA:947,(anonymous_7)
FNDA:173,(anonymous_8)
FNDA:18,(anonymous_9)
FNDA:635,(anonymous_10)
FNDA:144,(anonymous_11)
FNDA:359,(anonymous_12)
FNDA:371,(anonymous_13)
FNDA:7,(anonymous_14)
FNDA:5,(anonymous_15)
FNDA:163,(anonymous_16)
FNDA:183,(anonymous_17)
FNDA:198,(anonymous_18)
FNDA:18,(anonymous_19)
FNDA:255,(anonymous_20)
FNDA:443,(anonymous_21)
FNDA:179,(anonymous_22)
FNDA:336,(anonymous_23)
FNDA:32,(anonymous_24)
FNDA:18,(anonymous_25)
FNDA:211,(anonymous_26)
FNDA:31,(anonymous_27)
FNDA:22,(anonymous_28)
FNDA:10,(anonymous_29)
FNDA:7,(anonymous_30)
FNDA:12,(anonymous_31)
FNDA:5,(anonymous_32)
FNDA:3,(anonymous_33)
FNDA:20,(anonymous_34)
FNDA:5,(anonymous_35)
FNDA:9,(anonymous_36)
FNDA:33,(anonymous_37)
FNDA:7,(anonymous_38)
FNDA:5,(anonymous_39)
FNDA:25,(anonymous_40)
FNDA:7,(anonymous_41)
FNDA:5,(anonymous_42)
FNDA:25,(anonymous_43)
FNDA:48,(anonymous_44)
FNDA:45,(anonymous_45)
FNDA:131,(anonymous_46)
FNDA:8,(anonymous_47)
FNDA:5,(anonymous_48)
FNDA:14,(anonymous_49)
FNDA:10,(anonymous_50)
FNDA:40,(anonymous_51)
FNDA:11,(anonymous_52)
FNDA:9,(anonymous_53)
FNDA:34,(anonymous_54)
FNDA:34,(anonymous_55)
FNDA:34,(anonymous_56)
FNDA:5,(anonymous_57)
FNDA:40,(anonymous_58)
FNDA:6,(anonymous_59)
FNDA:410,(anonymous_60)
FNDA:358,(anonymous_61)
FNDA:7,(anonymous_62)
FNDA:21,(anonymous_63)
FNDA:16,(anonymous_64)
FNDA:6,(anonymous_65)
FNDA:15,(anonymous_66)
FNDA:128,(anonymous_67)
FNDA:2,(anonymous_68)
FNDA:40,(anonymous_69)
FNDA:2,(anonymous_70)
FNDA:14,(anonymous_71)
FNDA:65,(anonymous_72)
FNDA:5,(anonymous_73)
FNDA:2,(anonymous_74)
FNDA:6,(anonymous_75)
FNDA:10,(anonymous_76)
FNDA:7,(anonymous_77)
FNDA:53,(anonymous_78)
FNDA:5,(anonymous_79)
FNDA:2,(anonymous_80)
FNDA:8,(anonymous_81)
FNDA:212,(anonymous_82)
FNDA:116,(anonymous_83)
FNDA:169,(anonymous_84)
FNDA:53,(anonymous_85)
FNDA:756,(anonymous_86)
FNDA:85,(anonymous_87)
FNDA:352,(anonymous_88)
FNDA:117,(anonymous_89)
FNDA:14,(anonymous_90)
FNDA:36,(anonymous_91)
FNDA:7,(anonymous_92)
FNDA:7,(anonymous_93)
FNDA:18,(anonymous_94)
FNDA:33,(anonymous_95)
FNDA:154,(anonymous_96)
FNDA:14,(anonymous_97)
FNDA:71,(anonymous_98)
FNDA:3,(anonymous_99)
FNDA:9,(anonymous_100)
FNDA:29,(anonymous_101)
FNDA:4,(anonymous_102)
FNDA:22,(anonymous_103)
FNDA:4,(anonymous_104)
FNDA:22,(anonymous_105)
FNDA:7,(anonymous_106)
FNDA:48,(anonymous_107)
FNDA:4,(anonymous_108)
FNDA:5,(anonymous_109)
FNDA:40,(anonymous_110)
FNDA:4,(anonymous_111)
FNDA:31,(anonymous_112)
FNDA:54,(anonymous_113)
FNDA:54,(anonymous_114)
FNDA:18,(anonymous_115)
FNDA:29,(anonymous_116)
FNDA:29,(anonymous_117)
DA:1,50
DA:7,1333
DA:8,11
DA:10,1322
DA:11,292
DA:13,1030
DA:14,579
DA:15,579
DA:16,484
DA:17,484
DA:18,1067
DA:19,1067
DA:21,484
DA:23,95
DA:24,1
DA:25,1
DA:26,6
DA:27,6
DA:29,1
DA:31,94
DA:33,451
DA:40,1445
DA:41,39
DA:42,2
DA:44,37
DA:46,1406
DA:47,181
DA:49,1225
DA:59,916
DA:61,916
DA:62,1
DA:64,915
DA:65,175
DA:67,740
DA:71,916
DA:73,916
DA:74,1
DA:76,915
DA:77,202
DA:79,713
DA:83,916
DA:87,32
DA:90,884
DA:91,160
DA:94,724
DA:95,25
DA:102,699
DA:103,15
DA:106,684
DA:107,6
DA:110,678
DA:111,97
DA:114,581
DA:121,31
DA:122,5
DA:123,5
DA:125,31
DA:126,31
DA:127,27
DA:128,27
DA:129,247
DA:132,4
DA:133,4
DA:134,19
DA:137,31
DA:144,947
DA:145,937
DA:174,947
DA:181,173
DA:188,18
DA:189,18
DA:190,18
DA:197,635
DA:198,579
DA:200,635
DA:201,4
DA:203,631
DA:204,215
DA:205,214
DA:207,1
DA:209,416
DA:210,19
DA:211,17
DA:213,2
DA:215,397
DA:223,144
DA:224,2
DA:226,142
DA:227,142
DA:228,134
DA:230,8
DA:236,371
DA:240,7
DA:241,1
DA:243,6
DA:244,3
DA:246,5
DA:250,183
DA:254,198
DA:255,198
DA:256,28
DA:259,170
DA:260,12
DA:263,158
DA:264,8
DA:266,18
DA:271,150
DA:273,255
DA:275,443
DA:285,56
DA:287,94
DA:289,179
DA:291,336
DA:301,1
DA:303,93
DA:307,32
DA:311,18
DA:315,211
DA:319,31
DA:320,18
DA:322,13
DA:326,22
DA:330,10
DA:331,3
DA:333,7
DA:337,7
DA:344,12
DA:350,5
DA:351,3
DA:353,2
DA:354,3
DA:359,20
DA:360,17
DA:362,3
DA:363,5
DA:368,9
DA:369,1
DA:371,8
DA:372,2
DA:375,6
DA:376,6
DA:377,6
DA:378,20
DA:379,20
DA:380,33
DA:382,20
DA:383,12
DA:386,6
DA:390,7
DA:392,25
DA:398,7
DA:400,25
DA:406,48
DA:408,131
DA:414,8
DA:416,5
DA:422,14
DA:423,14
DA:425,10
DA:426,40
DA:432,11
DA:434,9
DA:435,34
DA:438,34
DA:439,34
DA:440,34
DA:449,5
DA:453,40
DA:457,6
DA:461,410
DA:465,358
DA:469,7
DA:472,21
DA:482,15
DA:483,16
DA:484,16
DA:485,16
DA:489,128
DA:490,9
DA:492,119
DA:493,19
DA:495,100
DA:500,40
DA:501,2
DA:503,65
DA:504,14
DA:505,10
DA:507,4
DA:513,5
DA:514,6
DA:519,10
DA:520,10
DA:521,53
DA:526,5
DA:527,8
DA:532,212
DA:533,166
DA:535,46
DA:540,116
DA:541,55
DA:543,61
DA:545,116
DA:549,169
DA:550,154
DA:552,15
DA:553,1
DA:555,14
DA:556,53
DA:561,756
DA:562,2
DA:564,754
DA:565,741
DA:567,13
DA:568,13
DA:569,1
DA:571,12
DA:575,85
DA:576,19
DA:578,66
DA:579,352
DA:587,117
DA:588,25
DA:590,92
DA:598,36
DA:602,7
DA:606,18
DA:610,154
DA:614,71
DA:618,3
DA:622,29
DA:626,22
DA:630,22
DA:634,7
DA:637,48
DA:638,4
DA:643,5
DA:646,40
DA:647,4
DA:652,31
DA:653,13
DA:655,31
DA:656,4
DA:658,27
DA:659,54
DA:663,54
DA:669,18
DA:670,4
DA:672,18
DA:674,29
DA:675,14
DA:677,15
DA:678,2
DA:680,13
DA:685,29
LF:254
LH:254
BRDA:6,0,0,310
BRDA:6,1,0,746
BRDA:7,2,0,11
BRDA:7,2,1,1322
BRDA:7,3,0,1333
BRDA:7,3,1,1330
BRDA:7,3,2,1328
BRDA:10,4,0,292
BRDA:10,4,1,1030
BRDA:13,5,0,579
BRDA:13,5,1,451
BRDA:15,6,0,484
BRDA:15,6,1,95
BRDA:15,7,0,579
BRDA:15,7,1,485
BRDA:23,8,0,1
BRDA:23,8,1,94
BRDA:23,9,0,95
BRDA:23,9,1,1
BRDA:39,10,0,44
BRDA:39,11,0,44
BRDA:40,12,0,39
BRDA:40,12,1,1406
BRDA:40,13,0,1445
BRDA:40,13,1,1435
BRDA:40,13,2,1416
BRDA:41,14,0,2
BRDA:41,14,1,37
BRDA:46,15,0,181
BRDA:46,15,1,1225
BRDA:58,16,0,68
BRDA:58,17,0,69
BRDA:61,18,0,1
BRDA:61,18,1,915
BRDA:64,19,0,175
BRDA:64,19,1,740
BRDA:64,20,0,915
BRDA:64,20,1,868
BRDA:73,21,0,1
BRDA:73,21,1,915
BRDA:76,22,0,202
BRDA:76,22,1,713
BRDA:76,23,0,915
BRDA:76,23,1,842
BRDA:83,24,0,32
BRDA:83,24,1,884
BRDA:83,25,0,916
BRDA:83,25,1,740
BRDA:83,25,2,623
BRDA:83,25,3,716
BRDA:83,25,4,607
BRDA:90,26,0,160
BRDA:90,26,1,724
BRDA:90,27,0,884
BRDA:90,27,1,167
BRDA:94,28,0,25
BRDA:94,28,1,699
BRDA:94,29,0,724
BRDA:94,29,1,717
BRDA:102,30,0,15
BRDA:102,30,1,684
BRDA:102,31,0,699
BRDA:102,31,1,698
BRDA:106,32,0,6
BRDA:106,32,1,678
BRDA:106,33,0,684
BRDA:106,33,1,683
BRDA:110,34,0,97
BRDA:110,34,1,581
BRDA:120,35,0,5
BRDA:120,36,0,12
BRDA:121,37,0,5
BRDA:121,37,1,26
BRDA:126,38,0,27
BRDA:126,38,1,4
BRDA:144,39,0,937
BRDA:144,39,1,10
BRDA:187,40,0,2
BRDA:189,41,0,2
BRDA:189,41,1,16
BRDA:196,42,0,418
BRDA:196,43,0,418
BRDA:196,44,0,418
BRDA:196,45,0,579
BRDA:197,46,0,579
BRDA:197,46,1,56
BRDA:200,47,0,4
BRDA:200,47,1,631
BRDA:200,48,0,635
BRDA:200,48,1,635
BRDA:200,48,2,633
BRDA:203,49,0,215
BRDA:203,49,1,416
BRDA:204,50,0,214
BRDA:204,50,1,1
BRDA:209,51,0,19
BRDA:209,51,1,397
BRDA:210,52,0,17
BRDA:210,52,1,2
BRDA:222,53,0,2
BRDA:222,54,0,125
BRDA:222,55,0,125
BRDA:223,56,0,2
BRDA:223,56,1,142
BRDA:227,57,0,134
BRDA:227,57,1,8
BRDA:240,58,0,1
BRDA:240,58,1,6
BRDA:243,59,0,3
BRDA:243,59,1,3
BRDA:253,60,0,9
BRDA:253,61,0,9
BRDA:255,62,0,28
BRDA:255,62,1,170
BRDA:259,63,0,12
BRDA:259,63,1,158
BRDA:259,64,0,170
BRDA:259,64,1,158
BRDA:263,65,0,8
BRDA:263,65,1,150
BRDA:271,66,0,56
BRDA:271,66,1,94
BRDA:287,67,0,1
BRDA:287,67,1,93
BRDA:306,68,0,30
BRDA:310,69,0,16
BRDA:319,70,0,18
BRDA:319,70,1,13
BRDA:325,71,0,1
BRDA:329,72,0,1
BRDA:330,73,0,3
BRDA:330,73,1,7
BRDA:336,74,0,7
BRDA:336,75,0,7
BRDA:343,76,0,12
BRDA:343,77,0,12
BRDA:350,78,0,3
BRDA:350,78,1,2
BRDA:359,79,0,17
BRDA:359,79,1,3
BRDA:368,80,0,1
BRDA:368,80,1,8
BRDA:371,81,0,2
BRDA:371,81,1,6
BRDA:382,82,0,12
BRDA:382,82,1,8
BRDA:389,83,0,6
BRDA:389,84,0,7
BRDA:392,85,0,18
BRDA:392,85,1,7
BRDA:397,86,0,6
BRDA:397,87,0,7
BRDA:400,88,0,21
BRDA:400,88,1,4
BRDA:405,89,0,47
BRDA:405,90,0,48
BRDA:413,91,0,7
BRDA:413,92,0,8
BRDA:421,93,0,7
BRDA:421,94,0,9
BRDA:421,95,0,10
BRDA:431,96,0,5
BRDA:431,97,0,6
BRDA:431,98,0,6
BRDA:448,99,0,5
BRDA:448,100,0,5
BRDA:448,101,0,5
BRDA:448,102,0,5
BRDA:452,103,0,39
BRDA:456,104,0,5
BRDA:460,105,0,5
BRDA:461,106,0,11
BRDA:461,106,1,399
BRDA:464,107,0,4
BRDA:468,108,0,6
BRDA:482,109,0,2
BRDA:482,110,0,3
BRDA:489,111,0,9
BRDA:489,111,1,119
BRDA:492,112,0,19
BRDA:492,112,1,100
BRDA:500,113,0,1
BRDA:500,114,0,1
BRDA:500,115,0,1
BRDA:504,116,0,10
BRDA:504,116,1,4
BRDA:512,117,0,3
BRDA:512,118,0,4
BRDA:518,119,0,3
BRDA:518,120,0,8
BRDA:518,121,0,9
BRDA:525,122,0,3
BRDA:525,123,0,4
BRDA:531,124,0,166
BRDA:531,125,0,212
BRDA:531,126,0,212
BRDA:532,127,0,166
BRDA:532,127,1,46
BRDA:538,128,0,55
BRDA:538,129,0,116
BRDA:538,130,0,116
BRDA:540,131,0,55
BRDA:540,131,1,61
BRDA:548,132,0,2
BRDA:549,133,0,154
BRDA:549,133,1,15
BRDA:552,134,0,1
BRDA:552,134,1,14
BRDA:556,135,0,31
BRDA:556,135,1,22
BRDA:561,136,0,2
BRDA:561,136,1,754
BRDA:561,137,0,756
BRDA:561,137,1,755
BRDA:561,137,2,754
BRDA:564,138,0,741
BRDA:564,138,1,13
BRDA:568,139,0,1
BRDA:568,139,1,12
BRDA:574,140,0,13
BRDA:575,141,0,19
BRDA:575,141,1,66
BRDA:587,142,0,25
BRDA:587,142,1,92
BRDA:597,143,0,2
BRDA:597,144,0,6
BRDA:597,145,0,7
BRDA:601,146,0,2
BRDA:601,147,0,6
BRDA:601,148,0,7
BRDA:605,149,0,2
BRDA:605,150,0,5
BRDA:605,151,0,6
BRDA:609,152,0,2
BRDA:609,153,0,31
BRDA:609,154,0,32
BRDA:613,155,0,2
BRDA:613,156,0,12
BRDA:617,157,0,3
BRDA:617,158,0,3
BRDA:621,159,0,3
BRDA:621,160,0,4
BRDA:621,161,0,5
BRDA:625,162,0,3
BRDA:625,163,0,4
BRDA:625,164,0,4
BRDA:629,165,0,3
BRDA:629,166,0,4
BRDA:629,167,0,4
BRDA:651,168,0,9
BRDA:651,169,0,13
BRDA:652,170,0,13
BRDA:652,170,1,18
BRDA:655,171,0,4
BRDA:655,171,1,27
BRDA:668,172,0,4
BRDA:669,173,0,4
BRDA:669,173,1,14
BRDA:674,174,0,14
BRDA:674,174,1,15
BRDA:674,175,0,29
BRDA:674,175,1,29
BRDA:677,176,0,2
BRDA:677,176,1,13
BRF:264
BRH:264
end_of_record
