TN:
SF:/var/www/html/npm-mapreducekv-js/index.js
FN:6,(anonymous_0)
FN:14,(anonymous_1)
FN:36,(anonymous_2)
FN:55,(anonymous_3)
FN:57,(anonymous_4)
FN:69,(anonymous_5)
FN:114,(anonymous_6)
FN:137,(anonymous_7)
FN:171,(anonymous_8)
FN:175,(anonymous_9)
FN:181,(anonymous_10)
FN:207,(anonymous_11)
FN:220,(anonymous_12)
FN:221,(anonymous_13)
FN:224,(anonymous_14)
FN:231,(anonymous_15)
FN:234,(anonymous_16)
FN:235,(anonymous_17)
FN:238,(anonymous_18)
FN:250,(anonymous_19)
FN:258,(anonymous_20)
FN:259,(anonymous_21)
FN:274,(anonymous_22)
FN:275,(anonymous_23)
FN:291,(anonymous_24)
FN:295,(anonymous_25)
FN:299,(anonymous_26)
FN:303,(anonymous_27)
FN:310,(anonymous_28)
FN:314,(anonymous_29)
FN:321,(anonymous_30)
FN:328,(anonymous_31)
FN:334,(anonymous_32)
FN:339,(anonymous_33)
FN:343,(anonymous_34)
FN:348,(anonymous_35)
FN:352,(anonymous_36)
FN:365,(anonymous_37)
FN:374,(anonymous_38)
FN:376,(anonymous_39)
FN:377,(anonymous_40)
FN:382,(anonymous_41)
FN:384,(anonymous_42)
FN:385,(anonymous_43)
FN:390,(anonymous_44)
FN:392,(anonymous_45)
FN:393,(anonymous_46)
FN:398,(anonymous_47)
FN:400,(anonymous_48)
FN:406,(anonymous_49)
FN:411,(anonymous_50)
FN:413,(anonymous_51)
FN:418,(anonymous_52)
FN:420,(anonymous_53)
FN:422,(anonymous_54)
FN:424,(anonymous_55)
FN:426,(anonymous_56)
FN:435,(anonymous_57)
FN:439,(anonymous_58)
FN:443,(anonymous_59)
FN:447,(anonymous_60)
FN:451,(anonymous_61)
FN:455,(anonymous_62)
FN:458,(anonymous_63)
FN:469,(anonymous_64)
FN:469,(anonymous_65)
FN:469,(anonymous_66)
FN:475,(anonymous_67)
FN:487,(anonymous_68)
FN:487,(anonymous_69)
FN:487,(anonymous_70)
FN:489,(anonymous_71)
FN:490,(anonymous_72)
FN:499,(anonymous_73)
FN:501,(anonymous_74)
FN:501,(anonymous_75)
FN:505,(anonymous_76)
FN:508,(anonymous_77)
FN:508,(anonymous_78)
FN:512,(anonymous_79)
FN:514,(anonymous_80)
FN:514,(anonymous_81)
FN:518,(anonymous_82)
FN:525,(anonymous_83)
FN:535,(anonymous_84)
FN:543,(anonymous_85)
FN:547,(anonymous_86)
FN:552,(anonymous_87)
FN:559,(anonymous_88)
FN:570,(anonymous_89)
FN:571,(anonymous_90)
FN:574,(anonymous_91)
FN:578,(anonymous_92)
FN:579,(anonymous_93)
FN:582,(anonymous_94)
FN:583,(anonymous_95)
FN:586,(anonymous_96)
FN:587,(anonymous_97)
FN:590,(anonymous_98)
FN:594,(anonymous_99)
FN:595,(anonymous_100)
FN:598,(anonymous_101)
FN:599,(anonymous_102)
FN:602,(anonymous_103)
FN:603,(anonymous_104)
FN:606,(anonymous_105)
FN:610,(anonymous_106)
FN:611,(anonymous_107)
FN:615,(anonymous_108)
FN:619,(anonymous_109)
FN:620,(anonymous_110)
FN:624,(anonymous_111)
FN:626,(anonymous_112)
FN:629,(anonymous_113)
FNF:114
FNH:114
FNDA:1272,(anonymous_0)
FNDA:430,(anonymous_1)
FNDA:1286,(anonymous_2)
FNDA:916,(anonymous_3)
FNDA:916,(anonymous_4)
FNDA:916,(anonymous_5)
FNDA:31,(anonymous_6)
FNDA:837,(anonymous_7)
FNDA:129,(anonymous_8)
FNDA:18,(anonymous_9)
FNDA:539,(anonymous_10)
FNDA:111,(anonymous_11)
FNDA:359,(anonymous_12)
FNDA:371,(anonymous_13)
FNDA:7,(anonymous_14)
FNDA:5,(anonymous_15)
FNDA:130,(anonymous_16)
FNDA:150,(anonymous_17)
FNDA:198,(anonymous_18)
FNDA:18,(anonymous_19)
FNDA:255,(anonymous_20)
FNDA:443,(anonymous_21)
FNDA:179,(anonymous_22)
FNDA:336,(anonymous_23)
FNDA:32,(anonymous_24)
FNDA:18,(anonymous_25)
FNDA:207,(anonymous_26)
FNDA:32,(anonymous_27)
FNDA:23,(anonymous_28)
FNDA:10,(anonymous_29)
FNDA:7,(anonymous_30)
FNDA:12,(anonymous_31)
FNDA:5,(anonymous_32)
FNDA:3,(anonymous_33)
FNDA:20,(anonymous_34)
FNDA:5,(anonymous_35)
FNDA:9,(anonymous_36)
FNDA:33,(anonymous_37)
FNDA:7,(anonymous_38)
FNDA:5,(anonymous_39)
FNDA:25,(anonymous_40)
FNDA:7,(anonymous_41)
FNDA:5,(anonymous_42)
FNDA:25,(anonymous_43)
FNDA:48,(anonymous_44)
FNDA:45,(anonymous_45)
FNDA:131,(anonymous_46)
FNDA:8,(anonymous_47)
FNDA:5,(anonymous_48)
FNDA:14,(anonymous_49)
FNDA:10,(anonymous_50)
FNDA:40,(anonymous_51)
FNDA:12,(anonymous_52)
FNDA:10,(anonymous_53)
FNDA:37,(anonymous_54)
FNDA:37,(anonymous_55)
FNDA:37,(anonymous_56)
FNDA:6,(anonymous_57)
FNDA:43,(anonymous_58)
FNDA:6,(anonymous_59)
FNDA:398,(anonymous_60)
FNDA:343,(anonymous_61)
FNDA:7,(anonymous_62)
FNDA:21,(anonymous_63)
FNDA:16,(anonymous_64)
FNDA:6,(anonymous_65)
FNDA:15,(anonymous_66)
FNDA:128,(anonymous_67)
FNDA:2,(anonymous_68)
FNDA:40,(anonymous_69)
FNDA:2,(anonymous_70)
FNDA:14,(anonymous_71)
FNDA:65,(anonymous_72)
FNDA:5,(anonymous_73)
FNDA:2,(anonymous_74)
FNDA:6,(anonymous_75)
FNDA:10,(anonymous_76)
FNDA:7,(anonymous_77)
FNDA:53,(anonymous_78)
FNDA:5,(anonymous_79)
FNDA:2,(anonymous_80)
FNDA:8,(anonymous_81)
FNDA:174,(anonymous_82)
FNDA:79,(anonymous_83)
FNDA:166,(anonymous_84)
FNDA:53,(anonymous_85)
FNDA:80,(anonymous_86)
FNDA:337,(anonymous_87)
FNDA:118,(anonymous_88)
FNDA:14,(anonymous_89)
FNDA:36,(anonymous_90)
FNDA:7,(anonymous_91)
FNDA:7,(anonymous_92)
FNDA:18,(anonymous_93)
FNDA:28,(anonymous_94)
FNDA:139,(anonymous_95)
FNDA:14,(anonymous_96)
FNDA:71,(anonymous_97)
FNDA:3,(anonymous_98)
FNDA:9,(anonymous_99)
FNDA:29,(anonymous_100)
FNDA:4,(anonymous_101)
FNDA:22,(anonymous_102)
FNDA:4,(anonymous_103)
FNDA:22,(anonymous_104)
FNDA:7,(anonymous_105)
FNDA:48,(anonymous_106)
FNDA:4,(anonymous_107)
FNDA:5,(anonymous_108)
FNDA:40,(anonymous_109)
FNDA:4,(anonymous_110)
FNDA:7,(anonymous_111)
FNDA:18,(anonymous_112)
FNDA:18,(anonymous_113)
DA:1,49
DA:7,1272
DA:8,11
DA:10,1261
DA:11,292
DA:13,969
DA:14,520
DA:15,520
DA:16,426
DA:17,426
DA:18,984
DA:19,984
DA:21,426
DA:23,94
DA:24,1
DA:25,1
DA:26,6
DA:27,6
DA:29,1
DA:31,93
DA:33,449
DA:37,1286
DA:38,39
DA:39,2
DA:41,37
DA:43,1247
DA:44,127
DA:46,1120
DA:56,916
DA:58,916
DA:59,1
DA:61,915
DA:62,175
DA:64,740
DA:68,916
DA:70,916
DA:71,1
DA:73,915
DA:74,202
DA:76,713
DA:80,916
DA:84,32
DA:87,884
DA:88,160
DA:91,724
DA:92,25
DA:99,699
DA:100,15
DA:103,684
DA:104,6
DA:107,678
DA:108,97
DA:111,581
DA:115,31
DA:116,5
DA:117,5
DA:119,31
DA:120,31
DA:121,27
DA:122,27
DA:123,247
DA:126,4
DA:127,4
DA:128,19
DA:131,31
DA:138,837
DA:139,826
DA:168,837
DA:172,129
DA:176,18
DA:177,18
DA:178,18
DA:182,539
DA:183,4
DA:185,535
DA:186,121
DA:187,120
DA:189,1
DA:191,414
DA:192,19
DA:193,17
DA:195,2
DA:197,395
DA:198,2
DA:200,393
DA:208,111
DA:209,2
DA:211,109
DA:212,109
DA:213,101
DA:215,8
DA:221,371
DA:225,7
DA:226,1
DA:228,6
DA:229,3
DA:231,5
DA:235,150
DA:239,198
DA:240,198
DA:241,28
DA:244,170
DA:245,12
DA:248,158
DA:249,8
DA:251,18
DA:256,150
DA:258,255
DA:260,443
DA:270,56
DA:272,94
DA:274,179
DA:276,336
DA:286,1
DA:288,93
DA:292,32
DA:296,18
DA:300,207
DA:304,32
DA:305,19
DA:307,13
DA:311,23
DA:315,10
DA:316,3
DA:318,7
DA:322,7
DA:329,12
DA:335,5
DA:336,3
DA:338,2
DA:339,3
DA:344,20
DA:345,17
DA:347,3
DA:348,5
DA:353,9
DA:354,1
DA:356,8
DA:357,2
DA:360,6
DA:361,6
DA:362,6
DA:363,20
DA:364,20
DA:365,33
DA:367,20
DA:368,12
DA:371,6
DA:375,7
DA:377,25
DA:383,7
DA:385,25
DA:391,48
DA:393,131
DA:399,8
DA:401,5
DA:407,14
DA:408,1
DA:410,14
DA:412,10
DA:413,40
DA:419,12
DA:421,10
DA:422,37
DA:425,37
DA:426,37
DA:427,37
DA:436,6
DA:440,43
DA:444,6
DA:448,398
DA:452,343
DA:456,7
DA:459,21
DA:469,15
DA:470,16
DA:471,16
DA:472,16
DA:476,128
DA:477,9
DA:479,119
DA:480,19
DA:482,100
DA:487,40
DA:488,2
DA:490,65
DA:491,14
DA:492,10
DA:494,4
DA:500,5
DA:501,6
DA:506,10
DA:507,10
DA:508,53
DA:513,5
DA:514,8
DA:519,174
DA:520,173
DA:522,1
DA:527,79
DA:528,55
DA:530,24
DA:532,79
DA:536,166
DA:537,151
DA:539,15
DA:540,1
DA:542,14
DA:543,53
DA:548,80
DA:549,18
DA:551,62
DA:552,337
DA:560,118
DA:561,25
DA:563,93
DA:571,36
DA:575,7
DA:579,18
DA:583,139
DA:587,71
DA:591,3
DA:595,29
DA:599,22
DA:603,22
DA:607,7
DA:610,48
DA:611,4
DA:616,5
DA:619,40
DA:620,4
DA:625,7
DA:626,18
DA:629,18
LF:234
LH:234
BRDA:6,0,0,305
BRDA:6,1,0,741
BRDA:7,2,0,11
BRDA:7,2,1,1261
BRDA:7,3,0,1272
BRDA:7,3,1,1269
BRDA:7,3,2,1267
BRDA:10,4,0,292
BRDA:10,4,1,969
BRDA:13,5,0,520
BRDA:13,5,1,449
BRDA:15,6,0,426
BRDA:15,6,1,94
BRDA:15,7,0,520
BRDA:15,7,1,427
BRDA:23,8,0,1
BRDA:23,8,1,93
BRDA:23,9,0,94
BRDA:23,9,1,1
BRDA:36,10,0,43
BRDA:36,11,0,43
BRDA:37,12,0,39
BRDA:37,12,1,1247
BRDA:37,13,0,1286
BRDA:37,13,1,1276
BRDA:37,13,2,1257
BRDA:38,14,0,2
BRDA:38,14,1,37
BRDA:43,15,0,127
BRDA:43,15,1,1120
BRDA:55,16,0,68
BRDA:55,17,0,69
BRDA:58,18,0,1
BRDA:58,18,1,915
BRDA:61,19,0,175
BRDA:61,19,1,740
BRDA:61,20,0,915
BRDA:61,20,1,868
BRDA:70,21,0,1
BRDA:70,21,1,915
BRDA:73,22,0,202
BRDA:73,22,1,713
BRDA:73,23,0,915
BRDA:73,23,1,842
BRDA:80,24,0,32
BRDA:80,24,1,884
BRDA:80,25,0,916
BRDA:80,25,1,740
BRDA:80,25,2,623
BRDA:80,25,3,716
BRDA:80,25,4,607
BRDA:87,26,0,160
BRDA:87,26,1,724
BRDA:87,27,0,884
BRDA:87,27,1,167
BRDA:91,28,0,25
BRDA:91,28,1,699
BRDA:91,29,0,724
BRDA:91,29,1,717
BRDA:99,30,0,15
BRDA:99,30,1,684
BRDA:99,31,0,699
BRDA:99,31,1,698
BRDA:103,32,0,6
BRDA:103,32,1,678
BRDA:103,33,0,684
BRDA:103,33,1,683
BRDA:107,34,0,97
BRDA:107,34,1,581
BRDA:114,35,0,5
BRDA:114,36,0,12
BRDA:115,37,0,5
BRDA:115,37,1,26
BRDA:120,38,0,27
BRDA:120,38,1,4
BRDA:138,39,0,826
BRDA:138,39,1,11
BRDA:175,40,0,2
BRDA:177,41,0,2
BRDA:177,41,1,16
BRDA:181,42,0,411
BRDA:181,43,0,411
BRDA:181,44,0,411
BRDA:182,45,0,4
BRDA:182,45,1,535
BRDA:182,46,0,539
BRDA:182,46,1,539
BRDA:182,46,2,537
BRDA:185,47,0,121
BRDA:185,47,1,414
BRDA:186,48,0,120
BRDA:186,48,1,1
BRDA:191,49,0,19
BRDA:191,49,1,395
BRDA:192,50,0,17
BRDA:192,50,1,2
BRDA:197,51,0,2
BRDA:197,51,1,393
BRDA:207,52,0,2
BRDA:207,53,0,92
BRDA:207,54,0,92
BRDA:208,55,0,2
BRDA:208,55,1,109
BRDA:212,56,0,101
BRDA:212,56,1,8
BRDA:225,57,0,1
BRDA:225,57,1,6
BRDA:228,58,0,3
BRDA:228,58,1,3
BRDA:238,59,0,9
BRDA:238,60,0,9
BRDA:240,61,0,28
BRDA:240,61,1,170
BRDA:244,62,0,12
BRDA:244,62,1,158
BRDA:244,63,0,170
BRDA:244,63,1,158
BRDA:248,64,0,8
BRDA:248,64,1,150
BRDA:256,65,0,56
BRDA:256,65,1,94
BRDA:272,66,0,1
BRDA:272,66,1,93
BRDA:291,67,0,30
BRDA:295,68,0,16
BRDA:304,69,0,19
BRDA:304,69,1,13
BRDA:310,70,0,1
BRDA:314,71,0,1
BRDA:315,72,0,3
BRDA:315,72,1,7
BRDA:321,73,0,7
BRDA:321,74,0,7
BRDA:328,75,0,12
BRDA:328,76,0,12
BRDA:335,77,0,3
BRDA:335,77,1,2
BRDA:344,78,0,17
BRDA:344,78,1,3
BRDA:353,79,0,1
BRDA:353,79,1,8
BRDA:356,80,0,2
BRDA:356,80,1,6
BRDA:367,81,0,12
BRDA:367,81,1,8
BRDA:374,82,0,6
BRDA:374,83,0,7
BRDA:377,84,0,18
BRDA:377,84,1,7
BRDA:382,85,0,6
BRDA:382,86,0,7
BRDA:385,87,0,21
BRDA:385,87,1,4
BRDA:390,88,0,47
BRDA:390,89,0,48
BRDA:398,90,0,7
BRDA:398,91,0,8
BRDA:406,92,0,7
BRDA:406,93,0,9
BRDA:406,94,0,10
BRDA:407,95,0,1
BRDA:407,95,1,13
BRDA:418,96,0,5
BRDA:418,97,0,6
BRDA:418,98,0,6
BRDA:435,99,0,5
BRDA:435,100,0,6
BRDA:435,101,0,6
BRDA:439,102,0,42
BRDA:443,103,0,5
BRDA:447,104,0,5
BRDA:448,105,0,11
BRDA:448,105,1,387
BRDA:451,106,0,4
BRDA:455,107,0,6
BRDA:469,108,0,2
BRDA:469,109,0,3
BRDA:476,110,0,9
BRDA:476,110,1,119
BRDA:479,111,0,19
BRDA:479,111,1,100
BRDA:487,112,0,1
BRDA:487,113,0,1
BRDA:487,114,0,1
BRDA:491,115,0,10
BRDA:491,115,1,4
BRDA:499,116,0,3
BRDA:499,117,0,4
BRDA:505,118,0,3
BRDA:505,119,0,8
BRDA:505,120,0,9
BRDA:512,121,0,3
BRDA:512,122,0,4
BRDA:518,123,0,173
BRDA:518,124,0,174
BRDA:518,125,0,174
BRDA:519,126,0,173
BRDA:519,126,1,1
BRDA:525,127,0,55
BRDA:525,128,0,79
BRDA:525,129,0,79
BRDA:527,130,0,55
BRDA:527,130,1,24
BRDA:535,131,0,2
BRDA:536,132,0,151
BRDA:536,132,1,15
BRDA:539,133,0,1
BRDA:539,133,1,14
BRDA:543,134,0,31
BRDA:543,134,1,22
BRDA:547,135,0,13
BRDA:548,136,0,18
BRDA:548,136,1,62
BRDA:560,137,0,25
BRDA:560,137,1,93
BRDA:570,138,0,2
BRDA:570,139,0,6
BRDA:570,140,0,7
BRDA:574,141,0,2
BRDA:574,142,0,6
BRDA:574,143,0,7
BRDA:578,144,0,2
BRDA:578,145,0,5
BRDA:578,146,0,6
BRDA:582,147,0,2
BRDA:582,148,0,26
BRDA:582,149,0,27
BRDA:586,150,0,2
BRDA:586,151,0,12
BRDA:590,152,0,3
BRDA:590,153,0,3
BRDA:594,154,0,3
BRDA:594,155,0,4
BRDA:594,156,0,5
BRDA:598,157,0,3
BRDA:598,158,0,4
BRDA:598,159,0,4
BRDA:602,160,0,3
BRDA:602,161,0,4
BRDA:602,162,0,4
BRF:240
BRH:240
end_of_record
